100taxa/DOI-10-13012-b2idb-5721322_v1/estimated/ntaxa-100.dlrate-0.0.psize-50000000: 100taxa/DOI-10-13012-b2idb-5721322_v1/estimated/ntaxa-100.dlrate-0.0.psize-50000000: Is a directory
100taxa/DOI-10-13012-b2idb-5721322_v1/estimated/ntaxa-100.dlrate-0.0.psize-50000000: 100taxa/DOI-10-13012-b2idb-5721322_v1/estimated/ntaxa-100.dlrate-0.0.psize-50000000: Is a directory
ASTRAL for PaRalogs and Orthologs III (ASTRAL-Pro3)
*** NOW with integrated CASTLES-Pro ***
Version: v1.22.3.6
Read 512 genetrees and found 100 species.
#Genetrees: 1000
#Duploss: 0
#Species: 100
#Rounds: 4
#Samples: 4
#Threads: 1
Use two-step algorithm!
Guide Tree 0/16
#NNI moves:0/152
Guide Tree 1/16
#NNI moves:0/152
Guide Tree 2/16
#NNI moves:0/152
Guide Tree 3/16
#NNI moves:0/152
Guide Tree 4/16
#NNI moves:0/152
Guide Tree 5/16
#NNI moves:0/152
Guide Tree 6/16
#NNI moves:0/152
Guide Tree 7/16
#NNI moves:0/152
Guide Tree 8/16
#NNI moves:0/152
Guide Tree 9/16
#NNI moves:0/152
Guide Tree 10/16
#NNI moves:0/152
Guide Tree 11/16
#NNI moves:0/152
Guide Tree 12/16
#NNI moves:0/152
Guide Tree 13/16
#NNI moves:0/152
Guide Tree 14/16
#NNI moves:0/152
Guide Tree 15/16
#NNI moves:0/152
Remaining: 0
#NNI moves:0/152
#NNI moves:0/152
((((((((((((((66,28),(99,14)),83),61),(67,42)),((88,81),(82,62))),(37,38)),(((((((72,64),78),(((((29,(60,27)),45),((26,56),53)),80),((43,13),((95,92),100)))),(((22,48),(85,46)),((84,59),(74,73)))),(98,54)),((((87,(90,21)),79),75),((((35,(55,69)),34),((86,40),70)),(24,65)))),((57,(32,96)),(89,49)))),((63,(19,58)),((93,20),((47,52),(25,31))))),((((39,17),(41,33)),(((15,68),76),(18,51))),((((((23,50),44),(16,71)),97),77),(91,((30,94),36))))),(((3,12),((((11,1),8),(6,9)),10)),7)),2),4),5);
Guide Tree 0/16
#NNI moves:0/152
Guide Tree 1/16
#NNI moves:0/152
Guide Tree 2/16
#NNI moves:0/152
Guide Tree 3/16
#NNI moves:0/152
Guide Tree 4/16
#NNI moves:0/152
Guide Tree 5/16
#NNI moves:0/152
Guide Tree 6/16
#NNI moves:0/152
Guide Tree 7/16
#NNI moves:0/152
Guide Tree 8/16
#NNI moves:0/152
Guide Tree 9/16
#NNI moves:0/152
Guide Tree 10/16
#NNI moves:0/152
Guide Tree 11/16
#NNI moves:0/152
Guide Tree 12/16
#NNI moves:0/152
Guide Tree 13/16
#NNI moves:0/152
Guide Tree 14/16
#NNI moves:0/152
Guide Tree 15/16
#NNI moves:0/152
Remaining: 0
#NNI moves:0/152
#NNI moves:0/152
((((((((((((((((95,92),100),(13,43)),(((53,(26,56)),(((60,27),29),45)),80)),(78,(72,64))),(((46,85),(48,22)),((59,84),(74,73)))),(98,54)),((((87,(90,21)),79),75),((((40,86),70),(((55,69),35),34)),(65,24)))),(((96,32),57),(89,49))),((((67,42),((((66,28),(14,99)),83),61)),((62,82),(81,88))),(38,37))),((((31,25),(52,47)),(93,20)),(63,(58,19)))),((((97,(((23,50),44),(71,16))),77),(((30,94),36),91)),((((68,15),76),(51,18)),((33,41),(17,39))))),(((((9,6),(8,(11,1))),10),(3,12)),7)),2),4),5);
Guide Tree 0/16
#NNI moves:0/152
Guide Tree 1/16
#NNI moves:0/152
Guide Tree 2/16
#NNI moves:0/152
Guide Tree 3/16
#NNI moves:0/152
Guide Tree 4/16
#NNI moves:0/152
Guide Tree 5/16
#NNI moves:0/152
Guide Tree 6/16
#NNI moves:0/152
Guide Tree 7/16
#NNI moves:0/152
Guide Tree 8/16
#NNI moves:0/152
Guide Tree 9/16
#NNI moves:0/152
Guide Tree 10/16
#NNI moves:0/152
Guide Tree 11/16
#NNI moves:0/152
Guide Tree 12/16
#NNI moves:0/152
Guide Tree 13/16
#NNI moves:0/152
Guide Tree 14/16
#NNI moves:0/152
Guide Tree 15/16
#NNI moves:0/152
Remaining: 0
#NNI moves:0/152
#NNI moves:0/152
((((((((((((24,65),((70,(40,86)),(34,((69,55),35)))),(((87,(90,21)),79),75)),(((((((92,95),100),(13,43)),(80,(((29,(60,27)),45),((56,26),53)))),((72,64),78)),(((46,85),(48,22)),((84,59),(74,73)))),(54,98))),((89,49),((32,96),57))),(((((((99,14),(66,28)),83),61),(67,42)),((82,62),(88,81))),(37,38))),((((31,25),(52,47)),(93,20)),((19,58),63))),(((((((50,23),44),(16,71)),97),77),(91,(36,(30,94)))),(((18,51),(76,(68,15))),((39,17),(41,33))))),(((((9,6),((11,1),8)),10),(12,3)),7)),2),4),5);
Guide Tree 0/16
#NNI moves:0/152
Guide Tree 1/16
#NNI moves:0/152
Guide Tree 2/16
#NNI moves:0/152
Guide Tree 3/16
#NNI moves:0/152
Guide Tree 4/16
#NNI moves:0/152
Guide Tree 5/16
#NNI moves:0/152
Guide Tree 6/16
#NNI moves:0/152
Guide Tree 7/16
#NNI moves:0/152
Guide Tree 8/16
#NNI moves:0/152
Guide Tree 9/16
#NNI moves:0/152
Guide Tree 10/16
#NNI moves:0/152
Guide Tree 11/16
#NNI moves:0/152
Guide Tree 12/16
#NNI moves:0/152
Guide Tree 13/16
#NNI moves:0/152
Guide Tree 14/16
#NNI moves:0/152
Guide Tree 15/16
#NNI moves:0/152
Remaining: 0
#NNI moves:0/152
#NNI moves:0/152
((((((((((((((90,21),87),79),75),(((((69,55),35),34),((40,86),70)),(65,24))),((((((100,(95,92)),(43,13)),(((53,(56,26)),((29,(27,60)),45)),80)),((72,64),78)),(((85,46),(22,48)),((73,74),(59,84)))),(98,54))),(((32,96),57),(89,49))),((((81,88),(82,62)),(((((14,99),(66,28)),83),61),(67,42))),(38,37))),(((20,93),((47,52),(31,25))),(63,(58,19)))),((((17,39),(33,41)),((51,18),((15,68),76))),(((((44,(50,23)),(16,71)),97),77),(((94,30),36),91)))),(((10,(((1,11),8),(6,9))),(12,3)),7)),2),4),5);
Initial score: 3.83199e+09
Initial tree: ((((((((((((((90,21),87),79),75),(((((69,55),35),34),((40,86),70)),(65,24))),((((((100,(95,92)),(43,13)),(((53,(56,26)),((29,(27,60)),45)),80)),((72,64),78)),(((85,46),(22,48)),((73,74),(59,84)))),(98,54))),(((32,96),57),(89,49))),((((81,88),(82,62)),(((((14,99),(66,28)),83),61),(67,42))),(38,37))),(((20,93),((47,52),(31,25))),(63,(58,19)))),((((17,39),(33,41)),((51,18),((15,68),76))),(((((44,(50,23)),(16,71)),97),77),(((94,30),36),91)))),(((10,(((1,11),8),(6,9))),(12,3)),7)),2),4),5);
*** Subsample Process ***
Use two-step algorithm!
#NNI moves:0/152
Remaining: 0
#NNI moves:0/152
#NNI moves:0/152
((((((((((((((((((50,23),44),(16,71)),97),77),((36,(30,94)),91)),(((39,17),(41,33)),(((15,68),76),(51,18)))),(((4,5),2),((((((1,11),8),(9,6)),10),(12,3)),7))),((((47,52),(31,25)),(93,20)),((19,58),63))),(((((((66,28),(99,14)),83),61),(42,67)),((82,62),(81,88))),(37,38))),(((32,96),57),(49,89))),(((((72,64),78),((((((60,27),29),45),((56,26),53)),80),((13,43),(100,(92,95))))),(((85,46),(48,22)),((84,59),(74,73)))),(98,54))),(((70,(40,86)),(34,((69,55),35))),(65,24))),75),79),87),21),90);
#NNI moves:0/152
Remaining: 0
#NNI moves:0/152
#NNI moves:0/152
(((((((((((((((((56,26),53),(((60,27),29),45)),80),((100,(92,95)),(13,43))),(78,(64,72))),(((85,46),(22,48)),((73,74),(84,59)))),(54,98)),(((79,(87,(90,21))),75),(((70,(40,86)),(34,((69,55),35))),(24,65)))),((57,(32,96)),(49,89))),((((82,62),(88,81)),(((((14,99),(28,66)),83),61),(67,42))),(37,38))),((((25,31),(47,52)),(93,20)),((19,58),63))),(((((((23,50),44),(16,71)),97),77),(((94,30),36),91)),((((15,68),76),(18,51)),((17,39),(33,41))))),(7,((3,12),(((9,6),((1,11),8)),10)))),2),5),4);
#NNI moves:0/152
Remaining: 0
#NNI moves:0/152
#NNI moves:0/152
((((((((((((((((((44,(23,50)),(16,71)),97),77),(((94,30),36),91)),(((41,33),(17,39)),((76,(68,15)),(18,51)))),((((3,12),(((8,(1,11)),(9,6)),10)),7),((5,4),2))),((((25,31),(47,52)),(93,20)),((58,19),63))),(((((((66,28),(14,99)),83),61),(67,42)),((82,62),(88,81))),(38,37))),(((96,32),57),(89,49))),(((((90,21),87),79),75),(((((55,69),35),34),(70,(86,40))),(24,65)))),(54,98)),(((85,46),(22,48)),((73,74),(84,59)))),((64,72),78)),(((((60,27),29),45),((56,26),53)),80)),((92,95),100)),13),43);
#NNI moves:0/152
Remaining: 0
#NNI moves:0/152
#NNI moves:0/152
((((((((((((((34,(35,(55,69))),((86,40),70)),(65,24)),(75,(79,((21,90),87)))),(((((72,64),78),((80,(((26,56),53),(((27,60),29),45))),((43,13),(100,(95,92))))),(((59,84),(74,73)),((22,48),(46,85)))),(98,54))),(((32,96),57),(89,49))),(((((((66,28),(14,99)),83),61),(42,67)),((81,88),(62,82))),(37,38))),(((20,93),((31,25),(47,52))),((19,58),63))),((((39,17),(33,41)),((18,51),(76,(15,68)))),((((94,30),36),91),(((((50,23),44),(16,71)),97),77)))),(2,(4,5))),7),(((6,9),((1,11),8)),10)),12),3);
Current score: 3.83199e+09
Current tree: ((4,(2,((((((((((34,(35,(55,69))),((86,40),70)),(65,24)),(75,(79,((21,90),87)))),(((((72,64),78),((80,(((26,56),53),(((27,60),29),45))),((43,13),(100,(95,92))))),(((59,84),(74,73)),((22,48),(46,85)))),(98,54))),(((32,96),57),(89,49))),(((((((66,28),(14,99)),83),61),(42,67)),((81,88),(62,82))),(37,38))),(((20,93),((31,25),(47,52))),((19,58),63))),((((39,17),(33,41)),((18,51),(76,(15,68)))),((((94,30),36),91),(((((50,23),44),(16,71)),97),77)))),(7,((((6,9),((1,11),8)),10),(12,3)))))),5);
Final Tree: ((4,(2,((((((((((34,(35,(55,69))),((86,40),70)),(65,24)),(75,(79,((21,90),87)))),(((((72,64),78),((80,(((26,56),53),(((27,60),29),45))),((43,13),(100,(95,92))))),(((59,84),(74,73)),((22,48),(46,85)))),(98,54))),(((32,96),57),(89,49))),(((((((66,28),(14,99)),83),61),(42,67)),((81,88),(62,82))),(37,38))),(((20,93),((31,25),(47,52))),((19,58),63))),((((39,17),(33,41)),((18,51),(76,(15,68)))),((((94,30),36),91),(((((50,23),44),(16,71)),97),77)))),(7,((((6,9),((1,11),8)),10),(12,3)))))),5);
#EqQuartets: 3921225000
Score: 3831989029
ASTRAL for PaRalogs and Orthologs III (ASTRAL-Pro3)
*** NOW with integrated CASTLES-Pro ***
Version: v1.22.3.6
Read 512 genetrees and found 100 species.
#Genetrees: 1000
#Duploss: 0
#Species: 100
#Rounds: 4
#Samples: 4
#Threads: 1
Use two-step algorithm!
Guide Tree 0/16
#NNI moves:0/152
Guide Tree 1/16
#NNI moves:0/152
Guide Tree 2/16
#NNI moves:0/152
Guide Tree 3/16
#NNI moves:0/152
Guide Tree 4/16
#NNI moves:0/152
Guide Tree 5/16
#NNI moves:0/152
Guide Tree 6/16
#NNI moves:0/152
Guide Tree 7/16
#NNI moves:0/152
Guide Tree 8/16
#NNI moves:0/152
Guide Tree 9/16
#NNI moves:0/152
Guide Tree 10/16
#NNI moves:0/152
Guide Tree 11/16
#NNI moves:0/152
Guide Tree 12/16
#NNI moves:0/152
Guide Tree 13/16
#NNI moves:0/152
Guide Tree 14/16
#NNI moves:0/152
Guide Tree 15/16
#NNI moves:0/152
Remaining: 0
#NNI moves:0/152
#NNI moves:0/152
((((((((((((((18,(2,67)),14),((76,(((27,26),16),72)),((11,40),53))),(66,((57,32),(((6,44),56),52)))),((((21,58),(((7,61),(69,36)),(70,62))),(((1,78),49),65)),29)),((((77,12),73),3),(20,(9,17)))),(((((((63,68),48),(80,24)),5),((59,42),(25,46))),(((51,35),50),(((((4,(15,34)),41),(((30,45),((28,13),79)),(((64,10),54),23))),((33,43),19)),(8,(74,39))))),(55,(75,31)))),(((22,71),(47,60)),(38,37))),((88,89),(100,82))),99),((((91,92),86),83),98)),(((((85,95),90),84),93),((81,87),96))),97),94);
Guide Tree 0/16
#NNI moves:0/152
Guide Tree 1/16
#NNI moves:0/152
Guide Tree 2/16
#NNI moves:0/152
Guide Tree 3/16
#NNI moves:0/152
Guide Tree 4/16
#NNI moves:0/152
Guide Tree 5/16
#NNI moves:0/152
Guide Tree 6/16
#NNI moves:0/152
Guide Tree 7/16
#NNI moves:0/152
Guide Tree 8/16
#NNI moves:0/152
Guide Tree 9/16
#NNI moves:0/152
Guide Tree 10/16
#NNI moves:0/152
Guide Tree 11/16
#NNI moves:0/152
Guide Tree 12/16
#NNI moves:0/152
Guide Tree 13/16
#NNI moves:0/152
Guide Tree 14/16
#NNI moves:0/152
Guide Tree 15/16
#NNI moves:0/152
Remaining: 0
#NNI moves:0/152
#NNI moves:0/152
(((((((((((((((((79,(28,13)),(45,30)),(23,((10,64),54))),(41,((15,34),4))),((33,43),19)),((74,39),8)),(50,(51,35))),(((((68,63),48),(80,24)),5),((42,59),(25,46)))),((75,31),55)),((((((18,(67,2)),14),(((72,(16,(27,26))),76),((40,11),53))),(((((44,6),56),52),(57,32)),66)),((((21,58),((62,70),((36,69),(7,61)))),((49,(78,1)),65)),29)),(((17,9),20),(((12,77),73),3)))),((37,38),((22,71),(60,47)))),((100,82),(89,88))),99),((((91,92),86),83),98)),((93,(((95,85),90),84)),(96,(81,87)))),97),94);
Guide Tree 0/16
#NNI moves:0/152
Guide Tree 1/16
#NNI moves:0/152
Guide Tree 2/16
#NNI moves:0/152
Guide Tree 3/16
#NNI moves:0/152
Guide Tree 4/16
#NNI moves:0/152
Guide Tree 5/16
#NNI moves:0/152
Guide Tree 6/16
#NNI moves:0/152
Guide Tree 7/16
#NNI moves:0/152
Guide Tree 8/16
#NNI moves:0/152
Guide Tree 9/16
#NNI moves:0/152
Guide Tree 10/16
#NNI moves:0/152
Guide Tree 11/16
#NNI moves:0/152
Guide Tree 12/16
#NNI moves:0/152
Guide Tree 13/16
#NNI moves:0/152
Guide Tree 14/16
#NNI moves:0/152
Guide Tree 15/16
#NNI moves:0/152
Remaining: 0
#NNI moves:0/152
#NNI moves:0/152
((((((((((((((((16,(26,27)),72),76),((11,40),53)),(((2,67),18),14)),(((57,32),(52,((44,6),56))),66)),(((((70,62),((61,7),(69,36))),(21,58)),(((78,1),49),65)),29)),(((17,9),20),(((12,77),73),3))),(((((((33,43),19),(((23,(54,(10,64))),((79,(28,13)),(45,30))),(((15,34),4),41))),((39,74),8)),((51,35),50)),(((((68,63),48),(80,24)),5),((59,42),(25,46)))),((31,75),55))),((38,37),((71,22),(60,47)))),((89,88),(82,100))),99),((((92,91),86),83),98)),((93,(((85,95),90),84)),((81,87),96))),97),94);
Guide Tree 0/16
#NNI moves:0/152
Guide Tree 1/16
#NNI moves:0/152
Guide Tree 2/16
#NNI moves:0/152
Guide Tree 3/16
#NNI moves:0/152
Guide Tree 4/16
#NNI moves:0/152
Guide Tree 5/16
#NNI moves:0/152
Guide Tree 6/16
#NNI moves:0/152
Guide Tree 7/16
#NNI moves:0/152
Guide Tree 8/16
#NNI moves:0/152
Guide Tree 9/16
#NNI moves:0/152
Guide Tree 10/16
#NNI moves:0/152
Guide Tree 11/16
#NNI moves:0/152
Guide Tree 12/16
#NNI moves:0/152
Guide Tree 13/16
#NNI moves:0/152
Guide Tree 14/16
#NNI moves:0/152
Guide Tree 15/16
#NNI moves:0/152
Remaining: 0
#NNI moves:0/152
#NNI moves:0/152
((((((((((((((39,74),8),(((43,33),19),((((79,(13,28)),(30,45)),(((64,10),54),23)),((4,(15,34)),41)))),((51,35),50)),((((24,80),((68,63),48)),5),((46,25),(42,59)))),((31,75),55)),(((((((((26,27),16),72),76),(53,(11,40))),(14,(18,(67,2)))),((((56,(6,44)),52),(57,32)),66)),((((49,(1,78)),65),((((7,61),(36,69)),(62,70)),(21,58))),29)),((20,(17,9)),(((77,12),73),3)))),(((60,47),(71,22)),(38,37))),((89,88),(100,82))),99),(((86,(92,91)),83),98)),((96,(81,87)),(((90,(95,85)),84),93))),97),94);
Initial score: 3.69154e+09
Initial tree: ((((((((((((((39,74),8),(((43,33),19),((((79,(13,28)),(30,45)),(((64,10),54),23)),((4,(15,34)),41)))),((51,35),50)),((((24,80),((68,63),48)),5),((46,25),(42,59)))),((31,75),55)),(((((((((26,27),16),72),76),(53,(11,40))),(14,(18,(67,2)))),((((56,(6,44)),52),(57,32)),66)),((((49,(1,78)),65),((((7,61),(36,69)),(62,70)),(21,58))),29)),((20,(17,9)),(((77,12),73),3)))),(((60,47),(71,22)),(38,37))),((89,88),(100,82))),99),(((86,(92,91)),83),98)),((96,(81,87)),(((90,(95,85)),84),93))),97),94);
*** Subsample Process ***
Use two-step algorithm!
#NNI moves:0/152
Remaining: 0
#NNI moves:0/152
#NNI moves:0/152
(((((((((((((((21,58),(((69,36),(7,61)),(62,70))),(((78,1),49),65)),29),((((52,((6,44),56)),(32,57)),66),((((((26,27),16),72),76),((11,40),53)),(((67,2),18),14)))),((20,(17,9)),(((12,77),73),3))),(((((98,((86,(92,91)),83)),((((81,87),96),(((90,(95,85)),84),93)),(97,94))),99),((88,89),(82,100))),(((71,22),(47,60)),(37,38)))),(55,(31,75))),((5,((48,(68,63)),(80,24))),((59,42),(25,46)))),((51,35),50)),((39,74),8)),(((((28,13),79),(30,45)),((54,(10,64)),23)),(41,(4,(34,15))))),19),33),43);
#NNI moves:0/152
Remaining: 0
#NNI moves:0/152
#NNI moves:0/152
((((((((((((((11,40),53),((((27,26),16),72),76)),(14,(18,(67,2)))),((((56,(44,6)),52),(57,32)),66)),((((((61,7),(69,36)),(70,62)),(58,21)),(((78,1),49),65)),29)),(((9,17),20),(3,(73,(12,77))))),((((((39,74),8),(((((34,15),4),41),(((30,45),((28,13),79)),((54,(64,10)),23))),((33,43),19))),(50,(35,51))),((5,(((63,68),48),(80,24))),((46,25),(59,42)))),(55,(31,75)))),(((22,71),(47,60)),(37,38))),((88,89),(100,82))),99),((((84,(90,(85,95))),93),(96,(87,81))),(97,94))),(83,((91,92),86))),98);
#NNI moves:0/152
Remaining: 0
#NNI moves:0/152
#NNI moves:0/152
(((((((((((((((((11,40),53),((72,((26,27),16)),76)),((18,(67,2)),14)),((((56,(44,6)),52),(57,32)),66)),((((21,58),(((36,69),(61,7)),(70,62))),(((1,78),49),65)),29)),(((9,17),20),((73,(12,77)),3))),(((((((43,33),19),(((((64,10),54),23),(((28,13),79),(30,45))),(41,((34,15),4)))),((39,74),8)),((35,51),50)),((5,(((63,68),48),(80,24))),((46,25),(59,42)))),((75,31),55))),(((47,60),(22,71)),(38,37))),((82,100),(89,88))),99),((((91,92),86),83),98)),(94,97)),((84,((95,85),90)),93)),96),81),87);
#NNI moves:0/152
Remaining: 0
#NNI moves:0/152
#NNI moves:0/152
((((((((((((((((7,61),(69,36)),(62,70)),(21,58)),(((1,78),49),65)),29),(((((((26,27),16),72),76),(53,(40,11))),(14,((2,67),18))),((((56,(6,44)),52),(57,32)),66))),((3,(73,(77,12))),((17,9),20))),(((((((((30,45),((13,28),79)),(((64,10),54),23)),(((15,34),4),41)),(19,(43,33))),(8,(74,39))),((51,35),50)),((((24,80),((63,68),48)),5),((42,59),(25,46)))),(55,(75,31)))),((38,37),((71,22),(47,60)))),((89,88),(82,100))),99),((((91,92),86),83),98)),(((81,87),96),(93,((90,(85,95)),84)))),94),97);
Current score: 3.69154e+09
Current tree: ((((((((((((((((7,61),(69,36)),(62,70)),(21,58)),(((1,78),49),65)),29),(((((((26,27),16),72),76),(53,(40,11))),(14,((2,67),18))),((((56,(6,44)),52),(57,32)),66))),((3,(73,(77,12))),((17,9),20))),(((((((((30,45),((13,28),79)),(((64,10),54),23)),(((15,34),4),41)),(19,(43,33))),(8,(74,39))),((51,35),50)),((((24,80),((63,68),48)),5),((42,59),(25,46)))),(55,(75,31)))),((38,37),((71,22),(47,60)))),((89,88),(82,100))),99),((((91,92),86),83),98)),(((81,87),96),(93,((90,(85,95)),84)))),97),94);
Final Tree: ((((((((((((((((7,61),(69,36)),(62,70)),(21,58)),(((1,78),49),65)),29),(((((((26,27),16),72),76),(53,(40,11))),(14,((2,67),18))),((((56,(6,44)),52),(57,32)),66))),((3,(73,(77,12))),((17,9),20))),(((((((((30,45),((13,28),79)),(((64,10),54),23)),(((15,34),4),41)),(19,(43,33))),(8,(74,39))),((51,35),50)),((((24,80),((63,68),48)),5),((42,59),(25,46)))),(55,(75,31)))),((38,37),((71,22),(47,60)))),((89,88),(82,100))),99),((((91,92),86),83),98)),(((81,87),96),(93,((90,(85,95)),84)))),97),94);
#EqQuartets: 3921225000
Score: 3691544383
ASTRAL for PaRalogs and Orthologs III (ASTRAL-Pro3)
*** NOW with integrated CASTLES-Pro ***
Version: v1.22.3.6
Read 512 genetrees and found 100 species.
#Genetrees: 1000
#Duploss: 0
#Species: 100
#Rounds: 4
#Samples: 4
#Threads: 1
Use two-step algorithm!
Guide Tree 0/16
#NNI moves:0/152
Guide Tree 1/16
#NNI moves:0/152
Guide Tree 2/16
#NNI moves:0/152
Guide Tree 3/16
#NNI moves:0/152
Guide Tree 4/16
#NNI moves:0/152
Guide Tree 5/16
#NNI moves:0/152
Guide Tree 6/16
#NNI moves:0/152
Guide Tree 7/16
#NNI moves:0/152
Guide Tree 8/16
#NNI moves:0/152
Guide Tree 9/16
#NNI moves:0/152
Guide Tree 10/16
#NNI moves:0/152
Guide Tree 11/16
#NNI moves:0/152
Guide Tree 12/16
#NNI moves:0/152
Guide Tree 13/16
#NNI moves:0/152
Guide Tree 14/16
#NNI moves:0/152
Guide Tree 15/16
#NNI moves:0/152
Remaining: 0
#NNI moves:0/152
#NNI moves:0/152
((((((((((((((((((74,16),73),2),38),85),(95,(82,(78,(6,37))))),(((88,17),(((32,58),40),92)),((48,80),64))),(61,((8,28),(71,69)))),(((((24,7),81),20),((39,41),63)),(31,62))),(15,(44,23))),(((72,3),(54,86)),(93,((((1,60),90),29),34)))),((((((5,43),(50,33)),9),(67,(12,65))),((((53,84),51),75),21)),((((76,77),((13,52),91)),(19,68)),((26,30),(49,47))))),(((((((46,((18,57),(42,70))),(87,25)),22),(83,(27,66))),(((55,4),10),36)),(14,35)),(89,59))),((((79,56),11),94),(96,45))),97),100),99),98);
Guide Tree 0/16
#NNI moves:0/152
Guide Tree 1/16
#NNI moves:0/152
Guide Tree 2/16
#NNI moves:0/152
Guide Tree 3/16
#NNI moves:0/152
Guide Tree 4/16
#NNI moves:0/152
Guide Tree 5/16
#NNI moves:0/152
Guide Tree 6/16
#NNI moves:0/152
Guide Tree 7/16
#NNI moves:0/152
Guide Tree 8/16
#NNI moves:0/152
Guide Tree 9/16
#NNI moves:0/152
Guide Tree 10/16
#NNI moves:0/152
Guide Tree 11/16
#NNI moves:0/152
Guide Tree 12/16
#NNI moves:0/152
Guide Tree 13/16
#NNI moves:0/152
Guide Tree 14/16
#NNI moves:0/152
Guide Tree 15/16
#NNI moves:0/152
Remaining: 0
#NNI moves:0/152
#NNI moves:0/152
(((((((((((((((38,(2,((74,16),73))),85),((82,((6,37),78)),95)),((((40,(32,58)),92),(17,88)),(64,(80,48)))),(((71,69),(8,28)),61)),(((20,((7,24),81)),((39,41),63)),(62,31))),(15,(44,23))),(((72,3),(86,54)),(93,(((90,(1,60)),29),34)))),((((((43,5),(50,33)),9),((65,12),67)),((((84,53),51),75),21)),(((30,26),(49,47)),(((91,(13,52)),(76,77)),(19,68))))),(((((((((70,42),(57,18)),46),(25,87)),22),(83,(66,27))),(((4,55),10),36)),(14,35)),(89,59))),(((11,(56,79)),94),(45,96))),97),100),99),98);
Guide Tree 0/16
#NNI moves:0/152
Guide Tree 1/16
#NNI moves:0/152
Guide Tree 2/16
#NNI moves:0/152
Guide Tree 3/16
#NNI moves:0/152
Guide Tree 4/16
#NNI moves:0/152
Guide Tree 5/16
#NNI moves:0/152
Guide Tree 6/16
#NNI moves:0/152
Guide Tree 7/16
#NNI moves:0/152
Guide Tree 8/16
#NNI moves:0/152
Guide Tree 9/16
#NNI moves:0/152
Guide Tree 10/16
#NNI moves:0/152
Guide Tree 11/16
#NNI moves:0/152
Guide Tree 12/16
#NNI moves:0/152
Guide Tree 13/16
#NNI moves:0/152
Guide Tree 14/16
#NNI moves:0/152
Guide Tree 15/16
#NNI moves:0/152
Remaining: 0
#NNI moves:0/152
#NNI moves:0/152
(((((((((((((((((58,32),40),92),(17,88)),((80,48),64)),(((38,(((74,16),73),2)),85),(95,((78,(37,6)),82)))),(61,((69,71),(8,28)))),((((39,41),63),((81,(24,7)),20)),(31,62))),(15,(44,23))),(((54,86),(72,3)),(((((60,1),90),29),34),93))),((((((43,5),(50,33)),9),((65,12),67)),((((84,53),51),75),21)),((((76,77),(91,(52,13))),(68,19)),((26,30),(49,47))))),(((((83,(66,27)),(((((57,18),(70,42)),46),(25,87)),22)),(36,(10,(55,4)))),(35,14)),(89,59))),((96,45),(((56,79),11),94))),97),100),99),98);
Guide Tree 0/16
#NNI moves:0/152
Guide Tree 1/16
#NNI moves:0/152
Guide Tree 2/16
#NNI moves:0/152
Guide Tree 3/16
#NNI moves:0/152
Guide Tree 4/16
#NNI moves:0/152
Guide Tree 5/16
#NNI moves:0/152
Guide Tree 6/16
#NNI moves:0/152
Guide Tree 7/16
#NNI moves:0/152
Guide Tree 8/16
#NNI moves:0/152
Guide Tree 9/16
#NNI moves:0/152
Guide Tree 10/16
#NNI moves:0/152
Guide Tree 11/16
#NNI moves:0/152
Guide Tree 12/16
#NNI moves:0/152
Guide Tree 13/16
#NNI moves:0/152
Guide Tree 14/16
#NNI moves:0/152
Guide Tree 15/16
#NNI moves:0/152
Remaining: 0
#NNI moves:0/152
#NNI moves:0/152
(((((((((((((((80,48),64),((17,88),(((58,32),40),92))),((((2,((16,74),73)),38),85),(95,(((6,37),78),82)))),(((28,8),(69,71)),61)),((((41,39),63),(((7,24),81),20)),(31,62))),((44,23),15)),(((86,54),(72,3)),(((((1,60),90),29),34),93))),((((((52,13),91),(76,77)),(68,19)),((47,49),(30,26))),((((12,65),67),(9,((43,5),(50,33)))),((75,((53,84),51)),21)))),((((36,((55,4),10)),((((((70,42),(57,18)),46),(87,25)),22),((27,66),83))),(14,35)),(59,89))),(((11,(79,56)),94),(45,96))),97),100),99),98);
Initial score: 3.64489e+09
Initial tree: (((((((((((((((80,48),64),((17,88),(((58,32),40),92))),((((2,((16,74),73)),38),85),(95,(((6,37),78),82)))),(((28,8),(69,71)),61)),((((41,39),63),(((7,24),81),20)),(31,62))),((44,23),15)),(((86,54),(72,3)),(((((1,60),90),29),34),93))),((((((52,13),91),(76,77)),(68,19)),((47,49),(30,26))),((((12,65),67),(9,((43,5),(50,33)))),((75,((53,84),51)),21)))),((((36,((55,4),10)),((((((70,42),(57,18)),46),(87,25)),22),((27,66),83))),(14,35)),(59,89))),(((11,(79,56)),94),(45,96))),97),100),99),98);
*** Subsample Process ***
Use two-step algorithm!
#NNI moves:0/152
Remaining: 0
#NNI moves:0/152
#NNI moves:0/152
((((((((((((((((75,((84,53),51)),21),((9,((33,50),(43,5))),((65,12),67))),((((91,(52,13)),(76,77)),(68,19)),((26,30),(49,47)))),((((((((((18,57),(42,70)),46),(25,87)),22),((27,66),83)),(36,((55,4),10))),(14,35)),(89,59)),(((((56,79),11),94),(45,96)),(((99,98),100),97)))),((((29,(90,(1,60))),34),93),((3,72),(54,86)))),((44,23),15)),((((41,39),63),(((7,24),81),20)),(31,62))),(((69,71),(8,28)),61)),((95,((78,(37,6)),82)),(((((16,74),73),2),38),85))),((48,80),64)),(88,17)),92),40),32),58);
#NNI moves:0/152
Remaining: 0
#NNI moves:0/152
#NNI moves:0/152
(((((((((((((((88,17),(((32,58),40),92)),((48,80),64)),(((((73,(16,74)),2),38),85),((82,((6,37),78)),95))),(((28,8),(71,69)),61)),((31,62),(((81,(24,7)),20),(63,(39,41))))),(15,(23,44))),(((86,54),(72,3)),(((((60,1),90),29),34),93))),((((((52,13),91),(77,76)),(68,19)),((47,49),(26,30))),(((9,((5,43),(50,33))),(67,(65,12))),(((51,(84,53)),75),21)))),(((((83,(27,66)),(((25,87),(((18,57),(42,70)),46)),22)),(((55,4),10),36)),(14,35)),(89,59))),((((56,79),11),94),(96,45))),97),100),98),99);
#NNI moves:0/152
Remaining: 0
#NNI moves:0/152
#NNI moves:0/152
((((((((((((((9,((5,43),(50,33))),(67,(65,12))),((75,((84,53),51)),21)),((((77,76),((52,13),91)),(68,19)),((47,49),(26,30)))),(((((((4,55),10),36),((((87,25),(((18,57),(70,42)),46)),22),((27,66),83))),(14,35)),(89,59)),((97,((98,99),100)),((((79,56),11),94),(96,45))))),(((72,3),(86,54)),(93,(((90,(60,1)),29),34)))),(15,(44,23))),((31,62),((20,((24,7),81)),((41,39),63)))),(((28,8),(69,71)),61)),((((78,(37,6)),82),95),(((2,(73,(16,74))),38),85))),((92,((32,58),40)),(17,88))),64),80),48);
#NNI moves:0/152
Remaining: 0
#NNI moves:0/152
#NNI moves:0/152
(((((((((((((81,(7,24)),20),((41,39),63)),(62,31)),((((95,(((6,37),78),82)),(((2,((16,74),73)),38),85)),(((92,((58,32),40)),(17,88)),((48,80),64))),(((28,8),(71,69)),61))),(15,(23,44))),((93,((((1,60),90),29),34)),((86,54),(3,72)))),(((((12,65),67),(((5,43),(33,50)),9)),(((51,(53,84)),75),21)),((((76,77),(91,(13,52))),(19,68)),((30,26),(49,47))))),((((((27,66),83),(((((42,70),(18,57)),46),(87,25)),22)),(((55,4),10),36)),(35,14)),(89,59))),(97,(100,(99,98)))),(((79,56),11),94)),96),45);
Current score: 3.64489e+09
Current tree: ((99,(100,(97,((((((((((81,(7,24)),20),((41,39),63)),(62,31)),((((95,(((6,37),78),82)),(((2,((16,74),73)),38),85)),(((92,((58,32),40)),(17,88)),((48,80),64))),(((28,8),(71,69)),61))),(15,(23,44))),((93,((((1,60),90),29),34)),((86,54),(3,72)))),(((((12,65),67),(((5,43),(33,50)),9)),(((51,(53,84)),75),21)),((((76,77),(91,(13,52))),(19,68)),((30,26),(49,47))))),((((((27,66),83),(((((42,70),(18,57)),46),(87,25)),22)),(((55,4),10),36)),(35,14)),(89,59))),((((79,56),11),94),(96,45)))))),98);
Final Tree: ((99,(100,(97,((((((((((81,(7,24)),20),((41,39),63)),(62,31)),((((95,(((6,37),78),82)),(((2,((16,74),73)),38),85)),(((92,((58,32),40)),(17,88)),((48,80),64))),(((28,8),(71,69)),61))),(15,(23,44))),((93,((((1,60),90),29),34)),((86,54),(3,72)))),(((((12,65),67),(((5,43),(33,50)),9)),(((51,(53,84)),75),21)),((((76,77),(91,(13,52))),(19,68)),((30,26),(49,47))))),((((((27,66),83),(((((42,70),(18,57)),46),(87,25)),22)),(((55,4),10),36)),(35,14)),(89,59))),((((79,56),11),94),(96,45)))))),98);
#EqQuartets: 3921225000
Score: 3644887205
ASTRAL for PaRalogs and Orthologs III (ASTRAL-Pro3)
*** NOW with integrated CASTLES-Pro ***
Version: v1.22.3.6
Read 512 genetrees and found 100 species.
#Genetrees: 1000
#Duploss: 0
#Species: 100
#Rounds: 4
#Samples: 4
#Threads: 1
Use two-step algorithm!
Guide Tree 0/16
#NNI moves:0/152
Guide Tree 1/16
#NNI moves:0/152
Guide Tree 2/16
#NNI moves:0/152
Guide Tree 3/16
#NNI moves:0/152
Guide Tree 4/16
#NNI moves:0/152
Guide Tree 5/16
#NNI moves:0/152
Guide Tree 6/16
#NNI moves:0/152
Guide Tree 7/16
#NNI moves:0/152
Guide Tree 8/16
#NNI moves:0/152
Guide Tree 9/16
#NNI moves:0/152
Guide Tree 10/16
#NNI moves:0/152
Guide Tree 11/16
#NNI moves:0/152
Guide Tree 12/16
#NNI moves:0/152
Guide Tree 13/16
#NNI moves:0/152
Guide Tree 14/16
#NNI moves:0/152
Guide Tree 15/16
#NNI moves:0/152
Remaining: 0
#NNI moves:0/152
#NNI moves:0/152
((((((((((((((42,(15,32)),(74,31)),(25,50)),47),((93,16),9)),(54,(95,((76,(41,75)),34)))),(((((12,((24,46),99)),((69,11),(26,81))),65),(71,73)),(28,(83,35)))),(((((((96,13),(36,58)),(63,94)),(64,51)),(((14,(84,77)),19),((21,92),80))),((((88,85),78),98),61)),((62,90),(((39,18),59),10)))),(((((((((91,79),89),68),(48,52)),67),(38,(87,(53,27)))),(57,((43,72),70))),((17,(23,22)),(82,60))),((((((((((29,56),66),(44,33)),(100,37)),(55,20)),45),86),8),(30,49)),(97,40)))),(2,3)),1),(4,7)),6),5);
Guide Tree 0/16
#NNI moves:0/152
Guide Tree 1/16
#NNI moves:0/152
Guide Tree 2/16
#NNI moves:0/152
Guide Tree 3/16
#NNI moves:0/152
Guide Tree 4/16
#NNI moves:0/152
Guide Tree 5/16
#NNI moves:0/152
Guide Tree 6/16
#NNI moves:0/152
Guide Tree 7/16
#NNI moves:0/152
Guide Tree 8/16
#NNI moves:0/152
Guide Tree 9/16
#NNI moves:0/152
Guide Tree 10/16
#NNI moves:0/152
Guide Tree 11/16
#NNI moves:0/152
Guide Tree 12/16
#NNI moves:0/152
Guide Tree 13/16
#NNI moves:0/152
Guide Tree 14/16
#NNI moves:0/152
Guide Tree 15/16
#NNI moves:0/152
Remaining: 0
#NNI moves:0/152
#NNI moves:0/152
((((((((((((((96,13),(58,36)),(63,94)),(51,64)),(((92,21),80),(((84,77),14),19))),((98,(78,(85,88))),61)),((62,90),((59,(39,18)),10))),((((((((32,15),42),(31,74)),(25,50)),47),((93,16),9)),(((((75,41),76),34),95),54)),(((((((46,24),99),12),((81,26),(11,69))),65),(73,71)),((83,35),28)))),((((((((89,(79,91)),68),(52,48)),67),(((53,27),87),38)),((70,(43,72)),57)),((60,82),((22,23),17))),(((((((((33,44),(66,(56,29))),(100,37)),(20,55)),45),86),8),(49,30)),(40,97)))),(2,3)),1),(7,4)),6),5);
Guide Tree 0/16
#NNI moves:0/152
Guide Tree 1/16
#NNI moves:0/152
Guide Tree 2/16
#NNI moves:0/152
Guide Tree 3/16
#NNI moves:0/152
Guide Tree 4/16
#NNI moves:0/152
Guide Tree 5/16
#NNI moves:0/152
Guide Tree 6/16
#NNI moves:0/152
Guide Tree 7/16
#NNI moves:0/152
Guide Tree 8/16
#NNI moves:0/152
Guide Tree 9/16
#NNI moves:0/152
Guide Tree 10/16
#NNI moves:0/152
Guide Tree 11/16
#NNI moves:0/152
Guide Tree 12/16
#NNI moves:0/152
Guide Tree 13/16
#NNI moves:0/152
Guide Tree 14/16
#NNI moves:0/152
Guide Tree 15/16
#NNI moves:0/152
Remaining: 0
#NNI moves:0/152
#NNI moves:0/152
(((((((((((((76,(41,75)),34),95),54),((((((32,15),42),(74,31)),(50,25)),47),(9,(93,16)))),(((((((24,46),99),12),((11,69),(81,26))),65),(73,71)),(28,(35,83)))),((((((21,92),80),(((77,84),14),19)),((((36,58),(13,96)),(94,63)),(64,51))),(((78,(85,88)),98),61)),((62,90),(((18,39),59),10)))),((((((((20,55),((100,37),(((29,56),66),(33,44)))),45),86),8),(49,30)),(97,40)),(((((((89,(79,91)),68),(48,52)),67),(38,(87,(27,53)))),(57,(70,(72,43)))),((60,82),((22,23),17))))),(2,3)),1),(7,4)),6),5);
Guide Tree 0/16
#NNI moves:0/152
Guide Tree 1/16
#NNI moves:0/152
Guide Tree 2/16
#NNI moves:0/152
Guide Tree 3/16
#NNI moves:0/152
Guide Tree 4/16
#NNI moves:0/152
Guide Tree 5/16
#NNI moves:0/152
Guide Tree 6/16
#NNI moves:0/152
Guide Tree 7/16
#NNI moves:0/152
Guide Tree 8/16
#NNI moves:0/152
Guide Tree 9/16
#NNI moves:0/152
Guide Tree 10/16
#NNI moves:0/152
Guide Tree 11/16
#NNI moves:0/152
Guide Tree 12/16
#NNI moves:0/152
Guide Tree 13/16
#NNI moves:0/152
Guide Tree 14/16
#NNI moves:0/152
Guide Tree 15/16
#NNI moves:0/152
Remaining: 0
#NNI moves:0/152
#NNI moves:0/152
((((((((((((((31,74),((15,32),42)),(50,25)),47),((16,93),9)),(((((41,75),76),34),95),54)),((((((11,69),(81,26)),((99,(24,46)),12)),65),(73,71)),((83,35),28))),(((10,((39,18),59)),(90,62)),((((64,51),(((13,96),(58,36)),(63,94))),(((14,(77,84)),19),((92,21),80))),((98,((85,88),78)),61)))),((((((72,43),70),57),((67,((48,52),((89,(91,79)),68))),(38,((27,53),87)))),(((23,22),17),(60,82))),(((((((((33,44),((29,56),66)),(100,37)),(20,55)),45),86),8),(30,49)),(40,97)))),(2,3)),1),(7,4)),6),5);
Initial score: 3.80602e+09
Initial tree: ((((((((((((((31,74),((15,32),42)),(50,25)),47),((16,93),9)),(((((41,75),76),34),95),54)),((((((11,69),(81,26)),((99,(24,46)),12)),65),(73,71)),((83,35),28))),(((10,((39,18),59)),(90,62)),((((64,51),(((13,96),(58,36)),(63,94))),(((14,(77,84)),19),((92,21),80))),((98,((85,88),78)),61)))),((((((72,43),70),57),((67,((48,52),((89,(91,79)),68))),(38,((27,53),87)))),(((23,22),17),(60,82))),(((((((((33,44),((29,56),66)),(100,37)),(20,55)),45),86),8),(30,49)),(40,97)))),(2,3)),1),(7,4)),6),5);
*** Subsample Process ***
Use two-step algorithm!
#NNI moves:0/152
Remaining: 0
#NNI moves:0/152
#NNI moves:0/152
(((((((((((((((70,(72,43)),57),((((48,52),(((79,91),89),68)),67),((87,(53,27)),38))),(((23,22),17),(60,82))),(((((((((66,(56,29)),(44,33)),(37,100)),(55,20)),45),86),8),(30,49)),(97,40))),((((6,5),(7,4)),1),(2,3))),(((((19,((84,77),14)),(80,(92,21))),((((96,13),(58,36)),(94,63)),(64,51))),(((78,(85,88)),98),61)),((90,62),(((39,18),59),10)))),((((((99,(46,24)),12),((69,11),(81,26))),65),(71,73)),((35,83),28))),(((((41,75),76),34),95),54)),(9,(93,16))),47),(50,25)),((15,32),42)),31),74);
#NNI moves:0/152
Remaining: 0
#NNI moves:0/152
#NNI moves:0/152
((((((((((((((13,96),(58,36)),(94,63)),(51,64)),((((77,84),14),19),((21,92),80))),(((78,(85,88)),98),61)),((62,90),(((39,18),59),10))),((((((12,(99,(46,24))),((69,11),(81,26))),65),(71,73)),((83,35),28)),(((95,(34,(76,(41,75)))),54),((((25,50),(((32,15),42),(31,74))),47),((93,16),9))))),((((((72,43),70),57),((((48,52),(((91,79),89),68)),67),(((27,53),87),38))),((82,60),((23,22),17))),((((((((37,100),((66,(29,56)),(44,33))),(55,20)),45),86),8),(30,49)),(97,40)))),(3,2)),1),(4,7)),5),6);
#NNI moves:0/152
Remaining: 0
#NNI moves:0/152
#NNI moves:0/152
(((((((((((((((((48,52),(((91,79),89),68)),67),(38,((27,53),87))),(57,((72,43),70))),((82,60),((23,22),17))),(((((45,((55,20),(((66,(56,29)),(33,44)),(37,100)))),86),8),(30,49)),(40,97))),((1,((7,4),(5,6))),(2,3))),(((((((69,11),(81,26)),(((24,46),99),12)),65),(73,71)),((83,35),28)),((((((75,41),76),34),95),54),((47,(((31,74),((15,32),42)),(25,50))),(9,(93,16)))))),((((18,39),59),10),(90,62))),((((88,85),78),98),61)),((((84,77),14),19),((21,92),80))),(64,51)),(94,63)),(58,36)),13),96);
#NNI moves:0/152
Remaining: 0
#NNI moves:0/152
#NNI moves:0/152
(((((((((((14,(84,77)),19),((92,21),80)),((((13,96),(36,58)),(94,63)),(64,51))),((((85,88),78),98),61)),((((39,18),59),10),(90,62))),(((((((41,75),76),34),95),54),(((((74,31),((32,15),42)),(50,25)),47),((16,93),9))),(((((((24,46),99),12),((69,11),(26,81))),65),(73,71)),((83,35),28)))),(((((67,((52,48),(((91,79),89),68))),(((53,27),87),38)),(57,(70,(43,72)))),((60,82),((23,22),17))),((((((((100,37),((44,33),(66,(29,56)))),(55,20)),45),86),8),(30,49)),(97,40)))),(3,2)),((7,4),(6,5))),1);
Current score: 3.80602e+09
Current tree: ((6,((7,4),((((((((((14,(84,77)),19),((92,21),80)),((((13,96),(36,58)),(94,63)),(64,51))),((((85,88),78),98),61)),((((39,18),59),10),(90,62))),(((((((41,75),76),34),95),54),(((((74,31),((32,15),42)),(50,25)),47),((16,93),9))),(((((((24,46),99),12),((69,11),(26,81))),65),(73,71)),((83,35),28)))),(((((67,((52,48),(((91,79),89),68))),(((53,27),87),38)),(57,(70,(43,72)))),((60,82),((23,22),17))),((((((((100,37),((44,33),(66,(29,56)))),(55,20)),45),86),8),(30,49)),(97,40)))),(3,2)),1))),5);
Final Tree: ((6,((7,4),((((((((((14,(84,77)),19),((92,21),80)),((((13,96),(36,58)),(94,63)),(64,51))),((((85,88),78),98),61)),((((39,18),59),10),(90,62))),(((((((41,75),76),34),95),54),(((((74,31),((32,15),42)),(50,25)),47),((16,93),9))),(((((((24,46),99),12),((69,11),(26,81))),65),(73,71)),((83,35),28)))),(((((67,((52,48),(((91,79),89),68))),(((53,27),87),38)),(57,(70,(43,72)))),((60,82),((23,22),17))),((((((((100,37),((44,33),(66,(29,56)))),(55,20)),45),86),8),(30,49)),(97,40)))),(3,2)),1))),5);
#EqQuartets: 3921225000
Score: 3806018273
ASTRAL for PaRalogs and Orthologs III (ASTRAL-Pro3)
*** NOW with integrated CASTLES-Pro ***
Version: v1.22.3.6
Read 512 genetrees and found 100 species.
#Genetrees: 1000
#Duploss: 0
#Species: 100
#Rounds: 4
#Samples: 4
#Threads: 1
Use two-step algorithm!
Guide Tree 0/16
#NNI moves:0/152
Guide Tree 1/16
#NNI moves:0/152
Guide Tree 2/16
#NNI moves:0/152
Guide Tree 3/16
#NNI moves:0/152
Guide Tree 4/16
#NNI moves:0/152
Guide Tree 5/16
#NNI moves:0/152
Guide Tree 6/16
#NNI moves:0/152
Guide Tree 7/16
#NNI moves:0/152
Guide Tree 8/16
#NNI moves:0/152
Guide Tree 9/16
#NNI moves:0/152
Guide Tree 10/16
#NNI moves:0/152
Guide Tree 11/16
#NNI moves:0/152
Guide Tree 12/16
#NNI moves:0/152
Guide Tree 13/16
#NNI moves:0/152
Guide Tree 14/16
#NNI moves:0/152
Guide Tree 15/16
#NNI moves:0/152
Remaining: 0
#NNI moves:0/152
#NNI moves:0/152
((((((((((((((((93,(87,57)),(70,60)),84),(74,67)),47),((((78,49),50),((62,76),89)),96)),((((90,((48,65),51)),(71,82)),99),79)),54),((((((52,56),((100,88),61)),((69,(53,55)),(83,94))),(((63,(92,(80,68))),((59,46),64)),(((58,85),(66,((73,77),45))),95))),((86,72),((91,97),81))),(98,75))),((((36,18),12),27),((((38,26),(((29,15),(22,11)),(30,40))),((23,39),25)),13))),(((14,7),33),((21,(37,10)),(31,19)))),((9,20),((6,((34,3),8)),1))),((((5,(16,(32,44))),(35,42)),(24,2)),43)),(28,41)),17),4);
Guide Tree 0/16
#NNI moves:0/152
Guide Tree 1/16
#NNI moves:0/152
Guide Tree 2/16
#NNI moves:0/152
Guide Tree 3/16
#NNI moves:0/152
Guide Tree 4/16
#NNI moves:0/152
Guide Tree 5/16
#NNI moves:0/152
Guide Tree 6/16
#NNI moves:0/152
Guide Tree 7/16
#NNI moves:0/152
Guide Tree 8/16
#NNI moves:0/152
Guide Tree 9/16
#NNI moves:0/152
Guide Tree 10/16
#NNI moves:0/152
Guide Tree 11/16
#NNI moves:0/152
Guide Tree 12/16
#NNI moves:0/152
Guide Tree 13/16
#NNI moves:0/152
Guide Tree 14/16
#NNI moves:0/152
Guide Tree 15/16
#NNI moves:0/152
Remaining: 0
#NNI moves:0/152
#NNI moves:0/152
((((((((((((((((65,48),51),90),(82,71)),99),79),((((89,(62,76)),((49,78),50)),96),(((67,74),(((70,60),((87,57),93)),84)),47))),54),((((((52,56),((88,100),61)),((69,(55,53)),(94,83))),((((46,59),64),(63,((80,68),92))),((((45,(73,77)),66),(58,85)),95))),(((97,91),81),(86,72))),(75,98))),(((((38,26),(((11,22),(15,29)),(40,30))),(25,(23,39))),13),(((18,36),12),27))),(((19,31),((10,37),21)),((7,14),33))),(((((34,3),8),6),1),(9,20))),((((42,35),(((44,32),16),5)),(24,2)),43)),(41,28)),17),4);
Guide Tree 0/16
#NNI moves:0/152
Guide Tree 1/16
#NNI moves:0/152
Guide Tree 2/16
#NNI moves:0/152
Guide Tree 3/16
#NNI moves:0/152
Guide Tree 4/16
#NNI moves:0/152
Guide Tree 5/16
#NNI moves:0/152
Guide Tree 6/16
#NNI moves:0/152
Guide Tree 7/16
#NNI moves:0/152
Guide Tree 8/16
#NNI moves:0/152
Guide Tree 9/16
#NNI moves:0/152
Guide Tree 10/16
#NNI moves:0/152
Guide Tree 11/16
#NNI moves:0/152
Guide Tree 12/16
#NNI moves:0/152
Guide Tree 13/16
#NNI moves:0/152
Guide Tree 14/16
#NNI moves:0/152
Guide Tree 15/16
#NNI moves:0/152
Remaining: 0
#NNI moves:0/152
#NNI moves:0/152
(((((((((((((((((73,77),45),66),(58,85)),95),((((68,80),92),63),((46,59),64))),((((100,88),61),(52,56)),(((53,55),69),(83,94)))),(((91,97),81),(72,86))),(98,75)),((((((89,(62,76)),(50,(49,78))),96),((((((87,57),93),(60,70)),84),(74,67)),47)),((((((65,48),51),90),(82,71)),99),79)),54)),(((((38,26),(((11,22),(15,29)),(40,30))),((39,23),25)),13),(((36,18),12),27))),(((21,(10,37)),(31,19)),((7,14),33))),((9,20),(1,((8,(34,3)),6)))),((((42,35),(5,((44,32),16))),(24,2)),43)),(41,28)),17),4);
Guide Tree 0/16
#NNI moves:2/152
Guide Tree 1/16
#NNI moves:2/152
Guide Tree 2/16
#NNI moves:2/152
Guide Tree 3/16
#NNI moves:0/152
Guide Tree 4/16
#NNI moves:0/152
Guide Tree 5/16
#NNI moves:2/152
Guide Tree 6/16
#NNI moves:0/152
Guide Tree 7/16
#NNI moves:0/152
Guide Tree 8/16
#NNI moves:0/152
Guide Tree 9/16
#NNI moves:0/152
Guide Tree 10/16
#NNI moves:0/152
Guide Tree 11/16
#NNI moves:0/152
Guide Tree 12/16
#NNI moves:0/152
Guide Tree 13/16
#NNI moves:2/152
Guide Tree 14/16
#NNI moves:0/152
Guide Tree 15/16
#NNI moves:0/152
Remaining: 0
#NNI moves:0/152
#NNI moves:0/152
((((((((((((((((60,70),(93,(87,57))),84),(74,67)),47),(((50,(78,49)),((76,62),89)),96)),(((((51,(65,48)),90),(71,82)),99),79)),54),((((((((68,80),92),63),(64,(59,46))),(((((77,73),45),66),(58,85)),95)),(((94,83),(69,(53,55))),((61,(88,100)),(52,56)))),((81,(91,97)),(86,72))),(75,98))),(((((26,38),(((29,15),(11,22)),(30,40))),((23,39),25)),13),(((36,18),12),27))),((33,(7,14)),((19,31),((10,37),21)))),((1,(((3,34),8),6)),(9,20))),((((((44,32),16),5),(35,42)),(24,2)),43)),(41,28)),17),4);
Initial score: 3.58657e+09
Initial tree: ((((((((((((((((60,70),(93,(87,57))),84),(74,67)),47),(((50,(78,49)),((76,62),89)),96)),(((((51,(65,48)),90),(71,82)),99),79)),54),((((((((68,80),92),63),(64,(59,46))),(((((77,73),45),66),(58,85)),95)),(((94,83),(69,(53,55))),((61,(88,100)),(52,56)))),((81,(91,97)),(86,72))),(75,98))),(((((26,38),(((29,15),(11,22)),(30,40))),((23,39),25)),13),(((36,18),12),27))),((33,(7,14)),((19,31),((10,37),21)))),((1,(((3,34),8),6)),(9,20))),((((((44,32),16),5),(35,42)),(24,2)),43)),(41,28)),17),4);
*** Subsample Process ***
Use two-step algorithm!
#NNI moves:0/152
Remaining: 0
#NNI moves:0/152
#NNI moves:0/152
((((((((((((((((26,38),(((29,15),(22,11)),(40,30))),((23,39),25)),13),(((18,36),12),27)),((((9,20),((6,(8,(34,3))),1)),(((17,4),(41,28)),((((((32,44),16),5),(35,42)),(24,2)),43))),(((31,19),((10,37),21)),((7,14),33)))),((((((52,56),((88,100),61)),(((53,55),69),(94,83))),((95,((((77,73),45),66),(85,58))),(((59,46),64),(63,(92,(80,68)))))),((81,(97,91)),(86,72))),(98,75))),54),((((71,82),(((65,48),51),90)),99),79)),(((50,(49,78)),((62,76),89)),96)),47),(67,74)),84),(60,70)),(57,87)),93);
#NNI moves:0/152
Remaining: 0
#NNI moves:0/152
#NNI moves:0/152
((((((((((((((63,(92,(68,80))),(64,(46,59))),(((66,((73,77),45)),(58,85)),95)),((((53,55),69),(83,94)),((61,(88,100)),(56,52)))),((72,86),(81,(97,91)))),(98,75)),((((((((60,70),((57,87),93)),84),(67,74)),47),(((50,(78,49)),((76,62),89)),96)),((((((48,65),51),90),(71,82)),99),79)),54)),(((((38,26),(((29,15),(22,11)),(30,40))),((23,39),25)),13),(((18,36),12),27))),(((31,19),(21,(10,37))),((7,14),33))),(((6,((34,3),8)),1),(20,9))),(((((16,(32,44)),5),(42,35)),(2,24)),43)),(28,41)),4),17);
#NNI moves:0/152
Remaining: 0
#NNI moves:0/152
#NNI moves:0/152
(((((((((((((((26,38),((30,40),((22,11),(29,15)))),((39,23),25)),13),(((18,36),12),27)),((((20,9),(((8,(34,3)),6),1)),((43,(((((44,32),16),5),(35,42)),(24,2))),((41,28),(4,17)))),(((14,7),33),((31,19),(21,(37,10)))))),((((((74,67),((((57,87),93),(60,70)),84)),47),(((50,(78,49)),((76,62),89)),96)),((((((48,65),51),90),(71,82)),99),79)),54)),(75,98)),((72,86),((91,97),81))),((((53,55),69),(83,94)),((52,56),((88,100),61)))),((((45,(77,73)),66),(58,85)),95)),(64,(46,59))),63),(68,80)),92);
#NNI moves:0/152
Remaining: 0
#NNI moves:0/152
#NNI moves:0/152
((((((((((((((((87,57),93),(70,60)),84),(74,67)),47),(96,(((62,76),89),((78,49),50)))),(((((51,(65,48)),90),(71,82)),99),79)),54),((((((52,56),(61,(100,88))),((94,83),((55,53),69))),((((((77,73),45),66),(58,85)),95),((64,(59,46)),((92,(80,68)),63)))),((86,72),((91,97),81))),(98,75))),(((((((29,15),(22,11)),(30,40)),(26,38)),((23,39),25)),13),((12,(18,36)),27))),(((7,14),33),(((10,37),21),(31,19)))),((9,20),((((3,34),8),6),1))),((41,28),(17,4))),((2,24),((((44,32),16),5),(42,35)))),43);
Current score: 3.58657e+09
Current tree: ((17,((41,28),((((((((((((((87,57),93),(70,60)),84),(74,67)),47),(96,(((62,76),89),((78,49),50)))),(((((51,(65,48)),90),(71,82)),99),79)),54),((((((52,56),(61,(100,88))),((94,83),((55,53),69))),((((((77,73),45),66),(58,85)),95),((64,(59,46)),((92,(80,68)),63)))),((86,72),((91,97),81))),(98,75))),(((((((29,15),(22,11)),(30,40)),(26,38)),((23,39),25)),13),((12,(18,36)),27))),(((7,14),33),(((10,37),21),(31,19)))),((9,20),((((3,34),8),6),1))),(((2,24),((((44,32),16),5),(42,35))),43)))),4);
Final Tree: ((17,((41,28),((((((((((((((87,57),93),(70,60)),84),(74,67)),47),(96,(((62,76),89),((78,49),50)))),(((((51,(65,48)),90),(71,82)),99),79)),54),((((((52,56),(61,(100,88))),((94,83),((55,53),69))),((((((77,73),45),66),(58,85)),95),((64,(59,46)),((92,(80,68)),63)))),((86,72),((91,97),81))),(98,75))),(((((((29,15),(22,11)),(30,40)),(26,38)),((23,39),25)),13),((12,(18,36)),27))),(((7,14),33),(((10,37),21),(31,19)))),((9,20),((((3,34),8),6),1))),(((2,24),((((44,32),16),5),(42,35))),43)))),4);
#EqQuartets: 3921225000
Score: 3586569163
ASTRAL for PaRalogs and Orthologs III (ASTRAL-Pro3)
*** NOW with integrated CASTLES-Pro ***
Version: v1.22.3.6
Read 512 genetrees and found 100 species.
#Genetrees: 1000
#Duploss: 0
#Species: 100
#Rounds: 4
#Samples: 4
#Threads: 1
Use two-step algorithm!
Guide Tree 0/16
#NNI moves:0/152
Guide Tree 1/16
#NNI moves:0/152
Guide Tree 2/16
#NNI moves:0/152
Guide Tree 3/16
#NNI moves:0/152
Guide Tree 4/16
#NNI moves:0/152
Guide Tree 5/16
#NNI moves:0/152
Guide Tree 6/16
#NNI moves:0/152
Guide Tree 7/16
#NNI moves:0/152
Guide Tree 8/16
#NNI moves:0/152
Guide Tree 9/16
#NNI moves:0/152
Guide Tree 10/16
#NNI moves:0/152
Guide Tree 11/16
#NNI moves:0/152
Guide Tree 12/16
#NNI moves:0/152
Guide Tree 13/16
#NNI moves:0/152
Guide Tree 14/16
#NNI moves:0/152
Guide Tree 15/16
#NNI moves:0/152
Remaining: 0
#NNI moves:0/152
#NNI moves:0/152
((((((((((((84,((75,43),58)),(((56,47),77),(38,71))),((85,55),(82,(93,88)))),(((((67,46),98),((((68,(69,(100,90))),53),(57,41)),45)),((86,78),(83,65))),((((99,54),(87,62)),50),81))),(((64,97),70),(((((73,74),61),80),(95,48)),(37,(94,49))))),(((((51,91),((52,42),59)),89),(((76,63),40),66)),39)),((79,44),60)),((72,96),92)),((((((((((23,15),27),(1,30)),(((35,6),8),10)),(13,3)),(34,26)),(11,(32,4))),28),((17,2),(((16,22),(18,21)),14))),(((31,9),(25,12)),(19,7)))),((5,36),(24,33))),29),20);
Guide Tree 0/16
#NNI moves:0/152
Guide Tree 1/16
#NNI moves:0/152
Guide Tree 2/16
#NNI moves:0/152
Guide Tree 3/16
#NNI moves:0/152
Guide Tree 4/16
#NNI moves:0/152
Guide Tree 5/16
#NNI moves:0/152
Guide Tree 6/16
#NNI moves:0/152
Guide Tree 7/16
#NNI moves:0/152
Guide Tree 8/16
#NNI moves:0/152
Guide Tree 9/16
#NNI moves:0/152
Guide Tree 10/16
#NNI moves:0/152
Guide Tree 11/16
#NNI moves:0/152
Guide Tree 12/16
#NNI moves:0/152
Guide Tree 13/16
#NNI moves:0/152
Guide Tree 14/16
#NNI moves:0/152
Guide Tree 15/16
#NNI moves:0/152
Remaining: 0
#NNI moves:0/152
#NNI moves:0/152
(((((((((((81,(50,((87,62),(54,99)))),((((67,46),98),((((((90,100),69),68),53),(41,57)),45)),((83,65),(86,78)))),(((84,((43,75),58)),(((56,47),77),(71,38))),(((88,93),82),(85,55)))),(((97,64),70),(((94,49),37),(((61,(74,73)),80),(95,48))))),(((((91,51),((52,42),59)),89),((40,(63,76)),66)),39)),((79,44),60)),(92,(96,72))),(((((((((8,(35,6)),10),(((15,23),27),(30,1))),(13,3)),(26,34)),((4,32),11)),28),((((21,18),(16,22)),14),(2,17))),(((12,25),(9,31)),(19,7)))),((5,36),(33,24))),29),20);
Guide Tree 0/16
#NNI moves:0/152
Guide Tree 1/16
#NNI moves:0/152
Guide Tree 2/16
#NNI moves:0/152
Guide Tree 3/16
#NNI moves:0/152
Guide Tree 4/16
#NNI moves:0/152
Guide Tree 5/16
#NNI moves:0/152
Guide Tree 6/16
#NNI moves:0/152
Guide Tree 7/16
#NNI moves:0/152
Guide Tree 8/16
#NNI moves:0/152
Guide Tree 9/16
#NNI moves:0/152
Guide Tree 10/16
#NNI moves:0/152
Guide Tree 11/16
#NNI moves:0/152
Guide Tree 12/16
#NNI moves:0/152
Guide Tree 13/16
#NNI moves:0/152
Guide Tree 14/16
#NNI moves:0/152
Guide Tree 15/16
#NNI moves:0/152
Remaining: 0
#NNI moves:0/152
#NNI moves:0/152
((((((((((((((6,35),8),10),((27,(15,23)),(1,30))),(3,13)),(34,26)),(11,(32,4))),28),((((16,22),(18,21)),14),(17,2))),(((12,25),(31,9)),(7,19))),(((((((((((57,41),((((100,90),69),68),53)),45),((67,46),98)),((78,86),(65,83))),((50,((54,99),(62,87))),81)),(((((75,43),58),84),((77,(56,47)),(71,38))),((82,(93,88)),(55,85)))),((((95,48),(((73,74),61),80)),((49,94),37)),((64,97),70))),(((((91,51),((52,42),59)),89),(((76,63),40),66)),39)),((44,79),60)),(92,(72,96)))),((33,24),(5,36))),29),20);
Guide Tree 0/16
#NNI moves:0/152
Guide Tree 1/16
#NNI moves:0/152
Guide Tree 2/16
#NNI moves:0/152
Guide Tree 3/16
#NNI moves:0/152
Guide Tree 4/16
#NNI moves:0/152
Guide Tree 5/16
#NNI moves:0/152
Guide Tree 6/16
#NNI moves:0/152
Guide Tree 7/16
#NNI moves:0/152
Guide Tree 8/16
#NNI moves:0/152
Guide Tree 9/16
#NNI moves:0/152
Guide Tree 10/16
#NNI moves:0/152
Guide Tree 11/16
#NNI moves:0/152
Guide Tree 12/16
#NNI moves:0/152
Guide Tree 13/16
#NNI moves:0/152
Guide Tree 14/16
#NNI moves:0/152
Guide Tree 15/16
#NNI moves:0/152
Remaining: 0
#NNI moves:0/152
#NNI moves:0/152
(((((((((((((65,83),(86,78)),((98,(46,67)),((((((90,100),69),68),53),(41,57)),45))),(81,(((99,54),(87,62)),50))),((((93,88),82),(85,55)),(((58,(43,75)),84),((38,71),((56,47),77))))),((((49,94),37),((((73,74),61),80),(95,48))),((64,97),70))),((((((42,52),59),(91,51)),89),(((76,63),40),66)),39)),((79,44),60)),((72,96),92)),((((((((10,((6,35),8)),(((15,23),27),(1,30))),(13,3)),(26,34)),((32,4),11)),28),((((18,21),(16,22)),14),(2,17))),((7,19),((25,12),(9,31))))),((36,5),(33,24))),29),20);
Initial score: 3.76899e+09
Initial tree: (((((((((((((65,83),(86,78)),((98,(46,67)),((((((90,100),69),68),53),(41,57)),45))),(81,(((99,54),(87,62)),50))),((((93,88),82),(85,55)),(((58,(43,75)),84),((38,71),((56,47),77))))),((((49,94),37),((((73,74),61),80),(95,48))),((64,97),70))),((((((42,52),59),(91,51)),89),(((76,63),40),66)),39)),((79,44),60)),((72,96),92)),((((((((10,((6,35),8)),(((15,23),27),(1,30))),(13,3)),(26,34)),((32,4),11)),28),((((18,21),(16,22)),14),(2,17))),((7,19),((25,12),(9,31))))),((36,5),(33,24))),29),20);
*** Subsample Process ***
Use two-step algorithm!
#NNI moves:0/152
Remaining: 0
#NNI moves:0/152
#NNI moves:0/152
(((((((((((((((((((((6,35),8),10),(((23,15),27),(1,30))),(3,13)),(34,26)),(11,(4,32))),28),((14,((18,21),(22,16))),(2,17))),((7,19),((9,31),(12,25)))),((29,20),((36,5),(33,24)))),((72,96),92)),((44,79),60)),(((((76,63),40),66),(((59,(52,42)),(91,51)),89)),39)),(((64,97),70),((((61,(73,74)),80),(48,95)),((49,94),37)))),(((((56,47),77),(71,38)),(((43,75),58),84)),((82,(93,88)),(85,55)))),((((54,99),(87,62)),50),81)),((86,78),(65,83))),((((((100,90),69),68),53),(41,57)),45)),(46,67)),98);
#NNI moves:0/152
Remaining: 0
#NNI moves:0/152
#NNI moves:0/152
((((((((((((82,(88,93)),(55,85)),(((58,(43,75)),84),((77,(47,56)),(38,71)))),((((86,78),(65,83)),(((67,46),98),((((((100,90),69),68),53),(57,41)),45))),((((54,99),(62,87)),50),81))),((((49,94),37),((48,95),((61,(73,74)),80))),((97,64),70))),(((((76,63),40),66),(89,((51,91),((52,42),59)))),39)),((44,79),60)),((96,72),92)),((((((((((23,15),27),(1,30)),(((35,6),8),10)),(13,3)),(26,34)),((4,32),11)),28),((2,17),(((22,16),(18,21)),14))),((19,7),((12,25),(31,9))))),((24,33),(5,36))),20),29);
#NNI moves:0/152
Remaining: 0
#NNI moves:0/152
#NNI moves:0/152
(((((((((((((((((((1,30),(27,(15,23))),(10,((35,6),8))),(3,13)),(34,26)),((32,4),11)),28),((((21,18),(16,22)),14),(2,17))),((19,7),((9,31),(12,25)))),(((5,36),(33,24)),(20,29))),((96,72),92)),(60,(79,44))),(((((76,63),40),66),(((51,91),((52,42),59)),89)),39)),((70,(64,97)),((((61,(73,74)),80),(48,95)),((49,94),37)))),((((78,86),(83,65)),((98,(46,67)),((((68,(69,(100,90))),53),(57,41)),45))),((((99,54),(62,87)),50),81))),((84,((43,75),58)),(((56,47),77),(71,38)))),(85,55)),(93,88)),82);
#NNI moves:0/152
Remaining: 0
#NNI moves:0/152
#NNI moves:0/152
(((((((((((((((56,47),77),(38,71)),((58,(75,43)),84)),((55,85),((93,88),82))),((((((((69,(100,90)),68),53),(41,57)),45),((46,67),98)),((86,78),(83,65))),((((99,54),(87,62)),50),81))),(((64,97),70),(((95,48),(((74,73),61),80)),(37,(94,49))))),((((40,(63,76)),66),((((42,52),59),(51,91)),89)),39)),((44,79),60)),((72,96),92)),(((((11,(32,4)),(((((27,(15,23)),(1,30)),(((6,35),8),10)),(3,13)),(26,34))),28),((((18,21),(16,22)),14),(2,17))),(((25,12),(31,9)),(7,19)))),(29,20)),(33,24)),36),5);
Current score: 3.76899e+09
Current tree: ((29,((((((((((((56,47),77),(38,71)),((58,(75,43)),84)),((55,85),((93,88),82))),((((((((69,(100,90)),68),53),(41,57)),45),((46,67),98)),((86,78),(83,65))),((((99,54),(87,62)),50),81))),(((64,97),70),(((95,48),(((74,73),61),80)),(37,(94,49))))),((((40,(63,76)),66),((((42,52),59),(51,91)),89)),39)),((44,79),60)),((72,96),92)),(((((11,(32,4)),(((((27,(15,23)),(1,30)),(((6,35),8),10)),(3,13)),(26,34))),28),((((18,21),(16,22)),14),(2,17))),(((25,12),(31,9)),(7,19)))),((33,24),(36,5)))),20);
Final Tree: ((29,((((((((((((56,47),77),(38,71)),((58,(75,43)),84)),((55,85),((93,88),82))),((((((((69,(100,90)),68),53),(41,57)),45),((46,67),98)),((86,78),(83,65))),((((99,54),(87,62)),50),81))),(((64,97),70),(((95,48),(((74,73),61),80)),(37,(94,49))))),((((40,(63,76)),66),((((42,52),59),(51,91)),89)),39)),((44,79),60)),((72,96),92)),(((((11,(32,4)),(((((27,(15,23)),(1,30)),(((6,35),8),10)),(3,13)),(26,34))),28),((((18,21),(16,22)),14),(2,17))),(((25,12),(31,9)),(7,19)))),((33,24),(36,5)))),20);
#EqQuartets: 3921225000
Score: 3768988480
ASTRAL for PaRalogs and Orthologs III (ASTRAL-Pro3)
*** NOW with integrated CASTLES-Pro ***
Version: v1.22.3.6
Read 512 genetrees and found 100 species.
#Genetrees: 1000
#Duploss: 0
#Species: 100
#Rounds: 4
#Samples: 4
#Threads: 1
Use two-step algorithm!
Guide Tree 0/16
#NNI moves:0/152
Guide Tree 1/16
#NNI moves:0/152
Guide Tree 2/16
#NNI moves:0/152
Guide Tree 3/16
#NNI moves:0/152
Guide Tree 4/16
#NNI moves:0/152
Guide Tree 5/16
#NNI moves:0/152
Guide Tree 6/16
#NNI moves:0/152
Guide Tree 7/16
#NNI moves:0/152
Guide Tree 8/16
#NNI moves:0/152
Guide Tree 9/16
#NNI moves:0/152
Guide Tree 10/16
#NNI moves:0/152
Guide Tree 11/16
#NNI moves:0/152
Guide Tree 12/16
#NNI moves:0/152
Guide Tree 13/16
#NNI moves:0/152
Guide Tree 14/16
#NNI moves:0/152
Guide Tree 15/16
#NNI moves:0/152
Remaining: 0
#NNI moves:0/152
#NNI moves:0/152
(((((((((((((((60,18),6),(37,84)),88),(((80,(52,85)),11),(56,68))),((57,(((79,61),12),(30,16))),(((39,1),(98,25)),((31,(87,20)),63)))),100),(((44,(94,95)),(4,(32,29))),((24,83),((77,72),(67,65))))),((((((81,73),58),(19,92)),((91,15),((((14,76),40),97),89))),((86,71),35)),((((17,(55,36)),7),((51,10),49)),70))),(45,(54,82))),(((((38,50),(34,74)),((((2,43),9),(41,96)),53)),(((26,(28,66)),62),3)),(((99,47),((((42,48),46),22),69)),(93,33)))),((((13,64),(8,75)),((23,59),21)),5)),27),90),78);
Guide Tree 0/16
#NNI moves:0/152
Guide Tree 1/16
#NNI moves:0/152
Guide Tree 2/16
#NNI moves:0/152
Guide Tree 3/16
#NNI moves:0/152
Guide Tree 4/16
#NNI moves:0/152
Guide Tree 5/16
#NNI moves:0/152
Guide Tree 6/16
#NNI moves:0/152
Guide Tree 7/16
#NNI moves:0/152
Guide Tree 8/16
#NNI moves:0/152
Guide Tree 9/16
#NNI moves:0/152
Guide Tree 10/16
#NNI moves:0/152
Guide Tree 11/16
#NNI moves:0/152
Guide Tree 12/16
#NNI moves:0/152
Guide Tree 13/16
#NNI moves:0/152
Guide Tree 14/16
#NNI moves:0/152
Guide Tree 15/16
#NNI moves:0/152
Remaining: 0
#NNI moves:0/152
#NNI moves:0/152
(((((((((((((((18,60),6),(37,84)),88),((68,56),(((85,52),80),11))),((((12,(61,79)),(30,16)),57),((63,((87,20),31)),((1,39),(98,25))))),100),((((67,65),(72,77)),(24,83)),((44,(94,95)),((32,29),4)))),((((((81,73),58),(92,19)),((91,15),(89,(97,(40,(14,76)))))),((71,86),35)),(((((36,55),17),7),(49,(10,51))),70))),((54,82),45)),((((53,(((43,2),9),(96,41))),((38,50),(74,34))),((((66,28),26),62),3)),(((47,99),((22,(46,(42,48))),69)),(93,33)))),((((75,8),(13,64)),((59,23),21)),5)),27),90),78);
Guide Tree 0/16
#NNI moves:0/152
Guide Tree 1/16
#NNI moves:0/152
Guide Tree 2/16
#NNI moves:0/152
Guide Tree 3/16
#NNI moves:0/152
Guide Tree 4/16
#NNI moves:0/152
Guide Tree 5/16
#NNI moves:0/152
Guide Tree 6/16
#NNI moves:0/152
Guide Tree 7/16
#NNI moves:0/152
Guide Tree 8/16
#NNI moves:0/152
Guide Tree 9/16
#NNI moves:0/152
Guide Tree 10/16
#NNI moves:0/152
Guide Tree 11/16
#NNI moves:0/152
Guide Tree 12/16
#NNI moves:0/152
Guide Tree 13/16
#NNI moves:0/152
Guide Tree 14/16
#NNI moves:0/152
Guide Tree 15/16
#NNI moves:0/152
Remaining: 0
#NNI moves:0/152
#NNI moves:0/152
(((((((((((41,96),(9,(43,2))),53),((50,38),(74,34))),(((26,(28,66)),62),3)),((93,33),(((((42,48),46),22),69),(47,99)))),(((((((51,10),49),(((55,36),17),7)),70),((((19,92),((73,81),58)),((15,91),((((76,14),40),97),89))),(35,(71,86)))),((((44,(94,95)),((29,32),4)),(((65,67),(72,77)),(24,83))),(((((((18,60),6),(37,84)),88),((68,56),(((85,52),80),11))),((((98,25),(39,1)),(63,((20,87),31))),(57,(((79,61),12),(30,16))))),100))),((82,54),45))),((((75,8),(13,64)),((23,59),21)),5)),27),90),78);
Guide Tree 0/16
#NNI moves:0/152
Guide Tree 1/16
#NNI moves:0/152
Guide Tree 2/16
#NNI moves:0/152
Guide Tree 3/16
#NNI moves:0/152
Guide Tree 4/16
#NNI moves:0/152
Guide Tree 5/16
#NNI moves:0/152
Guide Tree 6/16
#NNI moves:0/152
Guide Tree 7/16
#NNI moves:0/152
Guide Tree 8/16
#NNI moves:0/152
Guide Tree 9/16
#NNI moves:0/152
Guide Tree 10/16
#NNI moves:0/152
Guide Tree 11/16
#NNI moves:0/152
Guide Tree 12/16
#NNI moves:0/152
Guide Tree 13/16
#NNI moves:0/152
Guide Tree 14/16
#NNI moves:0/152
Guide Tree 15/16
#NNI moves:0/152
Remaining: 0
#NNI moves:0/152
#NNI moves:0/152
(((((((((((((((20,87),31),63),((39,1),(98,25))),(57,(((79,61),12),(16,30)))),((88,((6,(18,60)),(37,84))),((((52,85),80),11),(68,56)))),100),((((94,95),44),(4,(32,29))),(((67,65),(77,72)),(83,24)))),(((((((40,(14,76)),97),89),(91,15)),(((73,81),58),(92,19))),((86,71),35)),(((((36,55),17),7),(49,(51,10))),70))),((82,54),45)),(((((74,34),(50,38)),(((9,(2,43)),(96,41)),53)),((62,(26,(66,28))),3)),((33,93),((((46,(42,48)),22),69),(47,99))))),((((64,13),(8,75)),(21,(59,23))),5)),27),90),78);
Initial score: 3.69699e+09
Initial tree: (((((((((((((((20,87),31),63),((39,1),(98,25))),(57,(((79,61),12),(16,30)))),((88,((6,(18,60)),(37,84))),((((52,85),80),11),(68,56)))),100),((((94,95),44),(4,(32,29))),(((67,65),(77,72)),(83,24)))),(((((((40,(14,76)),97),89),(91,15)),(((73,81),58),(92,19))),((86,71),35)),(((((36,55),17),7),(49,(51,10))),70))),((82,54),45)),(((((74,34),(50,38)),(((9,(2,43)),(96,41)),53)),((62,(26,(66,28))),3)),((33,93),((((46,(42,48)),22),69),(47,99))))),((((64,13),(8,75)),(21,(59,23))),5)),27),90),78);
*** Subsample Process ***
Use two-step algorithm!
#NNI moves:0/152
Remaining: 0
#NNI moves:0/152
#NNI moves:0/152
((((((((((((((81,73),58),(92,19)),((15,91),(((40,(14,76)),97),89))),((71,86),35)),(((((55,36),17),7),((10,51),49)),70)),(((((((50,38),(34,74)),((((2,43),9),(96,41)),53)),(((26,(28,66)),62),3)),((((((48,42),46),22),69),(47,99)),(33,93))),((27,(90,78)),(((21,(59,23)),((64,13),(75,8))),5))),(45,(82,54)))),((((94,95),44),(4,(32,29))),((24,83),((72,77),(65,67))))),100),(((((52,85),80),11),(68,56)),(((6,(18,60)),(84,37)),88))),(57,(((61,79),12),(30,16)))),((1,39),(25,98))),((20,87),31)),63);
#NNI moves:0/152
Remaining: 0
#NNI moves:0/152
#NNI moves:0/152
((((((((((((((20,87),31),63),((25,98),(39,1))),(((16,30),((61,79),12)),57)),(((56,68),(11,((52,85),80))),(((6,(60,18)),(37,84)),88))),100),(((44,(94,95)),(4,(29,32))),(((72,77),(65,67)),(24,83)))),((((((((76,14),40),97),89),(15,91)),(((73,81),58),(92,19))),(35,(86,71))),(((((55,36),17),7),((51,10),49)),70))),(45,(82,54))),(((((38,50),(34,74)),((((2,43),9),(41,96)),53)),(3,(62,((66,28),26)))),(((((46,(42,48)),22),69),(47,99)),(93,33)))),((((13,64),(75,8)),(21,(23,59))),5)),(90,78)),27);
#NNI moves:0/152
Remaining: 0
#NNI moves:0/152
#NNI moves:0/152
(((((((((((((((((34,74),(38,50)),(((96,41),((43,2),9)),53)),((((28,66),26),62),3)),((33,93),((((46,(48,42)),22),69),(47,99)))),(((((13,64),(75,8)),((59,23),21)),5),((78,90),27))),((54,82),45)),(((((15,91),(89,(((14,76),40),97))),(((81,73),58),(92,19))),((71,86),35)),((((17,(55,36)),7),((51,10),49)),70))),((((94,95),44),(4,(29,32))),(((77,72),(65,67)),(24,83)))),100),(((56,68),(((52,85),80),11)),(((6,(60,18)),(37,84)),88))),(((1,39),(25,98)),(((20,87),31),63))),57),(16,30)),12),61),79);
#NNI moves:0/152
Remaining: 0
#NNI moves:0/152
#NNI moves:0/152
(((((((((((((((81,73),58),(19,92)),(((((76,14),40),97),89),(15,91))),((86,71),35)),(((7,(17,(55,36))),(49,(10,51))),70)),(((((57,((12,(79,61)),(30,16))),(((98,25),(39,1)),((31,(87,20)),63))),(((11,((52,85),80)),(68,56)),(88,(((60,18),6),(84,37))))),100),(((4,(32,29)),((95,94),44)),((83,24),((77,72),(67,65)))))),(45,(54,82))),(((((26,(66,28)),62),3),((((41,96),(9,(2,43))),53),((50,38),(34,74)))),((33,93),((((46,(42,48)),22),69),(99,47))))),((90,78),27)),5),(21,(23,59))),(8,75)),64),13);
Current score: 3.69699e+09
Current tree: ((90,(27,((((((((((81,73),58),(19,92)),(((((76,14),40),97),89),(15,91))),((86,71),35)),(((7,(17,(55,36))),(49,(10,51))),70)),(((((57,((12,(79,61)),(30,16))),(((98,25),(39,1)),((31,(87,20)),63))),(((11,((52,85),80)),(68,56)),(88,(((60,18),6),(84,37))))),100),(((4,(32,29)),((95,94),44)),((83,24),((77,72),(67,65)))))),(45,(54,82))),(((((26,(66,28)),62),3),((((41,96),(9,(2,43))),53),((50,38),(34,74)))),((33,93),((((46,(42,48)),22),69),(99,47))))),(5,((21,(23,59)),((8,75),(64,13))))))),78);
Final Tree: ((90,(27,((((((((((81,73),58),(19,92)),(((((76,14),40),97),89),(15,91))),((86,71),35)),(((7,(17,(55,36))),(49,(10,51))),70)),(((((57,((12,(79,61)),(30,16))),(((98,25),(39,1)),((31,(87,20)),63))),(((11,((52,85),80)),(68,56)),(88,(((60,18),6),(84,37))))),100),(((4,(32,29)),((95,94),44)),((83,24),((77,72),(67,65)))))),(45,(54,82))),(((((26,(66,28)),62),3),((((41,96),(9,(2,43))),53),((50,38),(34,74)))),((33,93),((((46,(42,48)),22),69),(99,47))))),(5,((21,(23,59)),((8,75),(64,13))))))),78);
#EqQuartets: 3921225000
Score: 3696990388
ASTRAL for PaRalogs and Orthologs III (ASTRAL-Pro3)
*** NOW with integrated CASTLES-Pro ***
Version: v1.22.3.6
Read 512 genetrees and found 100 species.
#Genetrees: 1000
#Duploss: 0
#Species: 100
#Rounds: 4
#Samples: 4
#Threads: 1
Use two-step algorithm!
Guide Tree 0/16
#NNI moves:0/152
Guide Tree 1/16
#NNI moves:0/152
Guide Tree 2/16
#NNI moves:0/152
Guide Tree 3/16
#NNI moves:0/152
Guide Tree 4/16
#NNI moves:0/152
Guide Tree 5/16
#NNI moves:0/152
Guide Tree 6/16
#NNI moves:0/152
Guide Tree 7/16
#NNI moves:0/152
Guide Tree 8/16
#NNI moves:0/152
Guide Tree 9/16
#NNI moves:0/152
Guide Tree 10/16
#NNI moves:0/152
Guide Tree 11/16
#NNI moves:0/152
Guide Tree 12/16
#NNI moves:0/152
Guide Tree 13/16
#NNI moves:0/152
Guide Tree 14/16
#NNI moves:0/152
Guide Tree 15/16
#NNI moves:0/152
Remaining: 0
#NNI moves:0/152
#NNI moves:0/152
(((((((((((((16,12),25),((54,29),((4,47),(52,33)))),((((((((2,(39,5)),43),(((37,46),23),10)),58),1),(((18,44),31),42)),((56,55),45)),(((((8,13),(40,28)),((((11,36),((20,24),9)),19),38)),(30,59)),(((49,((35,(32,22)),(57,21))),51),(((15,53),17),41))))),(((((27,50),3),6),34),(14,26))),(7,48)),((((95,(97,(70,66))),(((99,76),91),98)),82),((((74,(94,77)),(93,81)),80),(64,79)))),(((87,(85,71)),90),(67,(65,(78,68))))),(((((63,89),(84,62)),69),83),((96,60),72))),75),(100,73)),(61,(92,86))),88);
Guide Tree 0/16
#NNI moves:0/152
Guide Tree 1/16
#NNI moves:0/152
Guide Tree 2/16
#NNI moves:0/152
Guide Tree 3/16
#NNI moves:0/152
Guide Tree 4/16
#NNI moves:0/152
Guide Tree 5/16
#NNI moves:0/152
Guide Tree 6/16
#NNI moves:0/152
Guide Tree 7/16
#NNI moves:0/152
Guide Tree 8/16
#NNI moves:0/152
Guide Tree 9/16
#NNI moves:0/152
Guide Tree 10/16
#NNI moves:0/152
Guide Tree 11/16
#NNI moves:0/152
Guide Tree 12/16
#NNI moves:0/152
Guide Tree 13/16
#NNI moves:0/152
Guide Tree 14/16
#NNI moves:0/152
Guide Tree 15/16
#NNI moves:0/152
Remaining: 0
#NNI moves:0/152
#NNI moves:0/152
((((((((((((((((((36,11),((24,20),9)),19),38),((8,13),(28,40))),(59,30)),(((((21,57),((22,32),35)),49),51),((17,(15,53)),41))),((((((((46,37),23),10),(43,((5,39),2))),58),1),((31,(18,44)),42)),(45,(55,56)))),((((33,52),(47,4)),(29,54)),(25,(12,16)))),((14,26),((((27,50),3),6),34))),(48,7)),((((((66,70),97),95),((91,(99,76)),98)),82),((80,((81,93),((77,94),74))),(64,79)))),((((68,78),65),67),(((85,71),87),90))),(((69,((89,63),(84,62))),83),(72,(96,60)))),75),(100,73)),((86,92),61)),88);
Guide Tree 0/16
#NNI moves:0/152
Guide Tree 1/16
#NNI moves:0/152
Guide Tree 2/16
#NNI moves:0/152
Guide Tree 3/16
#NNI moves:0/152
Guide Tree 4/16
#NNI moves:0/152
Guide Tree 5/16
#NNI moves:0/152
Guide Tree 6/16
#NNI moves:0/152
Guide Tree 7/16
#NNI moves:0/152
Guide Tree 8/16
#NNI moves:0/152
Guide Tree 9/16
#NNI moves:0/152
Guide Tree 10/16
#NNI moves:0/152
Guide Tree 11/16
#NNI moves:0/152
Guide Tree 12/16
#NNI moves:0/152
Guide Tree 13/16
#NNI moves:0/152
Guide Tree 14/16
#NNI moves:0/152
Guide Tree 15/16
#NNI moves:0/152
Remaining: 0
#NNI moves:0/152
#NNI moves:0/152
((((((((((((((((8,13),(28,40)),((19,((9,(24,20)),(36,11))),38)),(59,30)),(((((35,(22,32)),(57,21)),49),51),(((15,53),17),41))),((((((((46,37),23),10),((2,(5,39)),43)),58),1),(42,((44,18),31))),((56,55),45))),((((33,52),(4,47)),(29,54)),(25,(12,16)))),(((((50,27),3),6),34),(14,26))),(7,48)),(((64,79),(((93,81),((94,77),74)),80)),(((((99,76),91),98),(95,((66,70),97))),82))),((((78,68),65),67),(90,((71,85),87)))),(((69,((63,89),(62,84))),83),((96,60),72))),75),(100,73)),((86,92),61)),88);
Guide Tree 0/16
#NNI moves:0/152
Guide Tree 1/16
#NNI moves:0/152
Guide Tree 2/16
#NNI moves:0/152
Guide Tree 3/16
#NNI moves:0/152
Guide Tree 4/16
#NNI moves:0/152
Guide Tree 5/16
#NNI moves:0/152
Guide Tree 6/16
#NNI moves:0/152
Guide Tree 7/16
#NNI moves:0/152
Guide Tree 8/16
#NNI moves:0/152
Guide Tree 9/16
#NNI moves:0/152
Guide Tree 10/16
#NNI moves:0/152
Guide Tree 11/16
#NNI moves:0/152
Guide Tree 12/16
#NNI moves:0/152
Guide Tree 13/16
#NNI moves:0/152
Guide Tree 14/16
#NNI moves:0/152
Guide Tree 15/16
#NNI moves:0/152
Remaining: 0
#NNI moves:0/152
#NNI moves:0/152
((((((((((((((((53,15),17),41),((((21,57),((22,32),35)),49),51)),((((13,8),(40,28)),((((36,11),((20,24),9)),19),38)),(30,59))),(((1,((((2,(39,5)),43),(((37,46),23),10)),58)),((31,(44,18)),42)),((56,55),45))),((((52,33),(4,47)),(54,29)),(25,(16,12)))),((((3,(27,50)),6),34),(14,26))),(48,7)),(((79,64),((((77,94),74),(93,81)),80)),(82,((95,((70,66),97)),((91,(99,76)),98))))),((90,(87,(85,71))),(((78,68),65),67))),((83,(((62,84),(89,63)),69)),((96,60),72))),75),(73,100)),(61,(86,92))),88);
Initial score: 3.80756e+09
Initial tree: ((((((((((((((((53,15),17),41),((((21,57),((22,32),35)),49),51)),((((13,8),(40,28)),((((36,11),((20,24),9)),19),38)),(30,59))),(((1,((((2,(39,5)),43),(((37,46),23),10)),58)),((31,(44,18)),42)),((56,55),45))),((((52,33),(4,47)),(54,29)),(25,(16,12)))),((((3,(27,50)),6),34),(14,26))),(48,7)),(((79,64),((((77,94),74),(93,81)),80)),(82,((95,((70,66),97)),((91,(99,76)),98))))),((90,(87,(85,71))),(((78,68),65),67))),((83,(((62,84),(89,63)),69)),((96,60),72))),75),(73,100)),(61,(86,92))),88);
*** Subsample Process ***
Use two-step algorithm!
#NNI moves:0/152
Remaining: 0
#NNI moves:0/152
#NNI moves:0/152
(((((((((((((((((96,60),72),((((62,84),(89,63)),69),83)),((((61,(86,92)),88),(73,100)),75)),((((78,68),65),67),((87,(71,85)),90))),((((98,((76,99),91)),(((70,66),97),95)),82),((79,64),(((93,81),((77,94),74)),80)))),(7,48)),(((((27,50),3),6),34),(26,14))),((((4,47),(33,52)),(29,54)),((12,16),25))),(((((((2,(5,39)),43),(((37,46),23),10)),58),1),(((44,18),31),42)),(45,(55,56)))),((((13,8),(40,28)),((((9,(24,20)),(11,36)),19),38)),(59,30))),(41,((15,53),17))),51),49),((22,32),35)),21),57);
#NNI moves:0/152
Remaining: 0
#NNI moves:0/152
#NNI moves:0/152
((((((((((((((((((((37,46),23),10),(43,((5,39),2))),58),1),(((44,18),31),42)),(45,(56,55))),(((((8,13),(40,28)),((((9,(20,24)),(11,36)),19),38)),(30,59)),((41,((15,53),17)),((((57,21),(35,(22,32))),49),51)))),((((47,4),(33,52)),(29,54)),((16,12),25))),((((3,(27,50)),6),34),(14,26))),(7,48)),(((((93,81),((94,77),74)),80),(64,79)),((((91,(99,76)),98),(95,((66,70),97))),82))),((67,((78,68),65)),((87,(85,71)),90))),(((((84,62),(63,89)),69),83),(72,(60,96)))),75),(100,73)),88),(92,86)),61);
#NNI moves:0/152
Remaining: 0
#NNI moves:0/152
#NNI moves:0/152
(((((((((((((((((((93,81),(74,(94,77))),80),(79,64)),(((95,((66,70),97)),((91,(99,76)),98)),82)),(((((60,96),72),(83,(((84,62),(89,63)),69))),(((100,73),(((86,92),61),88)),75)),((((71,85),87),90),((65,(68,78)),67)))),(48,7)),(((((27,50),3),6),34),(14,26))),((((47,4),(33,52)),(29,54)),((16,12),25))),((((((((20,24),9),(36,11)),19),38),((13,8),(40,28))),(59,30)),(((17,(15,53)),41),((49,((57,21),(35,(32,22)))),51)))),(45,(55,56))),(((44,18),31),42)),1),58),(((39,5),2),43)),10),23),46),37);
#NNI moves:0/152
Remaining: 0
#NNI moves:0/152
#NNI moves:0/152
((((((((((((((((40,28),(13,8)),((((11,36),((20,24),9)),19),38)),(30,59)),((((15,53),17),41),(((((22,32),35),(57,21)),49),51))),((((58,(((2,(39,5)),43),((23,(46,37)),10))),1),(42,((18,44),31))),(45,(56,55)))),((((52,33),(4,47)),(54,29)),((16,12),25))),(((((27,50),3),6),34),(26,14))),(7,48)),((((((94,77),74),(81,93)),80),(79,64)),((((91,(99,76)),98),(95,(97,(70,66)))),82))),(((65,(78,68)),67),(90,((71,85),87)))),(((96,60),72),(83,(69,((62,84),(63,89)))))),75),(((86,92),61),88)),73),100);
Current score: 3.80756e+09
Current tree: ((((86,92),61),((((((((((((((40,28),(13,8)),((((11,36),((20,24),9)),19),38)),(30,59)),((((15,53),17),41),(((((22,32),35),(57,21)),49),51))),((((58,(((2,(39,5)),43),((23,(46,37)),10))),1),(42,((18,44),31))),(45,(56,55)))),((((52,33),(4,47)),(54,29)),((16,12),25))),(((((27,50),3),6),34),(26,14))),(7,48)),((((((94,77),74),(81,93)),80),(79,64)),((((91,(99,76)),98),(95,(97,(70,66)))),82))),(((65,(78,68)),67),(90,((71,85),87)))),(((96,60),72),(83,(69,((62,84),(63,89)))))),75),(73,100))),88);
Final Tree: ((((86,92),61),((((((((((((((40,28),(13,8)),((((11,36),((20,24),9)),19),38)),(30,59)),((((15,53),17),41),(((((22,32),35),(57,21)),49),51))),((((58,(((2,(39,5)),43),((23,(46,37)),10))),1),(42,((18,44),31))),(45,(56,55)))),((((52,33),(4,47)),(54,29)),((16,12),25))),(((((27,50),3),6),34),(26,14))),(7,48)),((((((94,77),74),(81,93)),80),(79,64)),((((91,(99,76)),98),(95,(97,(70,66)))),82))),(((65,(78,68)),67),(90,((71,85),87)))),(((96,60),72),(83,(69,((62,84),(63,89)))))),75),(73,100))),88);
#EqQuartets: 3921225000
Score: 3807557447
ASTRAL for PaRalogs and Orthologs III (ASTRAL-Pro3)
*** NOW with integrated CASTLES-Pro ***
Version: v1.22.3.6
Read 512 genetrees and found 100 species.
#Genetrees: 1000
#Duploss: 0
#Species: 100
#Rounds: 4
#Samples: 4
#Threads: 1
Use two-step algorithm!
Guide Tree 0/16
#NNI moves:0/152
Guide Tree 1/16
#NNI moves:0/152
Guide Tree 2/16
#NNI moves:0/152
Guide Tree 3/16
#NNI moves:0/152
Guide Tree 4/16
#NNI moves:0/152
Guide Tree 5/16
#NNI moves:0/152
Guide Tree 6/16
#NNI moves:0/152
Guide Tree 7/16
#NNI moves:0/152
Guide Tree 8/16
#NNI moves:0/152
Guide Tree 9/16
#NNI moves:0/152
Guide Tree 10/16
#NNI moves:0/152
Guide Tree 11/16
#NNI moves:0/152
Guide Tree 12/16
#NNI moves:0/152
Guide Tree 13/16
#NNI moves:0/152
Guide Tree 14/16
#NNI moves:0/152
Guide Tree 15/16
#NNI moves:0/152
Remaining: 0
#NNI moves:0/152
#NNI moves:0/152
((((((((((((((((8,41),46),(18,67)),((((58,63),(48,65)),20),60)),(((((11,49),((29,4),((2,16),42))),37),((17,69),(((64,66),1),12))),(((((57,27),6),25),53),((((34,62),23),40),(((59,(26,54)),10),47))))),((3,(51,13)),(39,55))),(9,61)),(((((((28,(30,33)),((15,50),((((31,5),22),19),(((35,71),43),7)))),((68,14),36)),44),56),(38,21)),(((52,45),(70,24)),32))),((((97,((74,84),(81,73))),((72,((93,88),(77,79))),80)),((91,87),86)),((95,89),76))),99),75),(96,((78,92),85))),(83,(90,82))),100),98),94);
Guide Tree 0/16
#NNI moves:0/152
Guide Tree 1/16
#NNI moves:0/152
Guide Tree 2/16
#NNI moves:0/152
Guide Tree 3/16
#NNI moves:0/152
Guide Tree 4/16
#NNI moves:0/152
Guide Tree 5/16
#NNI moves:0/152
Guide Tree 6/16
#NNI moves:0/152
Guide Tree 7/16
#NNI moves:0/152
Guide Tree 8/16
#NNI moves:0/152
Guide Tree 9/16
#NNI moves:0/152
Guide Tree 10/16
#NNI moves:0/152
Guide Tree 11/16
#NNI moves:0/152
Guide Tree 12/16
#NNI moves:0/152
Guide Tree 13/16
#NNI moves:0/152
Guide Tree 14/16
#NNI moves:0/152
Guide Tree 15/16
#NNI moves:0/152
Remaining: 0
#NNI moves:0/152
#NNI moves:0/152
(((((((((((((((((((54,26),59),10),47),((23,(62,34)),40)),((((57,27),6),25),53)),(((((42,(2,16)),(4,29)),(49,11)),37),((12,(1,(64,66))),(69,17)))),(((46,(41,8)),(18,67)),((((65,48),(63,58)),20),60))),(((13,51),3),(39,55))),(61,9)),(((((((28,(33,30)),((15,50),(((22,(5,31)),19),(7,((35,71),43))))),((14,68),36)),44),56),(21,38)),(((70,24),(52,45)),32))),(((((((79,77),(88,93)),72),80),(((73,81),(84,74)),97)),((87,91),86)),((89,95),76))),99),75),(((92,78),85),96)),(83,(90,82))),100),98),94);
Guide Tree 0/16
#NNI moves:0/152
Guide Tree 1/16
#NNI moves:0/152
Guide Tree 2/16
#NNI moves:0/152
Guide Tree 3/16
#NNI moves:0/152
Guide Tree 4/16
#NNI moves:0/152
Guide Tree 5/16
#NNI moves:0/152
Guide Tree 6/16
#NNI moves:0/152
Guide Tree 7/16
#NNI moves:0/152
Guide Tree 8/16
#NNI moves:0/152
Guide Tree 9/16
#NNI moves:0/152
Guide Tree 10/16
#NNI moves:0/152
Guide Tree 11/16
#NNI moves:0/152
Guide Tree 12/16
#NNI moves:0/152
Guide Tree 13/16
#NNI moves:0/152
Guide Tree 14/16
#NNI moves:0/152
Guide Tree 15/16
#NNI moves:0/152
Remaining: 0
#NNI moves:0/152
#NNI moves:0/152
(((((((((((((((((30,33),28),(((((71,35),43),7),(19,((31,5),22))),(50,15))),(36,(68,14))),44),56),(21,38)),(((70,24),(52,45)),32)),(((((((((57,27),6),25),53),(((10,((54,26),59)),47),(((62,34),23),40))),((((1,(66,64)),12),(17,69)),(((11,49),((29,4),((2,16),42))),37))),(((46,(41,8)),(18,67)),((((65,48),(63,58)),20),60))),(((51,13),3),(39,55))),(9,61))),(((((((77,79),(93,88)),72),80),(((84,74),(73,81)),97)),((91,87),86)),((95,89),76))),99),75),(((92,78),85),96)),((82,90),83)),100),98),94);
Guide Tree 0/16
#NNI moves:0/152
Guide Tree 1/16
#NNI moves:0/152
Guide Tree 2/16
#NNI moves:0/152
Guide Tree 3/16
#NNI moves:0/152
Guide Tree 4/16
#NNI moves:0/152
Guide Tree 5/16
#NNI moves:0/152
Guide Tree 6/16
#NNI moves:0/152
Guide Tree 7/16
#NNI moves:0/152
Guide Tree 8/16
#NNI moves:0/152
Guide Tree 9/16
#NNI moves:0/152
Guide Tree 10/16
#NNI moves:0/152
Guide Tree 11/16
#NNI moves:0/152
Guide Tree 12/16
#NNI moves:0/152
Guide Tree 13/16
#NNI moves:0/152
Guide Tree 14/16
#NNI moves:0/152
Guide Tree 15/16
#NNI moves:0/152
Remaining: 0
#NNI moves:0/152
#NNI moves:0/152
(((((((((((((((37,((11,49),((29,4),((16,2),42)))),((12,(1,(66,64))),(17,69))),(((((27,57),6),25),53),(((((54,26),59),10),47),(((34,62),23),40)))),((60,(20,((58,63),(65,48)))),(((41,8),46),(18,67)))),((55,39),((13,51),3))),(61,9)),((((((36,(68,14)),((((((5,31),22),19),(((35,71),43),7)),(50,15)),(28,(33,30)))),44),56),(21,38)),(((70,24),(52,45)),32))),((((((84,74),(73,81)),97),((((88,93),(77,79)),72),80)),((87,91),86)),((89,95),76))),99),75),((85,(78,92)),96)),((90,82),83)),100),98),94);
Initial score: 3.84323e+09
Initial tree: (((((((((((((((37,((11,49),((29,4),((16,2),42)))),((12,(1,(66,64))),(17,69))),(((((27,57),6),25),53),(((((54,26),59),10),47),(((34,62),23),40)))),((60,(20,((58,63),(65,48)))),(((41,8),46),(18,67)))),((55,39),((13,51),3))),(61,9)),((((((36,(68,14)),((((((5,31),22),19),(((35,71),43),7)),(50,15)),(28,(33,30)))),44),56),(21,38)),(((70,24),(52,45)),32))),((((((84,74),(73,81)),97),((((88,93),(77,79)),72),80)),((87,91),86)),((89,95),76))),99),75),((85,(78,92)),96)),((90,82),83)),100),98),94);
*** Subsample Process ***
Use two-step algorithm!
#NNI moves:0/152
Remaining: 0
#NNI moves:0/152
#NNI moves:0/152
((((((((((((((((((((43,(35,71)),7),(19,((5,31),22))),(15,50)),((33,30),28)),(36,(14,68))),44),56),(21,38)),(((45,52),(24,70)),32)),((((((((77,79),(88,93)),72),80),(97,((74,84),(73,81)))),((91,87),86)),((95,89),76)),((((((98,94),100),((90,82),83)),(((78,92),85),96)),75),99))),(9,61)),(((51,13),3),(39,55))),(((20,((63,58),(65,48))),60),(((41,8),46),(67,18)))),(((((59,(26,54)),10),47),(((34,62),23),40)),((((27,57),6),25),53))),((69,17),(((66,64),1),12))),37),((4,29),((2,16),42))),49),11);
#NNI moves:0/152
Remaining: 0
#NNI moves:0/152
#NNI moves:0/152
((((((((((((((((((66,64),1),12),(17,69)),(37,((((16,2),42),(4,29)),(49,11)))),(((((57,27),6),25),53),((((34,62),23),40),(47,((59,(26,54)),10))))),(((((48,65),(63,58)),20),60),(((41,8),46),(18,67)))),(((51,13),3),(39,55))),(9,61)),(((((((((19,(22,(31,5))),(((71,35),43),7)),(50,15)),(28,(33,30))),((68,14),36)),44),56),(21,38)),(32,((52,45),(24,70))))),((((97,((74,84),(73,81))),((72,((77,79),(93,88))),80)),((87,91),86)),(76,(89,95)))),99),75),(((92,78),85),96)),(83,(82,90))),100),94),98);
#NNI moves:0/152
Remaining: 0
#NNI moves:0/152
#NNI moves:0/152
((((((((((((((((((((19,((31,5),22)),(7,((71,35),43))),(15,50)),(28,(33,30))),((14,68),36)),44),56),(38,21)),(32,((45,52),(70,24)))),(((((((74,84),(73,81)),97),(80,(((93,88),(79,77)),72))),((91,87),86)),((89,95),76)),(((((83,(82,90)),((94,98),100)),(((78,92),85),96)),75),99))),(61,9)),((3,(51,13)),(39,55))),(((((48,65),(63,58)),20),60),(((41,8),46),(18,67)))),(((((27,57),6),25),53),((40,((34,62),23)),(47,((59,(54,26)),10))))),((69,17),(((66,64),1),12))),37),(11,49)),((16,2),42)),4),29);
#NNI moves:0/152
Remaining: 0
#NNI moves:0/152
#NNI moves:0/152
((((((((((((((((11,49),((42,(2,16)),(29,4))),37),(((1,(64,66)),12),(17,69))),(((((34,62),23),40),((((26,54),59),10),47)),((25,(6,(27,57))),53))),((60,(((65,48),(58,63)),20)),(((8,41),46),(67,18)))),((39,55),(3,(51,13)))),(9,61)),((((((((15,50),((((35,71),43),7),(((5,31),22),19))),((30,33),28)),((68,14),36)),44),56),(21,38)),(32,((52,45),(70,24))))),(((95,89),76),((((((93,88),(77,79)),72),80),(((74,84),(81,73)),97)),((87,91),86)))),99),75),((85,(92,78)),96)),(100,(98,94))),(82,90)),83);
Current score: 3.84323e+09
Current tree: ((98,(100,((((((((((((((11,49),((42,(2,16)),(29,4))),37),(((1,(64,66)),12),(17,69))),(((((34,62),23),40),((((26,54),59),10),47)),((25,(6,(27,57))),53))),((60,(((65,48),(58,63)),20)),(((8,41),46),(67,18)))),((39,55),(3,(51,13)))),(9,61)),((((((((15,50),((((35,71),43),7),(((5,31),22),19))),((30,33),28)),((68,14),36)),44),56),(21,38)),(32,((52,45),(70,24))))),(((95,89),76),((((((93,88),(77,79)),72),80),(((74,84),(81,73)),97)),((87,91),86)))),99),75),((85,(92,78)),96)),((82,90),83)))),94);
Final Tree: ((98,(100,((((((((((((((11,49),((42,(2,16)),(29,4))),37),(((1,(64,66)),12),(17,69))),(((((34,62),23),40),((((26,54),59),10),47)),((25,(6,(27,57))),53))),((60,(((65,48),(58,63)),20)),(((8,41),46),(67,18)))),((39,55),(3,(51,13)))),(9,61)),((((((((15,50),((((35,71),43),7),(((5,31),22),19))),((30,33),28)),((68,14),36)),44),56),(21,38)),(32,((52,45),(70,24))))),(((95,89),76),((((((93,88),(77,79)),72),80),(((74,84),(81,73)),97)),((87,91),86)))),99),75),((85,(92,78)),96)),((82,90),83)))),94);
#EqQuartets: 3921225000
Score: 3843232080
ASTRAL for PaRalogs and Orthologs III (ASTRAL-Pro3)
*** NOW with integrated CASTLES-Pro ***
Version: v1.22.3.6
Read 512 genetrees and found 100 species.
#Genetrees: 1000
#Duploss: 0
#Species: 100
#Rounds: 4
#Samples: 4
#Threads: 1
Use two-step algorithm!
Guide Tree 0/16
#NNI moves:0/152
Guide Tree 1/16
#NNI moves:0/152
Guide Tree 2/16
#NNI moves:0/152
Guide Tree 3/16
#NNI moves:0/152
Guide Tree 4/16
#NNI moves:0/152
Guide Tree 5/16
#NNI moves:0/152
Guide Tree 6/16
#NNI moves:0/152
Guide Tree 7/16
#NNI moves:0/152
Guide Tree 8/16
#NNI moves:0/152
Guide Tree 9/16
#NNI moves:0/152
Guide Tree 10/16
#NNI moves:0/152
Guide Tree 11/16
#NNI moves:0/152
Guide Tree 12/16
#NNI moves:0/152
Guide Tree 13/16
#NNI moves:0/152
Guide Tree 14/16
#NNI moves:0/152
Guide Tree 15/16
#NNI moves:0/152
Remaining: 0
#NNI moves:0/152
#NNI moves:0/152
((((((((((((((((99,((98,88),((((86,91),87),78),81))),(79,(83,80))),((((97,89),(93,94)),((96,100),84)),(((90,(92,85)),77),95))),82),(6,(7,69))),((((41,((1,10),((24,50),(71,66)))),(((54,5),51),((63,21),29))),30),(((28,(46,59)),11),(58,67)))),((65,(((40,35),42),22)),((((32,60),55),62),(48,73)))),((26,16),((14,20),76))),((((((45,(9,61)),53),(((34,19),8),(25,(44,31)))),((43,68),70)),(57,72)),((((((17,23),38),36),2),(39,18)),27))),((75,64),(47,3))),(33,(4,37))),(13,49)),52),12),(74,15)),56);
Guide Tree 0/16
#NNI moves:0/152
Guide Tree 1/16
#NNI moves:0/152
Guide Tree 2/16
#NNI moves:0/152
Guide Tree 3/16
#NNI moves:0/152
Guide Tree 4/16
#NNI moves:0/152
Guide Tree 5/16
#NNI moves:0/152
Guide Tree 6/16
#NNI moves:0/152
Guide Tree 7/16
#NNI moves:0/152
Guide Tree 8/16
#NNI moves:0/152
Guide Tree 9/16
#NNI moves:0/152
Guide Tree 10/16
#NNI moves:0/152
Guide Tree 11/16
#NNI moves:0/152
Guide Tree 12/16
#NNI moves:0/152
Guide Tree 13/16
#NNI moves:0/152
Guide Tree 14/16
#NNI moves:0/152
Guide Tree 15/16
#NNI moves:0/152
Remaining: 0
#NNI moves:0/152
#NNI moves:0/152
(((((((((((((((((((78,((91,86),87)),81),(98,88)),99),(79,(80,83))),((95,(77,((92,85),90))),(((94,93),(89,97)),((100,96),84)))),82),((7,69),6)),((((((5,54),51),((21,63),29)),(41,(((50,24),(71,66)),(10,1)))),30),((67,58),(((59,46),28),11)))),(((((35,40),42),22),65),((73,48),(((60,32),55),62)))),((16,26),((20,14),76))),((((((45,(61,9)),53),(((31,44),25),((19,34),8))),((43,68),70)),(57,72)),(((18,39),(2,(36,((23,17),38)))),27))),((3,47),(75,64))),((37,4),33)),(13,49)),52),12),(74,15)),56);
Guide Tree 0/16
#NNI moves:0/152
Guide Tree 1/16
#NNI moves:0/152
Guide Tree 2/16
#NNI moves:0/152
Guide Tree 3/16
#NNI moves:0/152
Guide Tree 4/16
#NNI moves:0/152
Guide Tree 5/16
#NNI moves:0/152
Guide Tree 6/16
#NNI moves:0/152
Guide Tree 7/16
#NNI moves:0/152
Guide Tree 8/16
#NNI moves:0/152
Guide Tree 9/16
#NNI moves:0/152
Guide Tree 10/16
#NNI moves:0/152
Guide Tree 11/16
#NNI moves:0/152
Guide Tree 12/16
#NNI moves:0/152
Guide Tree 13/16
#NNI moves:0/152
Guide Tree 14/16
#NNI moves:0/152
Guide Tree 15/16
#NNI moves:0/152
Remaining: 0
#NNI moves:0/152
#NNI moves:0/152
(((((((((((((((40,35),42),22),65),((48,73),(62,(55,(60,32))))),(((((41,(((71,66),(24,50)),(10,1))),((51,(5,54)),(29,(21,63)))),30),((((59,46),28),11),(67,58))),(((((95,((90,(92,85)),77)),(((97,89),(93,94)),(84,(96,100)))),(((((78,((86,91),87)),81),(98,88)),99),((83,80),79))),82),((69,7),6)))),(((14,20),76),(16,26))),(((((((44,31),25),((34,19),8)),(((9,61),45),53)),((68,43),70)),(57,72)),((((((23,17),38),36),2),(18,39)),27))),((3,47),(75,64))),(33,(37,4))),(13,49)),52),12),(74,15)),56);
Guide Tree 0/16
#NNI moves:0/152
Guide Tree 1/16
#NNI moves:0/152
Guide Tree 2/16
#NNI moves:0/152
Guide Tree 3/16
#NNI moves:0/152
Guide Tree 4/16
#NNI moves:0/152
Guide Tree 5/16
#NNI moves:0/152
Guide Tree 6/16
#NNI moves:0/152
Guide Tree 7/16
#NNI moves:0/152
Guide Tree 8/16
#NNI moves:0/152
Guide Tree 9/16
#NNI moves:0/152
Guide Tree 10/16
#NNI moves:0/152
Guide Tree 11/16
#NNI moves:0/152
Guide Tree 12/16
#NNI moves:0/152
Guide Tree 13/16
#NNI moves:0/152
Guide Tree 14/16
#NNI moves:0/152
Guide Tree 15/16
#NNI moves:0/152
Remaining: 0
#NNI moves:0/152
#NNI moves:0/152
(((((((((((((((((84,(100,96)),((97,89),(93,94))),(((90,(85,92)),77),95)),((((((87,(86,91)),78),81),(98,88)),99),(79,(80,83)))),82),(6,(7,69))),(((((((71,66),(24,50)),(1,10)),41),(((5,54),51),((63,21),29))),30),((11,((46,59),28)),(67,58)))),(((22,(42,(40,35))),65),((((32,60),55),62),(73,48)))),(((20,14),76),(26,16))),(((((((44,31),25),(8,(34,19))),((45,(61,9)),53)),((68,43),70)),(57,72)),(27,(((((17,23),38),36),2),(18,39))))),((64,75),(47,3))),((37,4),33)),(13,49)),52),12),(74,15)),56);
Initial score: 3.76748e+09
Initial tree: (((((((((((((((((84,(100,96)),((97,89),(93,94))),(((90,(85,92)),77),95)),((((((87,(86,91)),78),81),(98,88)),99),(79,(80,83)))),82),(6,(7,69))),(((((((71,66),(24,50)),(1,10)),41),(((5,54),51),((63,21),29))),30),((11,((46,59),28)),(67,58)))),(((22,(42,(40,35))),65),((((32,60),55),62),(73,48)))),(((20,14),76),(26,16))),(((((((44,31),25),(8,(34,19))),((45,(61,9)),53)),((68,43),70)),(57,72)),(27,(((((17,23),38),36),2),(18,39))))),((64,75),(47,3))),((37,4),33)),(13,49)),52),12),(74,15)),56);
*** Subsample Process ***
Use two-step algorithm!
#NNI moves:0/152
Remaining: 0
#NNI moves:0/152
#NNI moves:0/152
(((((((((((((((((43,68),70),((((44,31),25),(8,(34,19))),(53,((61,9),45)))),(72,57)),(((((38,(17,23)),36),2),(18,39)),27)),(((33,(4,37)),(((((74,15),56),12),52),(13,49))),((64,75),(47,3)))),((26,16),((14,20),76))),((((42,(35,40)),22),65),(((55,(60,32)),62),(73,48)))),(((((((71,66),(24,50)),(1,10)),41),((29,(21,63)),((54,5),51))),30),((((59,46),28),11),(67,58)))),((7,69),6)),82),(((((((86,91),87),78),81),(88,98)),99),((83,80),79))),(((90,(92,85)),77),95)),(84,(96,100))),(94,93)),89),97);
#NNI moves:0/152
Remaining: 0
#NNI moves:0/152
#NNI moves:0/152
((((((((((((((((((84,(100,96)),((94,93),(89,97))),(((90,(85,92)),77),95)),(((((((91,86),87),78),81),(98,88)),99),((83,80),79))),82),(6,(7,69))),(((((((24,50),(71,66)),(1,10)),41),((29,(63,21)),(51,(54,5)))),30),((((59,46),28),11),(67,58)))),((65,((42,(35,40)),22)),((62,(55,(32,60))),(48,73)))),((26,16),((20,14),76))),((((((25,(44,31)),((19,34),8)),(53,(45,(61,9)))),((68,43),70)),(72,57)),((((((17,23),38),36),2),(18,39)),27))),((3,47),(64,75))),((4,37),33)),(49,13)),52),12),56),15),74);
#NNI moves:0/152
Remaining: 0
#NNI moves:0/152
#NNI moves:0/152
(((((((((((((((((53,(45,(61,9))),(((31,44),25),((34,19),8))),((43,68),70)),(57,72)),((((((17,23),38),36),2),(18,39)),27)),((((52,(12,(56,(74,15)))),(13,49)),((37,4),33)),((47,3),(64,75)))),(((14,20),76),(16,26))),(((((60,32),55),62),(48,73)),((((40,35),42),22),65))),(((((((71,66),(50,24)),(1,10)),41),(((63,21),29),(51,(5,54)))),30),(((28,(46,59)),11),(58,67)))),((7,69),6)),82),(((((((91,86),87),78),81),(98,88)),99),((80,83),79))),(((90,(85,92)),77),95)),(84,(100,96))),(97,89)),94),93);
#NNI moves:0/152
Remaining: 0
#NNI moves:0/152
#NNI moves:0/152
((((((((((((((((((87,(86,91)),78),81),(88,98)),99),((83,80),79)),(((77,((92,85),90)),95),(((97,89),(93,94)),((96,100),84)))),82),((69,7),6)),((((((1,10),((24,50),(66,71))),41),(((54,5),51),((63,21),29))),30),((((46,59),28),11),(58,67)))),(((((32,60),55),62),(73,48)),((((40,35),42),22),65))),(((20,14),76),(26,16))),(((((((44,31),25),(8,(19,34))),(((9,61),45),53)),((43,68),70)),(57,72)),((((36,((23,17),38)),2),(39,18)),27))),((3,47),(64,75))),(33,(37,4))),(49,13)),(12,((15,74),56))),52);
Current score: 3.76748e+09
Current tree: (((15,74),(12,(((((((((((((((((87,(86,91)),78),81),(88,98)),99),((83,80),79)),(((77,((92,85),90)),95),(((97,89),(93,94)),((96,100),84)))),82),((69,7),6)),((((((1,10),((24,50),(66,71))),41),(((54,5),51),((63,21),29))),30),((((46,59),28),11),(58,67)))),(((((32,60),55),62),(73,48)),((((40,35),42),22),65))),(((20,14),76),(26,16))),(((((((44,31),25),(8,(19,34))),(((9,61),45),53)),((43,68),70)),(57,72)),((((36,((23,17),38)),2),(39,18)),27))),((3,47),(64,75))),(33,(37,4))),(49,13)),52))),56);
Final Tree: (((15,74),(12,(((((((((((((((((87,(86,91)),78),81),(88,98)),99),((83,80),79)),(((77,((92,85),90)),95),(((97,89),(93,94)),((96,100),84)))),82),((69,7),6)),((((((1,10),((24,50),(66,71))),41),(((54,5),51),((63,21),29))),30),((((46,59),28),11),(58,67)))),(((((32,60),55),62),(73,48)),((((40,35),42),22),65))),(((20,14),76),(26,16))),(((((((44,31),25),(8,(19,34))),(((9,61),45),53)),((43,68),70)),(57,72)),((((36,((23,17),38)),2),(39,18)),27))),((3,47),(64,75))),(33,(37,4))),(49,13)),52))),56);
#EqQuartets: 3921225000
Score: 3767476064
Traceback (most recent call last):
  File "/mnt/disk1/wqfm-tree-stuff/experiments/./rfScoreCalculator/getFpFn.py", line 46, in <module>
    estimateTree = readNewickFile(options.estimate_tree)
                   ^^^^^^^^^^^^^^^^^^^^^^^^^^^^^^^^^^^^^
  File "/home/system3/anaconda3/lib/python3.11/site-packages/spruce-1.0-py3.11.egg/spruce/unrooted.py", line 28, in readNewickFile
    f = open(file)
        ^^^^^^^^^^
FileNotFoundError: [Errno 2] No such file or directory: '100taxa/DOI-10-13012-b2idb-5721322_v1/estimated/ntaxa-100.dlrate-0.0.psize-50000000/01/g_trees-with-gt3species-wqfm-tree.tre'

During handling of the above exception, another exception occurred:

Traceback (most recent call last):
  File "/mnt/disk1/wqfm-tree-stuff/experiments/./rfScoreCalculator/getFpFn.py", line 48, in <module>
    estimateTree = parse_tree(readTreesFromRatchet(options.estimate_tree)[0])
                              ^^^^^^^^^^^^^^^^^^^^^^^^^^^^^^^^^^^^^^^^^^^
  File "/home/system3/anaconda3/lib/python3.11/site-packages/spruce-1.0-py3.11.egg/spruce/mrp.py", line 424, in readTreesFromRatchet
FileNotFoundError: [Errno 2] No such file or directory: '100taxa/DOI-10-13012-b2idb-5721322_v1/estimated/ntaxa-100.dlrate-0.0.psize-50000000/01/g_trees-with-gt3species-wqfm-tree.tre'
Traceback (most recent call last):
  File "/mnt/disk1/wqfm-tree-stuff/experiments/./rfScoreCalculator/getFpFn.py", line 46, in <module>
    estimateTree = readNewickFile(options.estimate_tree)
                   ^^^^^^^^^^^^^^^^^^^^^^^^^^^^^^^^^^^^^
  File "/home/system3/anaconda3/lib/python3.11/site-packages/spruce-1.0-py3.11.egg/spruce/unrooted.py", line 28, in readNewickFile
    f = open(file)
        ^^^^^^^^^^
FileNotFoundError: [Errno 2] No such file or directory: '100taxa/DOI-10-13012-b2idb-5721322_v1/estimated/ntaxa-100.dlrate-0.0.psize-50000000/02/g_trees-with-gt3species-wqfm-tree.tre'

During handling of the above exception, another exception occurred:

Traceback (most recent call last):
  File "/mnt/disk1/wqfm-tree-stuff/experiments/./rfScoreCalculator/getFpFn.py", line 48, in <module>
    estimateTree = parse_tree(readTreesFromRatchet(options.estimate_tree)[0])
                              ^^^^^^^^^^^^^^^^^^^^^^^^^^^^^^^^^^^^^^^^^^^
  File "/home/system3/anaconda3/lib/python3.11/site-packages/spruce-1.0-py3.11.egg/spruce/mrp.py", line 424, in readTreesFromRatchet
FileNotFoundError: [Errno 2] No such file or directory: '100taxa/DOI-10-13012-b2idb-5721322_v1/estimated/ntaxa-100.dlrate-0.0.psize-50000000/02/g_trees-with-gt3species-wqfm-tree.tre'
Traceback (most recent call last):
  File "/mnt/disk1/wqfm-tree-stuff/experiments/./rfScoreCalculator/getFpFn.py", line 46, in <module>
    estimateTree = readNewickFile(options.estimate_tree)
                   ^^^^^^^^^^^^^^^^^^^^^^^^^^^^^^^^^^^^^
  File "/home/system3/anaconda3/lib/python3.11/site-packages/spruce-1.0-py3.11.egg/spruce/unrooted.py", line 28, in readNewickFile
    f = open(file)
        ^^^^^^^^^^
FileNotFoundError: [Errno 2] No such file or directory: '100taxa/DOI-10-13012-b2idb-5721322_v1/estimated/ntaxa-100.dlrate-0.0.psize-50000000/03/g_trees-with-gt3species-wqfm-tree.tre'

During handling of the above exception, another exception occurred:

Traceback (most recent call last):
  File "/mnt/disk1/wqfm-tree-stuff/experiments/./rfScoreCalculator/getFpFn.py", line 48, in <module>
    estimateTree = parse_tree(readTreesFromRatchet(options.estimate_tree)[0])
                              ^^^^^^^^^^^^^^^^^^^^^^^^^^^^^^^^^^^^^^^^^^^
  File "/home/system3/anaconda3/lib/python3.11/site-packages/spruce-1.0-py3.11.egg/spruce/mrp.py", line 424, in readTreesFromRatchet
FileNotFoundError: [Errno 2] No such file or directory: '100taxa/DOI-10-13012-b2idb-5721322_v1/estimated/ntaxa-100.dlrate-0.0.psize-50000000/03/g_trees-with-gt3species-wqfm-tree.tre'
Traceback (most recent call last):
  File "/mnt/disk1/wqfm-tree-stuff/experiments/./rfScoreCalculator/getFpFn.py", line 46, in <module>
    estimateTree = readNewickFile(options.estimate_tree)
                   ^^^^^^^^^^^^^^^^^^^^^^^^^^^^^^^^^^^^^
  File "/home/system3/anaconda3/lib/python3.11/site-packages/spruce-1.0-py3.11.egg/spruce/unrooted.py", line 28, in readNewickFile
    f = open(file)
        ^^^^^^^^^^
FileNotFoundError: [Errno 2] No such file or directory: '100taxa/DOI-10-13012-b2idb-5721322_v1/estimated/ntaxa-100.dlrate-0.0.psize-50000000/04/g_trees-with-gt3species-wqfm-tree.tre'

During handling of the above exception, another exception occurred:

Traceback (most recent call last):
  File "/mnt/disk1/wqfm-tree-stuff/experiments/./rfScoreCalculator/getFpFn.py", line 48, in <module>
    estimateTree = parse_tree(readTreesFromRatchet(options.estimate_tree)[0])
                              ^^^^^^^^^^^^^^^^^^^^^^^^^^^^^^^^^^^^^^^^^^^
  File "/home/system3/anaconda3/lib/python3.11/site-packages/spruce-1.0-py3.11.egg/spruce/mrp.py", line 424, in readTreesFromRatchet
FileNotFoundError: [Errno 2] No such file or directory: '100taxa/DOI-10-13012-b2idb-5721322_v1/estimated/ntaxa-100.dlrate-0.0.psize-50000000/04/g_trees-with-gt3species-wqfm-tree.tre'
Traceback (most recent call last):
  File "/mnt/disk1/wqfm-tree-stuff/experiments/./rfScoreCalculator/getFpFn.py", line 46, in <module>
    estimateTree = readNewickFile(options.estimate_tree)
                   ^^^^^^^^^^^^^^^^^^^^^^^^^^^^^^^^^^^^^
  File "/home/system3/anaconda3/lib/python3.11/site-packages/spruce-1.0-py3.11.egg/spruce/unrooted.py", line 28, in readNewickFile
    f = open(file)
        ^^^^^^^^^^
FileNotFoundError: [Errno 2] No such file or directory: '100taxa/DOI-10-13012-b2idb-5721322_v1/estimated/ntaxa-100.dlrate-0.0.psize-50000000/05/g_trees-with-gt3species-wqfm-tree.tre'

During handling of the above exception, another exception occurred:

Traceback (most recent call last):
  File "/mnt/disk1/wqfm-tree-stuff/experiments/./rfScoreCalculator/getFpFn.py", line 48, in <module>
    estimateTree = parse_tree(readTreesFromRatchet(options.estimate_tree)[0])
                              ^^^^^^^^^^^^^^^^^^^^^^^^^^^^^^^^^^^^^^^^^^^
  File "/home/system3/anaconda3/lib/python3.11/site-packages/spruce-1.0-py3.11.egg/spruce/mrp.py", line 424, in readTreesFromRatchet
FileNotFoundError: [Errno 2] No such file or directory: '100taxa/DOI-10-13012-b2idb-5721322_v1/estimated/ntaxa-100.dlrate-0.0.psize-50000000/05/g_trees-with-gt3species-wqfm-tree.tre'
Traceback (most recent call last):
  File "/mnt/disk1/wqfm-tree-stuff/experiments/./rfScoreCalculator/getFpFn.py", line 46, in <module>
    estimateTree = readNewickFile(options.estimate_tree)
                   ^^^^^^^^^^^^^^^^^^^^^^^^^^^^^^^^^^^^^
  File "/home/system3/anaconda3/lib/python3.11/site-packages/spruce-1.0-py3.11.egg/spruce/unrooted.py", line 28, in readNewickFile
    f = open(file)
        ^^^^^^^^^^
FileNotFoundError: [Errno 2] No such file or directory: '100taxa/DOI-10-13012-b2idb-5721322_v1/estimated/ntaxa-100.dlrate-0.0.psize-50000000/06/g_trees-with-gt3species-wqfm-tree.tre'

During handling of the above exception, another exception occurred:

Traceback (most recent call last):
  File "/mnt/disk1/wqfm-tree-stuff/experiments/./rfScoreCalculator/getFpFn.py", line 48, in <module>
    estimateTree = parse_tree(readTreesFromRatchet(options.estimate_tree)[0])
                              ^^^^^^^^^^^^^^^^^^^^^^^^^^^^^^^^^^^^^^^^^^^
  File "/home/system3/anaconda3/lib/python3.11/site-packages/spruce-1.0-py3.11.egg/spruce/mrp.py", line 424, in readTreesFromRatchet
FileNotFoundError: [Errno 2] No such file or directory: '100taxa/DOI-10-13012-b2idb-5721322_v1/estimated/ntaxa-100.dlrate-0.0.psize-50000000/06/g_trees-with-gt3species-wqfm-tree.tre'
Traceback (most recent call last):
  File "/mnt/disk1/wqfm-tree-stuff/experiments/./rfScoreCalculator/getFpFn.py", line 46, in <module>
    estimateTree = readNewickFile(options.estimate_tree)
                   ^^^^^^^^^^^^^^^^^^^^^^^^^^^^^^^^^^^^^
  File "/home/system3/anaconda3/lib/python3.11/site-packages/spruce-1.0-py3.11.egg/spruce/unrooted.py", line 28, in readNewickFile
    f = open(file)
        ^^^^^^^^^^
FileNotFoundError: [Errno 2] No such file or directory: '100taxa/DOI-10-13012-b2idb-5721322_v1/estimated/ntaxa-100.dlrate-0.0.psize-50000000/07/g_trees-with-gt3species-wqfm-tree.tre'

During handling of the above exception, another exception occurred:

Traceback (most recent call last):
  File "/mnt/disk1/wqfm-tree-stuff/experiments/./rfScoreCalculator/getFpFn.py", line 48, in <module>
    estimateTree = parse_tree(readTreesFromRatchet(options.estimate_tree)[0])
                              ^^^^^^^^^^^^^^^^^^^^^^^^^^^^^^^^^^^^^^^^^^^
  File "/home/system3/anaconda3/lib/python3.11/site-packages/spruce-1.0-py3.11.egg/spruce/mrp.py", line 424, in readTreesFromRatchet
FileNotFoundError: [Errno 2] No such file or directory: '100taxa/DOI-10-13012-b2idb-5721322_v1/estimated/ntaxa-100.dlrate-0.0.psize-50000000/07/g_trees-with-gt3species-wqfm-tree.tre'
Traceback (most recent call last):
  File "/mnt/disk1/wqfm-tree-stuff/experiments/./rfScoreCalculator/getFpFn.py", line 46, in <module>
    estimateTree = readNewickFile(options.estimate_tree)
                   ^^^^^^^^^^^^^^^^^^^^^^^^^^^^^^^^^^^^^
  File "/home/system3/anaconda3/lib/python3.11/site-packages/spruce-1.0-py3.11.egg/spruce/unrooted.py", line 28, in readNewickFile
    f = open(file)
        ^^^^^^^^^^
FileNotFoundError: [Errno 2] No such file or directory: '100taxa/DOI-10-13012-b2idb-5721322_v1/estimated/ntaxa-100.dlrate-0.0.psize-50000000/08/g_trees-with-gt3species-wqfm-tree.tre'

During handling of the above exception, another exception occurred:

Traceback (most recent call last):
  File "/mnt/disk1/wqfm-tree-stuff/experiments/./rfScoreCalculator/getFpFn.py", line 48, in <module>
    estimateTree = parse_tree(readTreesFromRatchet(options.estimate_tree)[0])
                              ^^^^^^^^^^^^^^^^^^^^^^^^^^^^^^^^^^^^^^^^^^^
  File "/home/system3/anaconda3/lib/python3.11/site-packages/spruce-1.0-py3.11.egg/spruce/mrp.py", line 424, in readTreesFromRatchet
FileNotFoundError: [Errno 2] No such file or directory: '100taxa/DOI-10-13012-b2idb-5721322_v1/estimated/ntaxa-100.dlrate-0.0.psize-50000000/08/g_trees-with-gt3species-wqfm-tree.tre'
Traceback (most recent call last):
  File "/mnt/disk1/wqfm-tree-stuff/experiments/./rfScoreCalculator/getFpFn.py", line 46, in <module>
    estimateTree = readNewickFile(options.estimate_tree)
                   ^^^^^^^^^^^^^^^^^^^^^^^^^^^^^^^^^^^^^
  File "/home/system3/anaconda3/lib/python3.11/site-packages/spruce-1.0-py3.11.egg/spruce/unrooted.py", line 28, in readNewickFile
    f = open(file)
        ^^^^^^^^^^
FileNotFoundError: [Errno 2] No such file or directory: '100taxa/DOI-10-13012-b2idb-5721322_v1/estimated/ntaxa-100.dlrate-0.0.psize-50000000/09/g_trees-with-gt3species-wqfm-tree.tre'

During handling of the above exception, another exception occurred:

Traceback (most recent call last):
  File "/mnt/disk1/wqfm-tree-stuff/experiments/./rfScoreCalculator/getFpFn.py", line 48, in <module>
    estimateTree = parse_tree(readTreesFromRatchet(options.estimate_tree)[0])
                              ^^^^^^^^^^^^^^^^^^^^^^^^^^^^^^^^^^^^^^^^^^^
  File "/home/system3/anaconda3/lib/python3.11/site-packages/spruce-1.0-py3.11.egg/spruce/mrp.py", line 424, in readTreesFromRatchet
FileNotFoundError: [Errno 2] No such file or directory: '100taxa/DOI-10-13012-b2idb-5721322_v1/estimated/ntaxa-100.dlrate-0.0.psize-50000000/09/g_trees-with-gt3species-wqfm-tree.tre'
Traceback (most recent call last):
  File "/mnt/disk1/wqfm-tree-stuff/experiments/./rfScoreCalculator/getFpFn.py", line 46, in <module>
    estimateTree = readNewickFile(options.estimate_tree)
                   ^^^^^^^^^^^^^^^^^^^^^^^^^^^^^^^^^^^^^
  File "/home/system3/anaconda3/lib/python3.11/site-packages/spruce-1.0-py3.11.egg/spruce/unrooted.py", line 28, in readNewickFile
    f = open(file)
        ^^^^^^^^^^
FileNotFoundError: [Errno 2] No such file or directory: '100taxa/DOI-10-13012-b2idb-5721322_v1/estimated/ntaxa-100.dlrate-0.0.psize-50000000/10/g_trees-with-gt3species-wqfm-tree.tre'

During handling of the above exception, another exception occurred:

Traceback (most recent call last):
  File "/mnt/disk1/wqfm-tree-stuff/experiments/./rfScoreCalculator/getFpFn.py", line 48, in <module>
    estimateTree = parse_tree(readTreesFromRatchet(options.estimate_tree)[0])
                              ^^^^^^^^^^^^^^^^^^^^^^^^^^^^^^^^^^^^^^^^^^^
  File "/home/system3/anaconda3/lib/python3.11/site-packages/spruce-1.0-py3.11.egg/spruce/mrp.py", line 424, in readTreesFromRatchet
FileNotFoundError: [Errno 2] No such file or directory: '100taxa/DOI-10-13012-b2idb-5721322_v1/estimated/ntaxa-100.dlrate-0.0.psize-50000000/10/g_trees-with-gt3species-wqfm-tree.tre'
Traceback (most recent call last):
  File "/mnt/disk1/wqfm-tree-stuff/experiments/./scripts/rfAverager.py", line 17, in <module>
    print('({})'.format(','.join(map(str, [sm[i] / count for i in range(len(sm))]))))
                                          ^^^^^^^^^^^^^^^^^^^^^^^^^^^^^^^^^^^^^^^
  File "/mnt/disk1/wqfm-tree-stuff/experiments/./scripts/rfAverager.py", line 17, in <listcomp>
    print('({})'.format(','.join(map(str, [sm[i] / count for i in range(len(sm))]))))
                                           ~~~~~~^~~~~~~
ZeroDivisionError: division by zero
