100taxa/DOI-10-13012-b2idb-5721322_v1/estimated/ntaxa-100.dlrate-0.0000000002.psize-50000000: 100taxa/DOI-10-13012-b2idb-5721322_v1/estimated/ntaxa-100.dlrate-0.0000000002.psize-50000000: Is a directory
100taxa/DOI-10-13012-b2idb-5721322_v1/estimated/ntaxa-100.dlrate-0.0000000002.psize-50000000: 100taxa/DOI-10-13012-b2idb-5721322_v1/estimated/ntaxa-100.dlrate-0.0000000002.psize-50000000: Is a directory
ASTRAL for PaRalogs and Orthologs III (ASTRAL-Pro3)
*** NOW with integrated CASTLES-Pro ***
Version: v1.22.3.6
Read 512 genetrees and found 100 species.
#Genetrees: 997
#Duploss: 12944
#Species: 100
#Rounds: 4
#Samples: 4
#Threads: 1
Use two-step algorithm!
Guide Tree 0/16
#NNI moves:0/152
Guide Tree 1/16
#NNI moves:0/152
Guide Tree 2/16
#NNI moves:0/152
Guide Tree 3/16
#NNI moves:0/152
Guide Tree 4/16
#NNI moves:0/152
Guide Tree 5/16
#NNI moves:0/152
Guide Tree 6/16
#NNI moves:0/152
Guide Tree 7/16
#NNI moves:0/152
Guide Tree 8/16
#NNI moves:0/152
Guide Tree 9/16
#NNI moves:0/152
Guide Tree 10/16
#NNI moves:0/152
Guide Tree 11/16
#NNI moves:0/152
Guide Tree 12/16
#NNI moves:0/152
Guide Tree 13/16
#NNI moves:0/152
Guide Tree 14/16
#NNI moves:0/152
Guide Tree 15/16
#NNI moves:0/152
Remaining: 0
#NNI moves:0/152
#NNI moves:0/152
(((((((((((94,30),36),91),((((44,(50,23)),(16,71)),97),77)),(((41,33),(39,17)),(((15,68),76),(18,51)))),(((4,5),2),(7,(((((1,11),8),(6,9)),10),(3,12))))),((((((((66,28),(14,99)),83),61),(67,42)),((88,81),(82,62))),(38,37)),((((((((69,55),35),34),((86,40),70)),(65,24)),((((90,21),87),79),75)),(((((73,74),(84,59)),((85,46),(22,48))),(((((53,(56,26)),(45,(29,(60,27)))),80),((100,(95,92)),(43,13))),(78,(64,72)))),(98,54))),(((96,32),57),(49,89))))),(((52,47),(25,31)),(93,20))),63),58),19);
Guide Tree 0/16
#NNI moves:0/152
Guide Tree 1/16
#NNI moves:0/152
Guide Tree 2/16
#NNI moves:0/152
Guide Tree 3/16
#NNI moves:0/152
Guide Tree 4/16
#NNI moves:0/152
Guide Tree 5/16
#NNI moves:0/152
Guide Tree 6/16
#NNI moves:0/152
Guide Tree 7/16
#NNI moves:0/152
Guide Tree 8/16
#NNI moves:0/152
Guide Tree 9/16
#NNI moves:0/152
Guide Tree 10/16
#NNI moves:0/152
Guide Tree 11/16
#NNI moves:0/152
Guide Tree 12/16
#NNI moves:0/152
Guide Tree 13/16
#NNI moves:0/152
Guide Tree 14/16
#NNI moves:0/152
Guide Tree 15/16
#NNI moves:0/152
Remaining: 0
#NNI moves:0/152
#NNI moves:0/152
(((((((((((((40,86),70),(((55,69),35),34)),(24,65)),((79,((21,90),87)),75)),(((((((53,(56,26)),(((60,27),29),45)),80),((13,43),((95,92),100))),((64,72),78)),(((59,84),(73,74)),((46,85),(48,22)))),(54,98))),((49,89),(57,(96,32)))),(((((((66,28),(99,14)),83),61),(67,42)),((82,62),(88,81))),(37,38))),(((((51,18),(76,(68,15))),((41,33),(17,39))),(((97,((16,71),(44,(50,23)))),77),((36,(94,30)),91))),(((5,4),2),(((12,3),(((6,9),((1,11),8)),10)),7)))),((20,93),((52,47),(25,31)))),63),58),19);
Guide Tree 0/16
#NNI moves:0/152
Guide Tree 1/16
#NNI moves:0/152
Guide Tree 2/16
#NNI moves:0/152
Guide Tree 3/16
#NNI moves:0/152
Guide Tree 4/16
#NNI moves:0/152
Guide Tree 5/16
#NNI moves:0/152
Guide Tree 6/16
#NNI moves:0/152
Guide Tree 7/16
#NNI moves:0/152
Guide Tree 8/16
#NNI moves:0/152
Guide Tree 9/16
#NNI moves:0/152
Guide Tree 10/16
#NNI moves:0/152
Guide Tree 11/16
#NNI moves:0/152
Guide Tree 12/16
#NNI moves:0/152
Guide Tree 13/16
#NNI moves:0/152
Guide Tree 14/16
#NNI moves:0/152
Guide Tree 15/16
#NNI moves:0/152
Remaining: 0
#NNI moves:0/152
#NNI moves:0/152
((((((((((18,51),((68,15),76)),((33,41),(17,39))),((91,((94,30),36)),(77,(((44,(23,50)),(71,16)),97)))),((((((6,9),((1,11),8)),10),(3,12)),7),((5,4),2))),((((((((((53,(56,26)),(((27,60),29),45)),80),(((95,92),100),(43,13))),(78,(64,72))),(((22,48),(46,85)),((59,84),(74,73)))),(54,98)),(((24,65),(((40,86),70),(((55,69),35),34))),((((90,21),87),79),75))),((57,(32,96)),(89,49))),(((((((14,99),(66,28)),83),61),(42,67)),((88,81),(62,82))),(38,37)))),((20,93),((31,25),(52,47)))),63),58),19);
Guide Tree 0/16
#NNI moves:0/152
Guide Tree 1/16
#NNI moves:0/152
Guide Tree 2/16
#NNI moves:0/152
Guide Tree 3/16
#NNI moves:0/152
Guide Tree 4/16
#NNI moves:0/152
Guide Tree 5/16
#NNI moves:0/152
Guide Tree 6/16
#NNI moves:0/152
Guide Tree 7/16
#NNI moves:0/152
Guide Tree 8/16
#NNI moves:0/152
Guide Tree 9/16
#NNI moves:0/152
Guide Tree 10/16
#NNI moves:0/152
Guide Tree 11/16
#NNI moves:0/152
Guide Tree 12/16
#NNI moves:0/152
Guide Tree 13/16
#NNI moves:0/152
Guide Tree 14/16
#NNI moves:0/152
Guide Tree 15/16
#NNI moves:0/152
Remaining: 0
#NNI moves:0/152
#NNI moves:0/152
((((((((((((((((56,26),53),(45,(29,(60,27)))),80),(((92,95),100),(43,13))),((72,64),78)),(((73,74),(59,84)),((85,46),(22,48)))),(54,98)),((((34,((55,69),35)),((86,40),70)),(24,65)),((79,((90,21),87)),75))),((89,49),(57,(32,96)))),((38,37),((((83,((66,28),(99,14))),61),(67,42)),((62,82),(81,88))))),(((((36,(94,30)),91),(((((23,50),44),(16,71)),97),77)),(((17,39),(33,41)),(((68,15),76),(18,51)))),((((((9,6),((1,11),8)),10),(3,12)),7),(2,(5,4))))),(((47,52),(25,31)),(93,20))),63),58),19);
Initial score: 1.51095e+09
Initial tree: ((((((((((((((((56,26),53),(45,(29,(60,27)))),80),(((92,95),100),(43,13))),((72,64),78)),(((73,74),(59,84)),((85,46),(22,48)))),(54,98)),((((34,((55,69),35)),((86,40),70)),(24,65)),((79,((90,21),87)),75))),((89,49),(57,(32,96)))),((38,37),((((83,((66,28),(99,14))),61),(67,42)),((62,82),(81,88))))),(((((36,(94,30)),91),(((((23,50),44),(16,71)),97),77)),(((17,39),(33,41)),(((68,15),76),(18,51)))),((((((9,6),((1,11),8)),10),(3,12)),7),(2,(5,4))))),(((47,52),(25,31)),(93,20))),63),58),19);
*** Subsample Process ***
Use two-step algorithm!
#NNI moves:0/152
Remaining: 0
#NNI moves:0/152
#NNI moves:0/152
(((((((((((((((((((94,30),36),91),(((((23,50),44),(71,16)),97),77)),(((33,41),(39,17)),(((15,68),76),(51,18)))),((((((8,(11,1)),(9,6)),10),(12,3)),7),(2,(5,4)))),((((25,31),(47,52)),(20,93)),((58,19),63))),(((((((66,28),(99,14)),83),61),(42,67)),((88,81),(82,62))),(38,37))),((89,49),((32,96),57))),(((((86,40),70),((35,(55,69)),34)),(65,24)),((((21,90),87),79),75))),(54,98)),(((48,22),(46,85)),((59,84),(74,73)))),((64,72),78)),((43,13),((95,92),100))),80),(45,((60,27),29))),53),26),56);
#NNI moves:0/152
Remaining: 0
#NNI moves:0/152
#NNI moves:0/152
((((((((((((((43,13),((95,92),100)),(((53,(56,26)),((29,(27,60)),45)),80)),(78,(72,64))),(((74,73),(59,84)),((22,48),(85,46)))),(98,54)),(((((86,40),70),(((69,55),35),34)),(65,24)),((((21,90),87),79),75))),((89,49),((32,96),57))),(((((83,((28,66),(99,14))),61),(42,67)),((62,82),(81,88))),(37,38))),(((((41,33),(39,17)),(((15,68),76),(51,18))),((((((50,23),44),(16,71)),97),77),((36,(30,94)),91))),((((10,(((1,11),8),(6,9))),(3,12)),7),((5,4),2)))),(((52,47),(31,25)),(20,93))),63),19),58);
#NNI moves:0/152
Remaining: 0
#NNI moves:0/152
#NNI moves:0/152
((((((((((((((((39,17),(41,33)),((76,(68,15)),(18,51))),((77,(((71,16),((50,23),44)),97)),(((30,94),36),91))),((((12,3),(((9,6),(8,(1,11))),10)),7),((5,4),2))),((((52,47),(31,25)),(20,93)),((19,58),63))),((((42,67),((((66,28),(99,14)),83),61)),((62,82),(88,81))),(38,37))),(((32,96),57),(89,49))),(((((86,40),70),(((69,55),35),34)),(65,24)),((((21,90),87),79),75))),(98,54)),(((46,85),(22,48)),((84,59),(73,74)))),(78,(64,72))),((((56,26),53),((29,(27,60)),45)),80)),(100,(95,92))),43),13);
#NNI moves:0/152
Remaining: 0
#NNI moves:0/152
#NNI moves:0/152
((((((((((((((59,84),(74,73)),((85,46),(48,22))),(((80,((45,(29,(60,27))),((26,56),53))),(((95,92),100),(43,13))),(78,(64,72)))),(54,98)),((((34,((69,55),35)),(70,(40,86))),(65,24)),(((87,(21,90)),79),75))),((57,(96,32)),(49,89))),(((((((66,28),(14,99)),83),61),(42,67)),((82,62),(81,88))),(38,37))),((((((94,30),36),91),((((16,71),((23,50),44)),97),77)),(((18,51),((68,15),76)),((33,41),(39,17)))),((((3,12),(((9,6),((1,11),8)),10)),7),((4,5),2)))),(63,(58,19))),(93,20)),(25,31)),47),52);
Current score: 1.51095e+09
Current tree: ((58,(63,((((((((((59,84),(74,73)),((85,46),(48,22))),(((80,((45,(29,(60,27))),((26,56),53))),(((95,92),100),(43,13))),(78,(64,72)))),(54,98)),((((34,((69,55),35)),(70,(40,86))),(65,24)),(((87,(21,90)),79),75))),((57,(96,32)),(49,89))),(((((((66,28),(14,99)),83),61),(42,67)),((82,62),(81,88))),(38,37))),((((((94,30),36),91),((((16,71),((23,50),44)),97),77)),(((18,51),((68,15),76)),((33,41),(39,17)))),((((3,12),(((9,6),((1,11),8)),10)),7),((4,5),2)))),((93,20),((25,31),(47,52)))))),19);
Final Tree: ((58,(63,((((((((((59,84),(74,73)),((85,46),(48,22))),(((80,((45,(29,(60,27))),((26,56),53))),(((95,92),100),(43,13))),(78,(64,72)))),(54,98)),((((34,((69,55),35)),(70,(40,86))),(65,24)),(((87,(21,90)),79),75))),((57,(96,32)),(49,89))),(((((((66,28),(14,99)),83),61),(42,67)),((82,62),(81,88))),(38,37))),((((((94,30),36),91),((((16,71),((23,50),44)),97),77)),(((18,51),((68,15),76)),((33,41),(39,17)))),((((3,12),(((9,6),((1,11),8)),10)),7),((4,5),2)))),((93,20),((25,31),(47,52)))))),19);
#EqQuartets: 1544680502
Score: 1510949914
ASTRAL for PaRalogs and Orthologs III (ASTRAL-Pro3)
*** NOW with integrated CASTLES-Pro ***
Version: v1.22.3.6
Read 512 genetrees and found 100 species.
#Genetrees: 1000
#Duploss: 15102
#Species: 100
#Rounds: 4
#Samples: 4
#Threads: 1
Use two-step algorithm!
Guide Tree 0/16
#NNI moves:0/152
Guide Tree 1/16
#NNI moves:0/152
Guide Tree 2/16
#NNI moves:0/152
Guide Tree 3/16
#NNI moves:0/152
Guide Tree 4/16
#NNI moves:0/152
Guide Tree 5/16
#NNI moves:0/152
Guide Tree 6/16
#NNI moves:0/152
Guide Tree 7/16
#NNI moves:0/152
Guide Tree 8/16
#NNI moves:0/152
Guide Tree 9/16
#NNI moves:0/152
Guide Tree 10/16
#NNI moves:0/152
Guide Tree 11/16
#NNI moves:0/152
Guide Tree 12/16
#NNI moves:0/152
Guide Tree 13/16
#NNI moves:0/152
Guide Tree 14/16
#NNI moves:0/152
Guide Tree 15/16
#NNI moves:0/152
Remaining: 0
#NNI moves:2/152
#NNI moves:2/152
(((((((((((((((((((82,(65,63)),92),61),59),51),((((97,84),88),((72,94),83)),(66,55))),(86,(87,46))),(54,(57,98))),(((((95,47),(90,76)),56),((74,79),(70,89))),67)),((((((69,85),52),(73,(48,58))),((((78,96),(49,100)),((64,68),91)),(80,71))),(50,((53,(77,99)),75))),((81,62),(93,60)))),((((26,2),8),(((((7,9),33),28),14),11)),((((38,40),(((1,3),34),(16,(18,4)))),(45,((19,22),(6,27)))),36))),((39,(31,15)),((43,42),17))),(((10,21),30),(5,23))),((35,13),(32,20))),((12,37),29)),44),25),41),24);
Guide Tree 0/16
#NNI moves:0/152
Guide Tree 1/16
#NNI moves:0/152
Guide Tree 2/16
#NNI moves:0/152
Guide Tree 3/16
#NNI moves:0/152
Guide Tree 4/16
#NNI moves:0/152
Guide Tree 5/16
#NNI moves:0/152
Guide Tree 6/16
#NNI moves:0/152
Guide Tree 7/16
#NNI moves:0/152
Guide Tree 8/16
#NNI moves:0/152
Guide Tree 9/16
#NNI moves:0/152
Guide Tree 10/16
#NNI moves:0/152
Guide Tree 11/16
#NNI moves:0/152
Guide Tree 12/16
#NNI moves:0/152
Guide Tree 13/16
#NNI moves:0/152
Guide Tree 14/16
#NNI moves:0/152
Guide Tree 15/16
#NNI moves:0/152
Remaining: 0
#NNI moves:0/152
#NNI moves:0/152
(((((((((((((((79,74),(89,70)),(56,((76,90),(95,47)))),67),(((98,57),54),(((((((82,(65,63)),92),61),59),51),((((94,72),83),(88,(84,97))),(55,66))),((87,46),86)))),(((((73,(58,48)),(52,(69,85))),((80,71),(((49,100),(96,78)),(91,(64,68))))),(50,(((99,77),53),75))),((60,93),(62,81)))),(((((38,40),(((4,18),16),((3,1),34))),(((19,22),(6,27)),45)),36),(((((33,(9,7)),28),14),11),((26,2),8)))),(((43,42),17),((15,31),39))),((30,(21,10)),(5,23))),((32,20),(13,35))),((12,37),29)),44),25),41),24);
Guide Tree 0/16
#NNI moves:0/152
Guide Tree 1/16
#NNI moves:0/152
Guide Tree 2/16
#NNI moves:0/152
Guide Tree 3/16
#NNI moves:0/152
Guide Tree 4/16
#NNI moves:0/152
Guide Tree 5/16
#NNI moves:0/152
Guide Tree 6/16
#NNI moves:0/152
Guide Tree 7/16
#NNI moves:0/152
Guide Tree 8/16
#NNI moves:0/152
Guide Tree 9/16
#NNI moves:0/152
Guide Tree 10/16
#NNI moves:0/152
Guide Tree 11/16
#NNI moves:0/152
Guide Tree 12/16
#NNI moves:0/152
Guide Tree 13/16
#NNI moves:0/152
Guide Tree 14/16
#NNI moves:0/152
Guide Tree 15/16
#NNI moves:0/152
Remaining: 0
#NNI moves:2/152
#NNI moves:2/152
(((((((((((((50,(75,(53,(99,77)))),((((58,48),73),((69,85),52)),(((91,(68,64)),((78,96),(49,100))),(71,80)))),((93,60),(62,81))),((((((66,55),((88,(84,97)),(83,(94,72)))),((59,((((63,65),82),92),61)),51)),((46,87),86)),((98,57),54)),((((79,74),(89,70)),(56,((47,95),(90,76)))),67))),((((((6,27),(22,19)),45),((((18,4),16),((1,3),34)),(40,38))),36),(((2,26),8),(((28,((7,9),33)),14),11)))),((39,(31,15)),(17,(42,43)))),((30,(10,21)),(23,5))),((35,13),(20,32))),((12,37),29)),44),25),41),24);
Guide Tree 0/16
#NNI moves:0/152
Guide Tree 1/16
#NNI moves:0/152
Guide Tree 2/16
#NNI moves:0/152
Guide Tree 3/16
#NNI moves:0/152
Guide Tree 4/16
#NNI moves:0/152
Guide Tree 5/16
#NNI moves:0/152
Guide Tree 6/16
#NNI moves:0/152
Guide Tree 7/16
#NNI moves:0/152
Guide Tree 8/16
#NNI moves:0/152
Guide Tree 9/16
#NNI moves:0/152
Guide Tree 10/16
#NNI moves:0/152
Guide Tree 11/16
#NNI moves:0/152
Guide Tree 12/16
#NNI moves:0/152
Guide Tree 13/16
#NNI moves:0/152
Guide Tree 14/16
#NNI moves:0/152
Guide Tree 15/16
#NNI moves:0/152
Remaining: 0
#NNI moves:0/152
#NNI moves:0/152
(((((((((((((((89,70),(79,74)),(((90,76),(95,47)),56)),67),((((46,87),86),(((((94,72),83),((84,97),88)),(66,55)),((((92,(82,(65,63))),61),59),51))),((98,57),54))),(((((71,80),(((78,96),(100,49)),(91,(68,64)))),(((69,85),52),(73,(58,48)))),(((53,(77,99)),75),50)),((62,81),(93,60)))),(((((28,((7,9),33)),14),11),(8,(2,26))),((((((18,4),16),(34,(1,3))),(38,40)),(((6,27),(22,19)),45)),36))),((17,(43,42)),(39,(15,31)))),((23,5),((21,10),30))),((35,13),(20,32))),((37,12),29)),44),25),41),24);
Initial score: 1.25314e+09
Initial tree: (((((((((((((((89,70),(79,74)),(((90,76),(95,47)),56)),67),((((46,87),86),(((((94,72),83),((84,97),88)),(66,55)),((((92,(82,(65,63))),61),59),51))),((98,57),54))),(((((71,80),(((78,96),(100,49)),(91,(68,64)))),(((69,85),52),(73,(58,48)))),(((53,(77,99)),75),50)),((62,81),(93,60)))),(((((28,((7,9),33)),14),11),(8,(2,26))),((((((18,4),16),(34,(1,3))),(38,40)),(((6,27),(22,19)),45)),36))),((17,(43,42)),(39,(15,31)))),((23,5),((21,10),30))),((35,13),(20,32))),((37,12),29)),44),25),41),24);
*** Subsample Process ***
Use two-step algorithm!
#NNI moves:0/152
Remaining: 0
#NNI moves:6/152
#NNI moves:6/152
((((((((((((8,(2,26)),((14,(((7,9),33),28)),11)),(36,(((((18,4),16),(34,(1,3))),(40,38)),(((19,22),(27,6)),45)))),(((((35,13),(32,20)),((((41,24),25),44),((37,12),29))),((23,5),((21,10),30))),((39,(31,15)),((42,43),17)))),((((((69,85),52),((48,58),73)),((((49,100),(96,78)),((68,64),91)),(71,80))),(((53,(99,77)),75),50)),((81,62),(60,93)))),((((((88,(84,97)),(83,(94,72))),(55,66)),(((((82,(65,63)),92),61),59),51)),(86,(46,87))),((57,98),54))),67),((79,74),(70,89))),56),(47,95)),76),90);
#NNI moves:0/152
Remaining: 0
#NNI moves:0/152
#NNI moves:0/152
(((((((((((((((71,80),(((68,64),91),((49,100),(78,96)))),(((48,58),73),(52,(85,69)))),(50,((53,(77,99)),75))),((81,62),(60,93))),((((((((92,((63,65),82)),61),59),51),(((88,(84,97)),(83,(94,72))),(66,55))),(86,(46,87))),(54,(98,57))),(((((76,90),(47,95)),56),((79,74),(70,89))),67))),(((((((7,9),33),28),14),11),((26,2),8)),(((((16,(18,4)),((3,1),34)),(40,38)),(45,((27,6),(19,22)))),36))),((17,(43,42)),((15,31),39))),((5,23),(30,(10,21)))),((35,13),(20,32))),((12,37),29)),44),25),24),41);
#NNI moves:0/152
Remaining: 0
#NNI moves:0/152
#NNI moves:0/152
((((((((((((((40,38),(((4,18),16),((1,3),34))),(((22,19),(6,27)),45)),36),((((((7,9),33),28),14),11),(8,(26,2)))),(((((35,13),(20,32)),(((12,37),29),(44,((24,41),25)))),((5,23),((21,10),30))),(((31,15),39),((42,43),17)))),(((((((((82,(63,65)),92),61),59),51),((((97,84),88),((72,94),83)),(66,55))),((87,46),86)),(54,(98,57))),(((((76,90),(95,47)),56),((74,79),(70,89))),67))),((93,60),(62,81))),((((77,99),53),75),50)),((((49,100),(96,78)),((68,64),91)),(71,80))),((48,58),73)),52),69),85);
#NNI moves:0/152
Remaining: 0
#NNI moves:0/152
#NNI moves:0/152
((((((((((((((((((82,(65,63)),92),61),59),51),((((84,97),88),(83,(72,94))),(55,66))),(86,(87,46))),(54,(57,98))),(((((47,95),(90,76)),56),((89,70),(79,74))),67)),((((((91,(64,68)),((100,49),(78,96))),(80,71)),(((69,85),52),((48,58),73))),(((53,(77,99)),75),50)),((93,60),(62,81)))),(((((((18,4),16),(34,(3,1))),(40,38)),(45,((6,27),(19,22)))),36),((11,((((7,9),33),28),14)),((2,26),8)))),((39,(15,31)),(17,(42,43)))),((30,(10,21)),(23,5))),((32,20),(13,35))),(44,(25,(41,24)))),29),37),12);
Current score: 1.25314e+09
Current tree: ((41,(25,(44,(((((((((((((((82,(65,63)),92),61),59),51),((((84,97),88),(83,(72,94))),(55,66))),(86,(87,46))),(54,(57,98))),(((((47,95),(90,76)),56),((89,70),(79,74))),67)),((((((91,(64,68)),((100,49),(78,96))),(80,71)),(((69,85),52),((48,58),73))),(((53,(77,99)),75),50)),((93,60),(62,81)))),(((((((18,4),16),(34,(3,1))),(40,38)),(45,((6,27),(19,22)))),36),((11,((((7,9),33),28),14)),((2,26),8)))),((39,(15,31)),(17,(42,43)))),((30,(10,21)),(23,5))),((32,20),(13,35))),(29,(37,12)))))),24);
Final Tree: ((41,(25,(44,(((((((((((((((82,(65,63)),92),61),59),51),((((84,97),88),(83,(72,94))),(55,66))),(86,(87,46))),(54,(57,98))),(((((47,95),(90,76)),56),((89,70),(79,74))),67)),((((((91,(64,68)),((100,49),(78,96))),(80,71)),(((69,85),52),((48,58),73))),(((53,(77,99)),75),50)),((93,60),(62,81)))),(((((((18,4),16),(34,(3,1))),(40,38)),(45,((6,27),(19,22)))),36),((11,((((7,9),33),28),14)),((2,26),8)))),((39,(15,31)),(17,(42,43)))),((30,(10,21)),(23,5))),((32,20),(13,35))),(29,(37,12)))))),24);
#EqQuartets: 1319542282
Score: 1253136687
ASTRAL for PaRalogs and Orthologs III (ASTRAL-Pro3)
*** NOW with integrated CASTLES-Pro ***
Version: v1.22.3.6
Read 512 genetrees and found 100 species.
#Genetrees: 1000
#Duploss: 12802
#Species: 100
#Rounds: 4
#Samples: 4
#Threads: 1
Use two-step algorithm!
Guide Tree 0/16
#NNI moves:0/152
Guide Tree 1/16
#NNI moves:0/152
Guide Tree 2/16
#NNI moves:0/152
Guide Tree 3/16
#NNI moves:0/152
Guide Tree 4/16
#NNI moves:0/152
Guide Tree 5/16
#NNI moves:0/152
Guide Tree 6/16
#NNI moves:0/152
Guide Tree 7/16
#NNI moves:0/152
Guide Tree 8/16
#NNI moves:0/152
Guide Tree 9/16
#NNI moves:0/152
Guide Tree 10/16
#NNI moves:0/152
Guide Tree 11/16
#NNI moves:0/152
Guide Tree 12/16
#NNI moves:0/152
Guide Tree 13/16
#NNI moves:0/152
Guide Tree 14/16
#NNI moves:0/152
Guide Tree 15/16
#NNI moves:0/152
Remaining: 0
#NNI moves:0/152
#NNI moves:0/152
((((((((((((29,42),27),(((6,3),24),(18,13))),(((15,17),(33,40)),25)),(((((39,34),36),28),((((((2,8),(5,11)),(10,30)),7),23),(20,41))),(21,(16,(14,(12,26)))))),((((((31,22),35),1),(37,4)),9),(38,(32,19)))),(((56,78),90),99)),(((((94,(61,84)),(91,89)),76),93),(((68,((71,62),46)),44),54))),(((92,58),50),(((67,75),95),(((((83,64),52),(96,77)),73),((45,80),((66,57),(65,55))))))),((((98,82),(60,74)),((((69,86),49),48),(100,47))),(((((63,(53,43)),81),((97,(59,79)),88)),87),(85,51)))),70),72);
Guide Tree 0/16
#NNI moves:0/152
Guide Tree 1/16
#NNI moves:0/152
Guide Tree 2/16
#NNI moves:0/152
Guide Tree 3/16
#NNI moves:0/152
Guide Tree 4/16
#NNI moves:0/152
Guide Tree 5/16
#NNI moves:0/152
Guide Tree 6/16
#NNI moves:0/152
Guide Tree 7/16
#NNI moves:0/152
Guide Tree 8/16
#NNI moves:0/152
Guide Tree 9/16
#NNI moves:0/152
Guide Tree 10/16
#NNI moves:0/152
Guide Tree 11/16
#NNI moves:0/152
Guide Tree 12/16
#NNI moves:0/152
Guide Tree 13/16
#NNI moves:0/152
Guide Tree 14/16
#NNI moves:0/152
Guide Tree 15/16
#NNI moves:0/152
Remaining: 0
#NNI moves:0/152
#NNI moves:0/152
(((((((((((((((10,30),((5,11),(8,2))),7),23),(20,41)),(28,((39,34),36))),(21,(((12,26),14),16))),((((40,33),(15,17)),25),((((3,6),24),(18,13)),(27,(42,29))))),((((4,37),(((22,31),35),1)),9),(38,(32,19)))),((90,(78,56)),99)),((((68,((62,71),46)),44),54),((((94,(61,84)),(89,91)),76),93))),((50,(92,58)),(((((57,66),(65,55)),(45,80)),(((77,96),(52,(83,64))),73)),(95,(75,67))))),((((47,100),(((69,86),49),48)),((74,60),(82,98))),((((((59,79),97),88),(((43,53),63),81)),87),(85,51)))),70),72);
Guide Tree 0/16
#NNI moves:0/152
Guide Tree 1/16
#NNI moves:0/152
Guide Tree 2/16
#NNI moves:0/152
Guide Tree 3/16
#NNI moves:0/152
Guide Tree 4/16
#NNI moves:0/152
Guide Tree 5/16
#NNI moves:0/152
Guide Tree 6/16
#NNI moves:0/152
Guide Tree 7/16
#NNI moves:0/152
Guide Tree 8/16
#NNI moves:0/152
Guide Tree 9/16
#NNI moves:0/152
Guide Tree 10/16
#NNI moves:0/152
Guide Tree 11/16
#NNI moves:0/152
Guide Tree 12/16
#NNI moves:0/152
Guide Tree 13/16
#NNI moves:0/152
Guide Tree 14/16
#NNI moves:0/152
Guide Tree 15/16
#NNI moves:0/152
Remaining: 0
#NNI moves:0/152
#NNI moves:0/152
((((((((((21,(((26,12),14),16)),((((((30,10),((2,8),(5,11))),7),23),(41,20)),(((34,39),36),28))),((((40,33),(15,17)),25),(((29,42),27),(((6,3),24),(18,13))))),((((((22,31),35),1),(4,37)),9),((32,19),38))),(((78,56),90),99)),(((((91,89),((84,61),94)),76),93),((((46,(71,62)),68),44),54))),((((73,((96,77),((64,83),52))),((45,80),((55,65),(57,66)))),((75,67),95)),((58,92),50))),(((((88,((79,59),97)),((63,(53,43)),81)),87),(51,85)),(((47,100),(((86,69),49),48)),((74,60),(98,82))))),70),72);
Guide Tree 0/16
#NNI moves:0/152
Guide Tree 1/16
#NNI moves:0/152
Guide Tree 2/16
#NNI moves:0/152
Guide Tree 3/16
#NNI moves:0/152
Guide Tree 4/16
#NNI moves:0/152
Guide Tree 5/16
#NNI moves:0/152
Guide Tree 6/16
#NNI moves:0/152
Guide Tree 7/16
#NNI moves:0/152
Guide Tree 8/16
#NNI moves:0/152
Guide Tree 9/16
#NNI moves:0/152
Guide Tree 10/16
#NNI moves:0/152
Guide Tree 11/16
#NNI moves:0/152
Guide Tree 12/16
#NNI moves:0/152
Guide Tree 13/16
#NNI moves:0/152
Guide Tree 14/16
#NNI moves:0/152
Guide Tree 15/16
#NNI moves:0/152
Remaining: 0
#NNI moves:0/152
#NNI moves:0/152
((((((((((((42,29),27),(((6,3),24),(13,18))),(((33,40),(15,17)),25)),(((28,((39,34),36)),(((((10,30),((2,8),(11,5))),7),23),(41,20))),((16,(14,(12,26))),21))),(((32,19),38),(((1,(35,(31,22))),(4,37)),9))),(((56,78),90),99)),((((((71,62),46),68),44),54),((((89,91),(94,(61,84))),76),93))),((((((96,77),(52,(83,64))),73),(((65,55),(66,57)),(45,80))),((75,67),95)),((58,92),50))),(((87,((81,(63,(43,53))),((97,(59,79)),88))),(51,85)),(((48,((86,69),49)),(100,47)),((82,98),(74,60))))),70),72);
Initial score: 1.42486e+09
Initial tree: ((((((((((((42,29),27),(((6,3),24),(13,18))),(((33,40),(15,17)),25)),(((28,((39,34),36)),(((((10,30),((2,8),(11,5))),7),23),(41,20))),((16,(14,(12,26))),21))),(((32,19),38),(((1,(35,(31,22))),(4,37)),9))),(((56,78),90),99)),((((((71,62),46),68),44),54),((((89,91),(94,(61,84))),76),93))),((((((96,77),(52,(83,64))),73),(((65,55),(66,57)),(45,80))),((75,67),95)),((58,92),50))),(((87,((81,(63,(43,53))),((97,(59,79)),88))),(51,85)),(((48,((86,69),49)),(100,47)),((82,98),(74,60))))),70),72);
*** Subsample Process ***
Use two-step algorithm!
#NNI moves:0/152
Remaining: 0
#NNI moves:0/152
#NNI moves:0/152
(((((((((((((((71,62),46),68),44),54),((((94,(61,84)),(91,89)),76),93)),(((((((55,65),(66,57)),(80,45)),(((96,77),(52,(83,64))),73)),((67,75),95)),((58,92),50)),(((((((63,(53,43)),81),((97,(79,59)),88)),87),(51,85)),(((48,((86,69),49)),(47,100)),((74,60),(82,98)))),(70,72)))),(((56,78),90),99)),(((32,19),38),(((((22,31),35),1),(4,37)),9))),((((((((5,11),(8,2)),(30,10)),7),23),(41,20)),(((34,39),36),28)),((16,((12,26),14)),21))),(((17,15),(40,33)),25)),((24,(6,3)),(18,13))),27),42),29);
#NNI moves:0/152
Remaining: 0
#NNI moves:0/152
#NNI moves:0/152
((((((((((((41,20),(23,((((5,11),(2,8)),(30,10)),7))),(28,((34,39),36))),(21,(16,(14,(26,12))))),((25,((40,33),(15,17))),(((42,29),27),((13,18),(24,(3,6)))))),((38,(32,19)),(((((22,31),35),1),(4,37)),9))),(((56,78),90),99)),((((((62,71),46),68),44),54),((((89,91),((84,61),94)),76),93))),((((((65,55),(57,66)),(45,80)),((((64,83),52),(96,77)),73)),((67,75),95)),((92,58),50))),((((((97,(59,79)),88),(81,((43,53),63))),87),(85,51)),((((49,(69,86)),48),(47,100)),((60,74),(98,82))))),72),70);
#NNI moves:0/152
Remaining: 0
#NNI moves:0/152
#NNI moves:0/152
((((((((((((((67,75),95),((((77,96),((83,64),52)),73),(((65,55),(57,66)),(45,80)))),((92,58),50)),((((((((53,43),63),81),(((79,59),97),88)),87),(85,51)),(((((69,86),49),48),(47,100)),((82,98),(60,74)))),(72,70))),((((((71,62),46),68),44),54),((((94,(84,61)),(89,91)),76),93))),(((56,78),90),99)),(((32,19),38),(9,((((31,22),35),1),(37,4))))),((25,((15,17),(40,33))),((((6,3),24),(13,18)),((29,42),27)))),(((23,((((5,11),(8,2)),(30,10)),7)),(41,20)),((36,(39,34)),28))),21),16),(26,12)),14);
#NNI moves:0/152
Remaining: 0
#NNI moves:0/152
#NNI moves:0/152
((((((((((((((((((3,6),24),(18,13)),((29,42),27)),(((33,40),(17,15)),25)),(((((7,(((11,5),(2,8)),(10,30))),23),(20,41)),(((34,39),36),28)),((16,(14,(12,26))),21))),(((((35,(31,22)),1),(37,4)),9),(38,(19,32)))),((90,(78,56)),99)),(((((94,(61,84)),(89,91)),76),93),(54,((((71,62),46),68),44)))),((((((96,77),((64,83),52)),73),(((65,55),(66,57)),(45,80))),((67,75),95)),((58,92),50))),(70,72)),(((((69,86),49),48),(100,47)),((60,74),(98,82)))),(51,85)),87),(88,((79,59),97))),81),(43,53)),63);
Current score: 1.42486e+09
Current tree: ((70,(((((((((((3,6),24),(18,13)),((29,42),27)),(((33,40),(17,15)),25)),(((((7,(((11,5),(2,8)),(10,30))),23),(20,41)),(((34,39),36),28)),((16,(14,(12,26))),21))),(((((35,(31,22)),1),(37,4)),9),(38,(19,32)))),((90,(78,56)),99)),(((((94,(61,84)),(89,91)),76),93),(54,((((71,62),46),68),44)))),((((((96,77),((64,83),52)),73),(((65,55),(66,57)),(45,80))),((67,75),95)),((58,92),50))),((((((69,86),49),48),(100,47)),((60,74),(98,82))),((51,85),(87,((88,((79,59),97)),(81,((43,53),63)))))))),72);
Final Tree: ((70,(((((((((((3,6),24),(18,13)),((29,42),27)),(((33,40),(17,15)),25)),(((((7,(((11,5),(2,8)),(10,30))),23),(20,41)),(((34,39),36),28)),((16,(14,(12,26))),21))),(((((35,(31,22)),1),(37,4)),9),(38,(19,32)))),((90,(78,56)),99)),(((((94,(61,84)),(89,91)),76),93),(54,((((71,62),46),68),44)))),((((((96,77),((64,83),52)),73),(((65,55),(66,57)),(45,80))),((67,75),95)),((58,92),50))),((((((69,86),49),48),(100,47)),((60,74),(98,82))),((51,85),(87,((88,((79,59),97)),(81,((43,53),63)))))))),72);
#EqQuartets: 1446445731
Score: 1424859091
ASTRAL for PaRalogs and Orthologs III (ASTRAL-Pro3)
*** NOW with integrated CASTLES-Pro ***
Version: v1.22.3.6
Read 512 genetrees and found 100 species.
#Genetrees: 999
#Duploss: 13444
#Species: 100
#Rounds: 4
#Samples: 4
#Threads: 1
Use two-step algorithm!
Guide Tree 0/16
#NNI moves:0/152
Guide Tree 1/16
#NNI moves:0/152
Guide Tree 2/16
#NNI moves:0/152
Guide Tree 3/16
#NNI moves:0/152
Guide Tree 4/16
#NNI moves:0/152
Guide Tree 5/16
#NNI moves:0/152
Guide Tree 6/16
#NNI moves:0/152
Guide Tree 7/16
#NNI moves:0/152
Guide Tree 8/16
#NNI moves:0/152
Guide Tree 9/16
#NNI moves:0/152
Guide Tree 10/16
#NNI moves:0/152
Guide Tree 11/16
#NNI moves:0/152
Guide Tree 12/16
#NNI moves:0/152
Guide Tree 13/16
#NNI moves:0/152
Guide Tree 14/16
#NNI moves:0/152
Guide Tree 15/16
#NNI moves:0/152
Remaining: 0
#NNI moves:2/152
#NNI moves:2/152
(((((((((((((((((50,54),63),((66,76),75)),57),(26,80)),49),(61,34)),(((((51,74),67),(84,81)),((((((30,36),((94,35),47)),83),((95,97),86)),((((55,(((29,31),25),45)),(77,98)),(59,62)),52)),((79,(((99,71),78),(73,42))),(88,(41,92))))),(65,(28,44)))),((((((69,72),46),(64,37)),85),((((96,38),48),60),((39,43),90))),((56,70),(40,89)))),((((((33,(68,91)),87),(100,53)),82),58),((32,93),27))),((((15,11),(13,20)),22),((((10,4),16),((19,6),24)),3))),(5,23)),((21,7),(18,12))),(17,9)),(14,8)),1),2);
Guide Tree 0/16
#NNI moves:0/152
Guide Tree 1/16
#NNI moves:0/152
Guide Tree 2/16
#NNI moves:0/152
Guide Tree 3/16
#NNI moves:0/152
Guide Tree 4/16
#NNI moves:0/152
Guide Tree 5/16
#NNI moves:0/152
Guide Tree 6/16
#NNI moves:0/152
Guide Tree 7/16
#NNI moves:0/152
Guide Tree 8/16
#NNI moves:0/152
Guide Tree 9/16
#NNI moves:0/152
Guide Tree 10/16
#NNI moves:0/152
Guide Tree 11/16
#NNI moves:0/152
Guide Tree 12/16
#NNI moves:0/152
Guide Tree 13/16
#NNI moves:0/152
Guide Tree 14/16
#NNI moves:0/152
Guide Tree 15/16
#NNI moves:0/152
Remaining: 0
#NNI moves:2/152
#NNI moves:2/152
(((((((((((((((52,((((((29,31),25),45),55),(98,77)),(59,62))),(((95,97),86),(((36,30),((94,35),47)),83))),((((42,73),((71,99),78)),79),((41,92),88))),(((51,74),67),(84,81))),((44,28),65)),((61,34),(((80,26),((((76,66),75),((54,50),63)),57)),49))),((((((72,69),46),(37,64)),85),(((43,39),90),(60,((38,96),48)))),((89,40),(56,70)))),((58,(((53,100),((33,(91,68)),87)),82)),(27,(32,93)))),((((16,(4,10)),((6,19),24)),3),(((20,13),(15,11)),22))),(23,5)),((12,18),(21,7))),(9,17)),(14,8)),1),2);
Guide Tree 0/16
#NNI moves:0/152
Guide Tree 1/16
#NNI moves:0/152
Guide Tree 2/16
#NNI moves:0/152
Guide Tree 3/16
#NNI moves:0/152
Guide Tree 4/16
#NNI moves:0/152
Guide Tree 5/16
#NNI moves:0/152
Guide Tree 6/16
#NNI moves:0/152
Guide Tree 7/16
#NNI moves:0/152
Guide Tree 8/16
#NNI moves:0/152
Guide Tree 9/16
#NNI moves:0/152
Guide Tree 10/16
#NNI moves:0/152
Guide Tree 11/16
#NNI moves:0/152
Guide Tree 12/16
#NNI moves:0/152
Guide Tree 13/16
#NNI moves:0/152
Guide Tree 14/16
#NNI moves:0/152
Guide Tree 15/16
#NNI moves:0/152
Remaining: 0
#NNI moves:2/152
#NNI moves:2/152
(((((((((((((((((((((29,31),25),45),55),(98,77)),(62,59)),52),(((97,95),86),((((35,94),47),(30,36)),83))),(((((99,71),78),(73,42)),79),(88,(92,41)))),((81,84),((74,51),67))),((28,44),65)),(((((((66,76),75),((54,50),63)),57),(26,80)),49),(34,61))),(((56,70),(40,89)),((((64,37),(46,(72,69))),85),(((48,(96,38)),60),((43,39),90))))),(((82,((((91,68),33),87),(53,100))),58),((32,93),27))),((((15,11),(20,13)),22),((((19,6),24),((4,10),16)),3))),(5,23)),((12,18),(21,7))),(9,17)),(14,8)),1),2);
Guide Tree 0/16
#NNI moves:0/152
Guide Tree 1/16
#NNI moves:0/152
Guide Tree 2/16
#NNI moves:0/152
Guide Tree 3/16
#NNI moves:0/152
Guide Tree 4/16
#NNI moves:0/152
Guide Tree 5/16
#NNI moves:0/152
Guide Tree 6/16
#NNI moves:0/152
Guide Tree 7/16
#NNI moves:0/152
Guide Tree 8/16
#NNI moves:0/152
Guide Tree 9/16
#NNI moves:0/152
Guide Tree 10/16
#NNI moves:0/152
Guide Tree 11/16
#NNI moves:0/152
Guide Tree 12/16
#NNI moves:0/152
Guide Tree 13/16
#NNI moves:0/152
Guide Tree 14/16
#NNI moves:0/152
Guide Tree 15/16
#NNI moves:0/152
Remaining: 0
#NNI moves:0/152
#NNI moves:0/152
((((((((((((((((((((25,(31,29)),45),55),(77,98)),(59,62)),52),(((95,97),86),(((30,36),((94,35),47)),83))),(((92,41),88),(((42,73),((71,99),78)),79))),(((74,51),67),(81,84))),(65,(44,28))),((((((75,(66,76)),((50,54),63)),57),(26,80)),49),(34,61))),((((90,(43,39)),(((38,96),48),60)),(85,(((69,72),46),(37,64)))),((40,89),(56,70)))),(((((((91,68),33),87),(100,53)),82),58),(27,(32,93)))),((((20,13),(15,11)),22),((((10,4),16),((6,19),24)),3))),(23,5)),((7,21),(18,12))),(9,17)),(8,14)),1),2);
Initial score: 1.51474e+09
Initial tree: ((((((((((((((((((((25,(31,29)),45),55),(77,98)),(59,62)),52),(((95,97),86),(((30,36),((94,35),47)),83))),(((92,41),88),(((42,73),((71,99),78)),79))),(((74,51),67),(81,84))),(65,(44,28))),((((((75,(66,76)),((50,54),63)),57),(26,80)),49),(34,61))),((((90,(43,39)),(((38,96),48),60)),(85,(((69,72),46),(37,64)))),((40,89),(56,70)))),(((((((91,68),33),87),(100,53)),82),58),(27,(32,93)))),((((20,13),(15,11)),22),((((10,4),16),((6,19),24)),3))),(23,5)),((7,21),(18,12))),(9,17)),(8,14)),1),2);
*** Subsample Process ***
Use two-step algorithm!
#NNI moves:0/152
Remaining: 0
#NNI moves:0/152
#NNI moves:0/152
(((((((((((((((((((15,11),(13,20)),22),((((4,10),16),((19,6),24)),3)),(((((1,2),(8,14)),(9,17)),((18,12),(7,21))),(23,5))),(((82,((100,53),((33,(68,91)),87))),58),((93,32),27))),(((85,((46,(69,72)),(37,64))),(((43,39),90),(((38,96),48),60))),((40,89),(70,56)))),(((((((66,76),75),((54,50),63)),57),(80,26)),49),(61,34))),((28,44),65)),(((51,74),67),(84,81))),((((73,42),((71,99),78)),79),(88,(92,41)))),((((36,30),((94,35),47)),83),(86,(97,95)))),52),(59,62)),(98,77)),55),45),(31,29)),25);
#NNI moves:0/152
Remaining: 0
#NNI moves:0/152
#NNI moves:0/152
((((((((((((((((((55,(((29,31),25),45)),(77,98)),(59,62)),52),((((47,(94,35)),(36,30)),83),(86,(97,95)))),((((73,42),((99,71),78)),79),(88,(92,41)))),(((74,51),67),(81,84))),((28,44),65)),((((((75,(76,66)),((50,54),63)),57),(80,26)),49),(34,61))),(((((48,(96,38)),60),((39,43),90)),(((46,(69,72)),(37,64)),85)),((70,56),(40,89)))),((((((33,(68,91)),87),(53,100)),82),58),(27,(32,93)))),((3,((16,(4,10)),((6,19),24))),(((13,20),(11,15)),22))),(5,23)),((12,18),(7,21))),(17,9)),(14,8)),2),1);
#NNI moves:0/152
Remaining: 0
#NNI moves:6/152
#NNI moves:6/152
((((((((((((((((46,(69,72)),(37,64)),85),(((39,43),90),(((96,38),48),60))),((89,40),(56,70))),((((((((68,91),33),87),(53,100)),82),58),(27,(93,32))),((((((19,6),24),(16,(4,10))),3),(((20,13),(15,11)),22)),(((((14,8),(2,1)),(9,17)),((18,12),(21,7))),(5,23))))),((((26,80),((((50,54),63),((66,76),75)),57)),49),(34,61))),((44,28),65)),(((51,74),67),(84,81))),(((41,92),88),(79,((73,42),((99,71),78))))),((86,(97,95)),(((36,30),((94,35),47)),83))),52),(62,59)),(77,98)),((25,(31,29)),45)),55);
#NNI moves:0/152
Remaining: 0
#NNI moves:0/152
#NNI moves:0/152
(((((((((((((((88,(41,92)),((((71,99),78),(73,42)),79)),((((((35,94),47),(36,30)),83),(86,(95,97))),(((((((31,29),25),45),55),(77,98)),(59,62)),52))),(((51,74),67),(84,81))),(65,(28,44))),(((((((66,76),75),(63,(50,54))),57),(26,80)),49),(61,34))),((((90,(43,39)),((48,(38,96)),60)),(((64,37),(46,(69,72))),85)),((40,89),(56,70)))),((27,(32,93)),((82,((((68,91),33),87),(100,53))),58))),((((15,11),(20,13)),22),((((6,19),24),((10,4),16)),3))),(5,23)),((7,21),(12,18))),(9,17)),(1,2)),8),14);
Current score: 1.51474e+09
Current tree: ((1,(((((((((((((88,(41,92)),((((71,99),78),(73,42)),79)),((((((35,94),47),(36,30)),83),(86,(95,97))),(((((((31,29),25),45),55),(77,98)),(59,62)),52))),(((51,74),67),(84,81))),(65,(28,44))),(((((((66,76),75),(63,(50,54))),57),(26,80)),49),(61,34))),((((90,(43,39)),((48,(38,96)),60)),(((64,37),(46,(69,72))),85)),((40,89),(56,70)))),((27,(32,93)),((82,((((68,91),33),87),(100,53))),58))),((((15,11),(20,13)),22),((((6,19),24),((10,4),16)),3))),(5,23)),((7,21),(12,18))),(9,17)),(8,14))),2);
Final Tree: ((1,(((((((((((((88,(41,92)),((((71,99),78),(73,42)),79)),((((((35,94),47),(36,30)),83),(86,(95,97))),(((((((31,29),25),45),55),(77,98)),(59,62)),52))),(((51,74),67),(84,81))),(65,(28,44))),(((((((66,76),75),(63,(50,54))),57),(26,80)),49),(61,34))),((((90,(43,39)),((48,(38,96)),60)),(((64,37),(46,(69,72))),85)),((40,89),(56,70)))),((27,(32,93)),((82,((((68,91),33),87),(100,53))),58))),((((15,11),(20,13)),22),((((6,19),24),((10,4),16)),3))),(5,23)),((7,21),(12,18))),(9,17)),(8,14))),2);
#EqQuartets: 1566160499
Score: 1514743840
ASTRAL for PaRalogs and Orthologs III (ASTRAL-Pro3)
*** NOW with integrated CASTLES-Pro ***
Version: v1.22.3.6
Read 512 genetrees and found 100 species.
#Genetrees: 999
#Duploss: 11769
#Species: 100
#Rounds: 4
#Samples: 4
#Threads: 1
Use two-step algorithm!
Guide Tree 0/16
#NNI moves:0/152
Guide Tree 1/16
#NNI moves:0/152
Guide Tree 2/16
#NNI moves:0/152
Guide Tree 3/16
#NNI moves:0/152
Guide Tree 4/16
#NNI moves:0/152
Guide Tree 5/16
#NNI moves:0/152
Guide Tree 6/16
#NNI moves:0/152
Guide Tree 7/16
#NNI moves:0/152
Guide Tree 8/16
#NNI moves:0/152
Guide Tree 9/16
#NNI moves:0/152
Guide Tree 10/16
#NNI moves:0/152
Guide Tree 11/16
#NNI moves:0/152
Guide Tree 12/16
#NNI moves:0/152
Guide Tree 13/16
#NNI moves:0/152
Guide Tree 14/16
#NNI moves:0/152
Guide Tree 15/16
#NNI moves:0/152
Remaining: 0
#NNI moves:0/152
#NNI moves:0/152
((((((((((((((95,2),((34,27),86)),((36,70),10)),((15,85),73)),(24,91)),(((((99,96),98),100),97),78)),(((((((7,79),17),58),((((16,64),54),(((87,19),9),44)),(74,68))),((29,71),(13,(88,3)))),((50,51),28)),(((76,20),((89,38),93)),((((33,52),80),32),(53,23))))),(((((((14,41),63),(62,75)),42),((65,56),81)),(((((((60,25),26),(((61,55),(94,43)),67)),((72,((37,77),46)),90)),((22,82),(35,48))),(18,69)),6)),(((((47,66),45),((40,4),84)),(30,12)),(((83,92),31),1)))),(49,11)),(39,21)),59),8),5),57);
Guide Tree 0/16
#NNI moves:0/152
Guide Tree 1/16
#NNI moves:0/152
Guide Tree 2/16
#NNI moves:0/152
Guide Tree 3/16
#NNI moves:0/152
Guide Tree 4/16
#NNI moves:0/152
Guide Tree 5/16
#NNI moves:0/152
Guide Tree 6/16
#NNI moves:0/152
Guide Tree 7/16
#NNI moves:0/152
Guide Tree 8/16
#NNI moves:0/152
Guide Tree 9/16
#NNI moves:0/152
Guide Tree 10/16
#NNI moves:0/152
Guide Tree 11/16
#NNI moves:0/152
Guide Tree 12/16
#NNI moves:0/152
Guide Tree 13/16
#NNI moves:0/152
Guide Tree 14/16
#NNI moves:0/152
Guide Tree 15/16
#NNI moves:0/152
Remaining: 0
#NNI moves:0/152
#NNI moves:0/152
(((((((((((((80,(33,52)),32),(23,53)),((93,(89,38)),(20,76))),(((((3,88),13),(71,29)),(((((64,16),54),((9,(87,19)),44)),(74,68)),(((7,79),17),58))),(28,(50,51)))),((((((99,96),98),100),97),78),(((((70,36),10),((2,95),((27,34),86))),((15,85),73)),(24,91)))),((((((((((94,43),(61,55)),67),((25,60),26)),((72,(46,(77,37))),90)),((35,48),(22,82))),(69,18)),6),((81,(56,65)),((((41,14),63),(75,62)),42))),(((((47,66),45),((4,40),84)),(30,12)),(((92,83),31),1)))),(11,49)),(39,21)),59),8),5),57);
Guide Tree 0/16
#NNI moves:0/152
Guide Tree 1/16
#NNI moves:0/152
Guide Tree 2/16
#NNI moves:0/152
Guide Tree 3/16
#NNI moves:0/152
Guide Tree 4/16
#NNI moves:0/152
Guide Tree 5/16
#NNI moves:0/152
Guide Tree 6/16
#NNI moves:0/152
Guide Tree 7/16
#NNI moves:0/152
Guide Tree 8/16
#NNI moves:0/152
Guide Tree 9/16
#NNI moves:0/152
Guide Tree 10/16
#NNI moves:0/152
Guide Tree 11/16
#NNI moves:0/152
Guide Tree 12/16
#NNI moves:0/152
Guide Tree 13/16
#NNI moves:0/152
Guide Tree 14/16
#NNI moves:0/152
Guide Tree 15/16
#NNI moves:0/152
Remaining: 0
#NNI moves:0/152
#NNI moves:0/152
((((((((((((((74,68),((((87,19),9),44),((64,16),54))),((17,(79,7)),58)),((13,(3,88)),(71,29))),((51,50),28)),(((93,(89,38)),(20,76)),(((80,(33,52)),32),(53,23)))),(((((15,85),73),(((70,36),10),((95,2),((27,34),86)))),(91,24)),((97,((98,(99,96)),100)),78))),((((((((((43,94),(61,55)),67),(26,(60,25))),((72,((77,37),46)),90)),((82,22),(48,35))),(69,18)),6),(((((14,41),63),(62,75)),42),((65,56),81))),((((84,(4,40)),((66,47),45)),(12,30)),(((83,92),31),1)))),(11,49)),(39,21)),59),8),5),57);
Guide Tree 0/16
#NNI moves:0/152
Guide Tree 1/16
#NNI moves:0/152
Guide Tree 2/16
#NNI moves:0/152
Guide Tree 3/16
#NNI moves:0/152
Guide Tree 4/16
#NNI moves:0/152
Guide Tree 5/16
#NNI moves:0/152
Guide Tree 6/16
#NNI moves:0/152
Guide Tree 7/16
#NNI moves:0/152
Guide Tree 8/16
#NNI moves:0/152
Guide Tree 9/16
#NNI moves:0/152
Guide Tree 10/16
#NNI moves:0/152
Guide Tree 11/16
#NNI moves:0/152
Guide Tree 12/16
#NNI moves:0/152
Guide Tree 13/16
#NNI moves:0/152
Guide Tree 14/16
#NNI moves:0/152
Guide Tree 15/16
#NNI moves:0/152
Remaining: 0
#NNI moves:0/152
#NNI moves:0/152
(((((((((((((((79,7),17),58),((68,74),(((9,(87,19)),44),(54,(64,16))))),(((88,3),13),(29,71))),((50,51),28)),(((((52,33),80),32),(53,23)),((20,76),((38,89),93)))),(((((((27,34),86),(2,95)),((36,70),10)),((15,85),73)),(24,91)),(78,((((99,96),98),100),97)))),(((((((48,35),(22,82)),(((26,(60,25)),(((94,43),(55,61)),67)),((((37,77),46),72),90))),(69,18)),6),((((63,(14,41)),(75,62)),42),((65,56),81))),(((((4,40),84),((66,47),45)),(30,12)),(((92,83),31),1)))),(49,11)),(21,39)),59),8),5),57);
Initial score: 1.45592e+09
Initial tree: (((((((((((((((79,7),17),58),((68,74),(((9,(87,19)),44),(54,(64,16))))),(((88,3),13),(29,71))),((50,51),28)),(((((52,33),80),32),(53,23)),((20,76),((38,89),93)))),(((((((27,34),86),(2,95)),((36,70),10)),((15,85),73)),(24,91)),(78,((((99,96),98),100),97)))),(((((((48,35),(22,82)),(((26,(60,25)),(((94,43),(55,61)),67)),((((37,77),46),72),90))),(69,18)),6),((((63,(14,41)),(75,62)),42),((65,56),81))),(((((4,40),84),((66,47),45)),(30,12)),(((92,83),31),1)))),(49,11)),(21,39)),59),8),5),57);
*** Subsample Process ***
Use two-step algorithm!
#NNI moves:0/152
Remaining: 0
#NNI moves:0/152
#NNI moves:0/152
(((((((((((((((((26,(25,60)),(((61,55),(43,94)),67)),((((37,77),46),72),90)),((22,82),(48,35))),(69,18)),6),(((((14,41),63),(62,75)),42),((56,65),81))),(((((47,66),45),(84,(4,40))),(30,12)),((31,(92,83)),1))),(((((5,57),8),59),(21,39)),(11,49))),((((((70,36),10),((86,(34,27)),(2,95))),((15,85),73)),(91,24)),((((98,(96,99)),100),97),78))),(((53,23),(32,(80,(33,52)))),((20,76),((89,38),93)))),(28,(50,51))),((29,71),((3,88),13))),(((((19,87),9),44),(54,(64,16))),(68,74))),58),(7,79)),17);
#NNI moves:0/152
Remaining: 0
#NNI moves:0/152
#NNI moves:0/152
(((((((((((((58,((7,79),17)),((((9,(87,19)),44),((64,16),54)),(74,68))),((29,71),((3,88),13))),((51,50),28)),(((23,53),((80,(33,52)),32)),((20,76),((38,89),93)))),(((((98,(99,96)),100),97),78),((((((34,27),86),(95,2)),(10,(70,36))),(73,(85,15))),(24,91)))),((((((63,(41,14)),(75,62)),42),((56,65),81)),((((((72,((37,77),46)),90),((67,((61,55),(43,94))),((60,25),26))),((22,82),(48,35))),(69,18)),6)),(((((66,47),45),(84,(4,40))),(12,30)),(((83,92),31),1)))),(11,49)),(39,21)),59),8),57),5);
#NNI moves:0/152
Remaining: 0
#NNI moves:0/152
#NNI moves:0/152
(((((((((((((((90,(((37,77),46),72)),((26,(25,60)),(67,((61,55),(43,94))))),((82,22),(35,48))),(18,69)),6),(((65,56),81),(42,(((14,41),63),(75,62))))),(((((47,66),45),(84,(40,4))),(12,30)),(1,((83,92),31)))),(((39,21),(59,((57,5),8))),(11,49))),(((((98,(99,96)),100),97),78),((((85,15),73),((((27,34),86),(2,95)),((70,36),10))),(91,24)))),(((23,53),(((33,52),80),32)),((20,76),((38,89),93)))),(28,(50,51))),((71,29),(13,(3,88)))),((68,74),(((9,(19,87)),44),((64,16),54)))),((79,7),17)),58);
#NNI moves:0/152
Remaining: 0
#NNI moves:0/152
#NNI moves:0/152
(((((((((((((((37,77),46),72),90),((((55,61),(94,43)),67),((60,25),26))),((22,82),(35,48))),(69,18)),6),((81,(65,56)),((((14,41),63),(62,75)),42))),(((((47,66),45),((40,4),84)),(30,12)),(((92,83),31),1))),(((((51,50),28),((((68,74),(((9,(87,19)),44),((16,64),54))),((17,(7,79)),58)),((13,(3,88)),(29,71)))),(((((52,33),80),32),(53,23)),(((89,38),93),(76,20)))),(((((15,85),73),((10,(36,70)),(((27,34),86),(95,2)))),(24,91)),((97,(((96,99),98),100)),78)))),(49,11)),(59,(8,(5,57)))),21),39);
Current score: 1.45592e+09
Current tree: ((5,(8,(59,(((((((((((((37,77),46),72),90),((((55,61),(94,43)),67),((60,25),26))),((22,82),(35,48))),(69,18)),6),((81,(65,56)),((((14,41),63),(62,75)),42))),(((((47,66),45),((40,4),84)),(30,12)),(((92,83),31),1))),(((((51,50),28),((((68,74),(((9,(87,19)),44),((16,64),54))),((17,(7,79)),58)),((13,(3,88)),(29,71)))),(((((52,33),80),32),(53,23)),(((89,38),93),(76,20)))),(((((15,85),73),((10,(36,70)),(((27,34),86),(95,2)))),(24,91)),((97,(((96,99),98),100)),78)))),(49,11)),(21,39))))),57);
Final Tree: ((5,(8,(59,(((((((((((((37,77),46),72),90),((((55,61),(94,43)),67),((60,25),26))),((22,82),(35,48))),(69,18)),6),((81,(65,56)),((((14,41),63),(62,75)),42))),(((((47,66),45),((40,4),84)),(30,12)),(((92,83),31),1))),(((((51,50),28),((((68,74),(((9,(87,19)),44),((16,64),54))),((17,(7,79)),58)),((13,(3,88)),(29,71)))),(((((52,33),80),32),(53,23)),(((89,38),93),(76,20)))),(((((15,85),73),((10,(36,70)),(((27,34),86),(95,2)))),(24,91)),((97,(((96,99),98),100)),78)))),(49,11)),(21,39))))),57);
#EqQuartets: 1535097175
Score: 1455921227
ASTRAL for PaRalogs and Orthologs III (ASTRAL-Pro3)
*** NOW with integrated CASTLES-Pro ***
Version: v1.22.3.6
Read 512 genetrees and found 100 species.
#Genetrees: 1000
#Duploss: 11330
#Species: 100
#Rounds: 4
#Samples: 4
#Threads: 1
Use two-step algorithm!
Guide Tree 0/16
#NNI moves:0/152
Guide Tree 1/16
#NNI moves:0/152
Guide Tree 2/16
#NNI moves:0/152
Guide Tree 3/16
#NNI moves:0/152
Guide Tree 4/16
#NNI moves:0/152
Guide Tree 5/16
#NNI moves:0/152
Guide Tree 6/16
#NNI moves:0/152
Guide Tree 7/16
#NNI moves:0/152
Guide Tree 8/16
#NNI moves:0/152
Guide Tree 9/16
#NNI moves:0/152
Guide Tree 10/16
#NNI moves:0/152
Guide Tree 11/16
#NNI moves:0/152
Guide Tree 12/16
#NNI moves:0/152
Guide Tree 13/16
#NNI moves:0/152
Guide Tree 14/16
#NNI moves:0/152
Guide Tree 15/16
#NNI moves:0/152
Remaining: 0
#NNI moves:0/152
#NNI moves:0/152
((((((((((((((((32,7),33),(12,22)),(((((15,11),2),5),((20,27),(19,3))),24)),((((1,4),30),(18,(16,25))),9)),(14,6)),((((21,(23,(31,13))),8),((28,29),(17,10))),26)),((((((54,88),63),(76,95)),(((83,55),((((((77,44),99),49),(92,56)),42),62)),43)),((((71,52),73),((86,72),90)),((((((47,(91,78)),53),50),67),41),(74,82)))),(((80,45),35),97))),(58,((85,84),(51,96)))),100),(((68,93),((34,69),46)),((61,87),75))),((40,((48,60),((98,64),59))),94)),((36,57),(((81,(79,66)),65),89))),(39,37)),70),38);
Guide Tree 0/16
#NNI moves:0/152
Guide Tree 1/16
#NNI moves:0/152
Guide Tree 2/16
#NNI moves:0/152
Guide Tree 3/16
#NNI moves:0/152
Guide Tree 4/16
#NNI moves:0/152
Guide Tree 5/16
#NNI moves:0/152
Guide Tree 6/16
#NNI moves:0/152
Guide Tree 7/16
#NNI moves:0/152
Guide Tree 8/16
#NNI moves:0/152
Guide Tree 9/16
#NNI moves:0/152
Guide Tree 10/16
#NNI moves:0/152
Guide Tree 11/16
#NNI moves:0/152
Guide Tree 12/16
#NNI moves:0/152
Guide Tree 13/16
#NNI moves:0/152
Guide Tree 14/16
#NNI moves:0/152
Guide Tree 15/16
#NNI moves:0/152
Remaining: 0
#NNI moves:0/152
#NNI moves:0/152
((((((((((((((((16,25),18),((1,4),30)),9),(((((27,20),(19,3)),(5,(2,(15,11)))),24),(((7,32),33),(22,12)))),(14,6)),((((21,((31,13),23)),8),((29,28),(17,10))),26)),((((((54,88),63),(95,76)),((((42,((92,56),((99,(77,44)),49))),62),(55,83)),43)),((((71,52),73),((72,86),90)),((((50,(53,((78,91),47))),67),41),(82,74)))),((35,(45,80)),97))),(((96,51),(84,85)),58)),100),((75,(87,61)),(((34,69),46),(93,68)))),((((59,(98,64)),(60,48)),40),94)),(((((66,79),81),65),89),(36,57))),(37,39)),70),38);
Guide Tree 0/16
#NNI moves:0/152
Guide Tree 1/16
#NNI moves:0/152
Guide Tree 2/16
#NNI moves:0/152
Guide Tree 3/16
#NNI moves:0/152
Guide Tree 4/16
#NNI moves:0/152
Guide Tree 5/16
#NNI moves:0/152
Guide Tree 6/16
#NNI moves:0/152
Guide Tree 7/16
#NNI moves:0/152
Guide Tree 8/16
#NNI moves:0/152
Guide Tree 9/16
#NNI moves:0/152
Guide Tree 10/16
#NNI moves:0/152
Guide Tree 11/16
#NNI moves:0/152
Guide Tree 12/16
#NNI moves:0/152
Guide Tree 13/16
#NNI moves:0/152
Guide Tree 14/16
#NNI moves:0/152
Guide Tree 15/16
#NNI moves:0/152
Remaining: 0
#NNI moves:0/152
#NNI moves:0/152
((((((((((((((((((92,56),(((77,44),99),49)),42),62),(83,55)),43),((76,95),((88,54),63))),(((74,82),((((53,((78,91),47)),50),67),41)),((90,(72,86)),((52,71),73)))),(97,((80,45),35))),(((((21,((13,31),23)),8),((17,10),(28,29))),26),((((((25,16),18),((1,4),30)),9),(((((2,(11,15)),5),((27,20),(19,3))),24),(((7,32),33),(12,22)))),(14,6)))),(((96,51),(85,84)),58)),100),(((87,61),75),((93,68),((69,34),46)))),((40,((60,48),((98,64),59))),94)),(((((66,79),81),65),89),(36,57))),(37,39)),70),38);
Guide Tree 0/16
#NNI moves:0/152
Guide Tree 1/16
#NNI moves:0/152
Guide Tree 2/16
#NNI moves:0/152
Guide Tree 3/16
#NNI moves:0/152
Guide Tree 4/16
#NNI moves:0/152
Guide Tree 5/16
#NNI moves:0/152
Guide Tree 6/16
#NNI moves:0/152
Guide Tree 7/16
#NNI moves:0/152
Guide Tree 8/16
#NNI moves:0/152
Guide Tree 9/16
#NNI moves:0/152
Guide Tree 10/16
#NNI moves:0/152
Guide Tree 11/16
#NNI moves:0/152
Guide Tree 12/16
#NNI moves:0/152
Guide Tree 13/16
#NNI moves:0/152
Guide Tree 14/16
#NNI moves:0/152
Guide Tree 15/16
#NNI moves:0/152
Remaining: 0
#NNI moves:0/152
#NNI moves:0/152
(((((((((((((((((3,19),(27,20)),(5,(2,(11,15)))),24),((33,(32,7)),(12,22))),(((30,(1,4)),((16,25),18)),9)),(14,6)),((((17,10),(28,29)),(((23,(31,13)),21),8)),26)),(((((((((56,92),((99,(77,44)),49)),42),62),(55,83)),43),(((54,88),63),(76,95))),(((((50,(((78,91),47),53)),67),41),(74,82)),(((52,71),73),((86,72),90)))),(97,((80,45),35)))),(((85,84),(96,51)),58)),100),(((93,68),(46,(34,69))),((87,61),75))),((((60,48),((64,98),59)),40),94)),((57,36),((65,((79,66),81)),89))),(37,39)),70),38);
Initial score: 1.5183e+09
Initial tree: (((((((((((((((((3,19),(27,20)),(5,(2,(11,15)))),24),((33,(32,7)),(12,22))),(((30,(1,4)),((16,25),18)),9)),(14,6)),((((17,10),(28,29)),(((23,(31,13)),21),8)),26)),(((((((((56,92),((99,(77,44)),49)),42),62),(55,83)),43),(((54,88),63),(76,95))),(((((50,(((78,91),47),53)),67),41),(74,82)),(((52,71),73),((86,72),90)))),(97,((80,45),35)))),(((85,84),(96,51)),58)),100),(((93,68),(46,(34,69))),((87,61),75))),((((60,48),((64,98),59)),40),94)),((57,36),((65,((79,66),81)),89))),(37,39)),70),38);
*** Subsample Process ***
Use two-step algorithm!
#NNI moves:0/152
Remaining: 0
#NNI moves:0/152
#NNI moves:0/152
((((((((((((((((((53,((91,78),47)),50),67),41),(82,74)),(((71,52),73),((72,86),90))),(((((((49,((44,77),99)),(56,92)),42),62),(55,83)),43),(((88,54),63),(76,95)))),(((80,45),35),97)),((((((40,(((98,64),59),(48,60))),94),(((70,38),(37,39)),(((65,((79,66),81)),89),(57,36)))),(((87,61),75),((68,93),((69,34),46)))),100),(((85,84),(96,51)),58))),((((17,10),(28,29)),(((23,(31,13)),21),8)),26)),(14,6)),(9,(((4,1),30),(18,(25,16))))),((33,(7,32)),(22,12))),24),(((11,15),2),5)),(27,20)),3),19);
#NNI moves:0/152
Remaining: 0
#NNI moves:0/152
#NNI moves:0/152
(((((((((((((((((((99,(77,44)),49),(92,56)),42),62),(83,55)),43),(((88,54),63),(95,76))),((((52,71),73),(90,(86,72))),(((((((91,78),47),53),50),67),41),(74,82)))),(((80,45),35),97)),(((((((((11,15),2),5),((20,27),(3,19))),24),((22,12),(33,(7,32)))),(9,(((25,16),18),((1,4),30)))),(6,14)),((((28,29),(17,10)),((21,(23,(13,31))),8)),26))),(((85,84),(51,96)),58)),100),(((68,93),((34,69),46)),((87,61),75))),((((48,60),((64,98),59)),40),94)),((36,57),((((66,79),81),65),89))),(39,37)),38),70);
#NNI moves:0/152
Remaining: 0
#NNI moves:0/152
#NNI moves:0/152
((((((((((((((17,10),(29,28)),(8,((23,(13,31)),21))),26),(((((((20,27),(3,19)),(((11,15),2),5)),24),((33,(7,32)),(22,12))),(9,(((25,16),18),((1,4),30)))),(6,14))),(((((94,(((60,48),((64,98),59)),40)),(((36,57),((((79,66),81),65),89)),((37,39),(38,70)))),((((69,34),46),(93,68)),((61,87),75))),100),(((85,84),(96,51)),58))),(((80,45),35),97)),((((71,52),73),((72,86),90)),((((((47,(78,91)),53),50),67),41),(74,82)))),(((88,54),63),(76,95))),43),(83,55)),62),((56,92),((99,(77,44)),49))),42);
#NNI moves:0/152
Remaining: 0
#NNI moves:0/152
#NNI moves:0/152
(((((((((((((((71,52),73),((86,72),90)),(((((((78,91),47),53),50),67),41),(82,74))),((((62,(((56,92),((99,(77,44)),49)),42)),(55,83)),43),((76,95),(63,(88,54))))),(((80,45),35),97)),((((((((2,(15,11)),5),((27,20),(19,3))),24),((33,(32,7)),(22,12))),(((30,(4,1)),(18,(16,25))),9)),(14,6)),(((((23,(31,13)),21),8),((28,29),(10,17))),26))),(((51,96),(84,85)),58)),100),(((61,87),75),((46,(69,34)),(93,68)))),((((59,(98,64)),(60,48)),40),94)),((37,39),(70,38))),(89,(((66,79),81),65))),57),36);
Current score: 1.5183e+09
Current tree: ((70,((37,39),((((((((((((71,52),73),((86,72),90)),(((((((78,91),47),53),50),67),41),(82,74))),((((62,(((56,92),((99,(77,44)),49)),42)),(55,83)),43),((76,95),(63,(88,54))))),(((80,45),35),97)),((((((((2,(15,11)),5),((27,20),(19,3))),24),((33,(32,7)),(22,12))),(((30,(4,1)),(18,(16,25))),9)),(14,6)),(((((23,(31,13)),21),8),((28,29),(10,17))),26))),(((51,96),(84,85)),58)),100),(((61,87),75),((46,(69,34)),(93,68)))),((((59,(98,64)),(60,48)),40),94)),((89,(((66,79),81),65)),(57,36))))),38);
Final Tree: ((70,((37,39),((((((((((((71,52),73),((86,72),90)),(((((((78,91),47),53),50),67),41),(82,74))),((((62,(((56,92),((99,(77,44)),49)),42)),(55,83)),43),((76,95),(63,(88,54))))),(((80,45),35),97)),((((((((2,(15,11)),5),((27,20),(19,3))),24),((33,(32,7)),(22,12))),(((30,(4,1)),(18,(16,25))),9)),(14,6)),(((((23,(31,13)),21),8),((28,29),(10,17))),26))),(((51,96),(84,85)),58)),100),(((61,87),75),((46,(69,34)),(93,68)))),((((59,(98,64)),(60,48)),40),94)),((89,(((66,79),81),65)),(57,36))))),38);
#EqQuartets: 1531333428
Score: 1518297778
ASTRAL for PaRalogs and Orthologs III (ASTRAL-Pro3)
*** NOW with integrated CASTLES-Pro ***
Version: v1.22.3.6
Read 512 genetrees and found 100 species.
#Genetrees: 999
#Duploss: 12741
#Species: 100
#Rounds: 4
#Samples: 4
#Threads: 1
Use two-step algorithm!
Guide Tree 0/16
#NNI moves:0/152
Guide Tree 1/16
#NNI moves:0/152
Guide Tree 2/16
#NNI moves:0/152
Guide Tree 3/16
#NNI moves:0/152
Guide Tree 4/16
#NNI moves:0/152
Guide Tree 5/16
#NNI moves:0/152
Guide Tree 6/16
#NNI moves:0/152
Guide Tree 7/16
#NNI moves:0/152
Guide Tree 8/16
#NNI moves:0/152
Guide Tree 9/16
#NNI moves:0/152
Guide Tree 10/16
#NNI moves:0/152
Guide Tree 11/16
#NNI moves:0/152
Guide Tree 12/16
#NNI moves:0/152
Guide Tree 13/16
#NNI moves:0/152
Guide Tree 14/16
#NNI moves:0/152
Guide Tree 15/16
#NNI moves:0/152
Remaining: 0
#NNI moves:0/152
#NNI moves:0/152
((((((((((((((((21,18),(54,62)),((40,34),((17,71),98))),(92,88)),(((((96,45),26),89),(((53,35),77),(10,33))),79)),(((50,52),12),46)),((((((59,41),(93,43)),((81,(((84,15),82),100)),(25,39))),16),((19,95),((9,97),(31,90)))),((65,55),80))),(23,28)),((((((27,64),86),((94,60),20)),((72,56),85)),(11,22)),(83,51))),(((((((58,32),13),(8,38)),(49,78)),7),(44,((87,(70,42)),(75,91)))),((48,73),((30,47),((63,66),(((36,(69,67)),(76,57)),29)))))),((((24,68),37),(74,99)),(14,61))),4),(6,1)),2),5),3);
Guide Tree 0/16
#NNI moves:0/152
Guide Tree 1/16
#NNI moves:0/152
Guide Tree 2/16
#NNI moves:0/152
Guide Tree 3/16
#NNI moves:0/152
Guide Tree 4/16
#NNI moves:0/152
Guide Tree 5/16
#NNI moves:0/152
Guide Tree 6/16
#NNI moves:0/152
Guide Tree 7/16
#NNI moves:0/152
Guide Tree 8/16
#NNI moves:0/152
Guide Tree 9/16
#NNI moves:0/152
Guide Tree 10/16
#NNI moves:0/152
Guide Tree 11/16
#NNI moves:0/152
Guide Tree 12/16
#NNI moves:0/152
Guide Tree 13/16
#NNI moves:0/152
Guide Tree 14/16
#NNI moves:0/152
Guide Tree 15/16
#NNI moves:0/152
Remaining: 0
#NNI moves:0/152
#NNI moves:0/152
((((((((((((((((59,41),(43,93)),((81,(((15,84),82),100)),(39,25))),16),((19,95),((90,31),(9,97)))),((65,55),80)),(((((((17,71),98),(34,40)),((18,21),(62,54))),(88,92)),(((((35,53),77),(10,33)),(((96,45),26),89)),79)),(46,((52,50),12)))),(28,23)),((((((27,64),86),(20,(94,60))),((56,72),85)),(22,11)),(51,83))),(((((29,(((67,69),36),(76,57))),(63,66)),(47,30)),(73,48)),((7,(((38,8),((58,32),13)),(78,49))),(((75,91),((70,42),87)),44)))),(((37,(68,24)),(74,99)),(14,61))),4),(1,6)),2),5),3);
Guide Tree 0/16
#NNI moves:0/152
Guide Tree 1/16
#NNI moves:0/152
Guide Tree 2/16
#NNI moves:0/152
Guide Tree 3/16
#NNI moves:0/152
Guide Tree 4/16
#NNI moves:0/152
Guide Tree 5/16
#NNI moves:0/152
Guide Tree 6/16
#NNI moves:0/152
Guide Tree 7/16
#NNI moves:0/152
Guide Tree 8/16
#NNI moves:0/152
Guide Tree 9/16
#NNI moves:0/152
Guide Tree 10/16
#NNI moves:0/152
Guide Tree 11/16
#NNI moves:0/152
Guide Tree 12/16
#NNI moves:0/152
Guide Tree 13/16
#NNI moves:0/152
Guide Tree 14/16
#NNI moves:0/152
Guide Tree 15/16
#NNI moves:0/152
Remaining: 0
#NNI moves:0/152
#NNI moves:0/152
((((((((((((((92,88),(((18,21),(54,62)),((34,40),((71,17),98)))),((((26,(45,96)),89),((33,10),((35,53),77))),79)),(((50,52),12),46)),(((65,55),80),(((((93,43),(41,59)),(((100,((84,15),82)),81),(25,39))),16),(((97,9),(90,31)),(19,95))))),(23,28)),((((((27,64),86),((60,94),20)),((56,72),85)),(11,22)),(51,83))),((((((((67,69),36),(57,76)),29),(63,66)),(30,47)),(73,48)),((7,((49,78),(((58,32),13),(8,38)))),((((70,42),87),(91,75)),44)))),(((37,(24,68)),(74,99)),(61,14))),4),(1,6)),2),5),3);
Guide Tree 0/16
#NNI moves:0/152
Guide Tree 1/16
#NNI moves:0/152
Guide Tree 2/16
#NNI moves:0/152
Guide Tree 3/16
#NNI moves:0/152
Guide Tree 4/16
#NNI moves:0/152
Guide Tree 5/16
#NNI moves:0/152
Guide Tree 6/16
#NNI moves:0/152
Guide Tree 7/16
#NNI moves:0/152
Guide Tree 8/16
#NNI moves:0/152
Guide Tree 9/16
#NNI moves:0/152
Guide Tree 10/16
#NNI moves:0/152
Guide Tree 11/16
#NNI moves:0/152
Guide Tree 12/16
#NNI moves:0/152
Guide Tree 13/16
#NNI moves:0/152
Guide Tree 14/16
#NNI moves:0/152
Guide Tree 15/16
#NNI moves:0/152
Remaining: 0
#NNI moves:0/152
#NNI moves:0/152
((((((((((((((((54,62),(21,18)),((34,40),(98,(17,71)))),(92,88)),(((((45,96),26),89),((10,33),(77,(35,53)))),79)),(((52,50),12),46)),(((16,(((((82,(84,15)),100),81),(25,39)),((41,59),(43,93)))),(((9,97),(31,90)),(19,95))),((55,65),80))),(23,28)),((((((64,27),86),((94,60),20)),(85,(56,72))),(22,11)),(51,83))),(((((91,75),((70,42),87)),44),(((((58,32),13),(38,8)),(49,78)),7)),((((29,((36,(67,69)),(76,57))),(66,63)),(30,47)),(73,48)))),(((74,99),((68,24),37)),(61,14))),4),(1,6)),2),5),3);
Initial score: 1.59199e+09
Initial tree: ((((((((((((((((54,62),(21,18)),((34,40),(98,(17,71)))),(92,88)),(((((45,96),26),89),((10,33),(77,(35,53)))),79)),(((52,50),12),46)),(((16,(((((82,(84,15)),100),81),(25,39)),((41,59),(43,93)))),(((9,97),(31,90)),(19,95))),((55,65),80))),(23,28)),((((((64,27),86),((94,60),20)),(85,(56,72))),(22,11)),(51,83))),(((((91,75),((70,42),87)),44),(((((58,32),13),(38,8)),(49,78)),7)),((((29,((36,(67,69)),(76,57))),(66,63)),(30,47)),(73,48)))),(((74,99),((68,24),37)),(61,14))),4),(1,6)),2),5),3);
*** Subsample Process ***
Use two-step algorithm!
#NNI moves:0/152
Remaining: 0
#NNI moves:0/152
#NNI moves:0/152
((((((((((((((((((58,32),13),(8,38)),(49,78)),7),(44,((91,75),((42,70),87)))),((((63,66),((((69,67),36),(76,57)),29)),(47,30)),(73,48))),(((((5,3),2),(1,6)),4),((61,14),((74,99),((68,24),37))))),((((((64,27),86),((94,60),20)),((56,72),85)),(11,22)),(51,83))),(28,23)),((((((59,41),(43,93)),(((100,(82,(84,15))),81),(39,25))),16),(((31,90),(9,97)),(95,19))),((55,65),80))),(((50,52),12),46)),((((26,(96,45)),89),((33,10),(77,(35,53)))),79)),(88,92)),((40,34),((71,17),98))),(18,21)),62),54);
#NNI moves:0/152
Remaining: 0
#NNI moves:0/152
#NNI moves:0/152
(((((((((((((((((96,45),26),89),((10,33),((35,53),77))),79),((((40,34),((17,71),98)),((62,54),(18,21))),(88,92))),(46,((52,50),12))),(((((((100,((15,84),82)),81),(25,39)),((41,59),(43,93))),16),(((97,9),(31,90)),(19,95))),(80,(65,55)))),(23,28)),((((((27,64),86),((94,60),20)),((56,72),85)),(11,22)),(51,83))),(((((91,75),((42,70),87)),44),(((49,78),((13,(32,58)),(8,38))),7)),(((((((69,67),36),(57,76)),29),(63,66)),(30,47)),(48,73)))),((14,61),((37,(24,68)),(99,74)))),4),(6,1)),2),3),5);
#NNI moves:0/152
Remaining: 0
#NNI moves:0/152
#NNI moves:0/152
(((((((((((((((((49,78),(((32,58),13),(8,38))),7),((((42,70),87),(91,75)),44)),((((((36,(69,67)),(57,76)),29),(63,66)),(47,30)),(48,73))),((4,((1,6),((3,5),2))),((14,61),(((68,24),37),(74,99))))),((((((60,94),20),((64,27),86)),((72,56),85)),(11,22)),(83,51))),(23,28)),(((((((100,((84,15),82)),81),(39,25)),((59,41),(43,93))),16),(((90,31),(97,9)),(19,95))),((55,65),80))),((12,(52,50)),46)),((((62,54),(18,21)),(((71,17),98),(34,40))),(92,88))),79),((10,33),((35,53),77))),89),26),96),45);
#NNI moves:0/152
Remaining: 0
#NNI moves:0/152
#NNI moves:0/152
(((((((((((((59,41),(93,43)),((25,39),(((82,(15,84)),100),81))),16),(((9,97),(31,90)),(95,19))),((55,65),80)),((((50,52),12),46),(((92,88),(((54,62),(21,18)),((98,(71,17)),(34,40)))),((((10,33),((53,35),77)),((26,(96,45)),89)),79)))),(28,23)),(((((86,(64,27)),((94,60),20)),((56,72),85)),(11,22)),(51,83))),(((((((58,32),13),(38,8)),(78,49)),7),((((70,42),87),(75,91)),44)),((((66,63),(((36,(69,67)),(76,57)),29)),(30,47)),(48,73)))),(((99,74),(37,(24,68))),(61,14))),((2,(5,3)),(1,6))),4);
Current score: 1.59199e+09
Current tree: ((5,(2,((1,6),((((((((((((59,41),(93,43)),((25,39),(((82,(15,84)),100),81))),16),(((9,97),(31,90)),(95,19))),((55,65),80)),((((50,52),12),46),(((92,88),(((54,62),(21,18)),((98,(71,17)),(34,40)))),((((10,33),((53,35),77)),((26,(96,45)),89)),79)))),(28,23)),(((((86,(64,27)),((94,60),20)),((56,72),85)),(11,22)),(51,83))),(((((((58,32),13),(38,8)),(78,49)),7),((((70,42),87),(75,91)),44)),((((66,63),(((36,(69,67)),(76,57)),29)),(30,47)),(48,73)))),(((99,74),(37,(24,68))),(61,14))),4)))),3);
Final Tree: ((5,(2,((1,6),((((((((((((59,41),(93,43)),((25,39),(((82,(15,84)),100),81))),16),(((9,97),(31,90)),(95,19))),((55,65),80)),((((50,52),12),46),(((92,88),(((54,62),(21,18)),((98,(71,17)),(34,40)))),((((10,33),((53,35),77)),((26,(96,45)),89)),79)))),(28,23)),(((((86,(64,27)),((94,60),20)),((56,72),85)),(11,22)),(51,83))),(((((((58,32),13),(38,8)),(78,49)),7),((((70,42),87),(75,91)),44)),((((66,63),(((36,(69,67)),(76,57)),29)),(30,47)),(48,73)))),(((99,74),(37,(24,68))),(61,14))),4)))),3);
#EqQuartets: 1663198114
Score: 1591987809
ASTRAL for PaRalogs and Orthologs III (ASTRAL-Pro3)
*** NOW with integrated CASTLES-Pro ***
Version: v1.22.3.6
Read 512 genetrees and found 100 species.
#Genetrees: 998
#Duploss: 14171
#Species: 100
#Rounds: 4
#Samples: 4
#Threads: 1
Use two-step algorithm!
Guide Tree 0/16
#NNI moves:0/152
Guide Tree 1/16
#NNI moves:0/152
Guide Tree 2/16
#NNI moves:0/152
Guide Tree 3/16
#NNI moves:0/152
Guide Tree 4/16
#NNI moves:0/152
Guide Tree 5/16
#NNI moves:0/152
Guide Tree 6/16
#NNI moves:0/152
Guide Tree 7/16
#NNI moves:0/152
Guide Tree 8/16
#NNI moves:0/152
Guide Tree 9/16
#NNI moves:0/152
Guide Tree 10/16
#NNI moves:0/152
Guide Tree 11/16
#NNI moves:0/152
Guide Tree 12/16
#NNI moves:0/152
Guide Tree 13/16
#NNI moves:0/152
Guide Tree 14/16
#NNI moves:0/152
Guide Tree 15/16
#NNI moves:0/152
Remaining: 0
#NNI moves:0/152
#NNI moves:0/152
((((((((((((((((73,74),84),(7,82)),80),((31,43),(36,76))),39),(((50,12),65),((((28,52),96),68),53))),1),((((((83,(21,26)),(6,(34,55))),95),((((99,29),63),(30,(16,27))),(23,3))),(79,69)),(59,40))),(((46,100),81),((((56,(94,54)),5),41),(((((22,38),11),(13,91)),64),98)))),((((((90,51),((35,19),18)),(14,20)),42),(47,66)),(((((78,4),67),61),57),(33,49)))),((((71,85),72),87),(86,(2,32)))),((((60,(93,45)),((97,70),62)),(((((92,15),24),((44,75),9)),37),(58,8))),(77,89))),(88,(48,25))),17),10);
Guide Tree 0/16
#NNI moves:0/152
Guide Tree 1/16
#NNI moves:0/152
Guide Tree 2/16
#NNI moves:0/152
Guide Tree 3/16
#NNI moves:0/152
Guide Tree 4/16
#NNI moves:0/152
Guide Tree 5/16
#NNI moves:0/152
Guide Tree 6/16
#NNI moves:0/152
Guide Tree 7/16
#NNI moves:0/152
Guide Tree 8/16
#NNI moves:0/152
Guide Tree 9/16
#NNI moves:0/152
Guide Tree 10/16
#NNI moves:0/152
Guide Tree 11/16
#NNI moves:0/152
Guide Tree 12/16
#NNI moves:0/152
Guide Tree 13/16
#NNI moves:0/152
Guide Tree 14/16
#NNI moves:0/152
Guide Tree 15/16
#NNI moves:0/152
Remaining: 0
#NNI moves:0/152
#NNI moves:0/152
((((((((((((((6,(55,34)),((21,26),83)),95),((((99,29),63),((27,16),30)),(23,3))),(79,69)),(40,59)),(((((80,(((74,73),84),(82,7))),((36,76),(43,31))),39),((53,((96,(52,28)),68)),((50,12),65))),1)),(((46,100),81),((41,(5,((94,54),56))),((((91,13),((38,22),11)),64),98)))),((((((90,51),((19,35),18)),(20,14)),42),(66,47)),((33,49),(57,((67,(78,4)),61))))),((87,((71,85),72)),((32,2),86))),((((62,(70,97)),(60,(93,45))),(((((75,44),9),((15,92),24)),37),(8,58))),(77,89))),((25,48),88)),17),10);
Guide Tree 0/16
#NNI moves:0/152
Guide Tree 1/16
#NNI moves:0/152
Guide Tree 2/16
#NNI moves:0/152
Guide Tree 3/16
#NNI moves:0/152
Guide Tree 4/16
#NNI moves:0/152
Guide Tree 5/16
#NNI moves:0/152
Guide Tree 6/16
#NNI moves:0/152
Guide Tree 7/16
#NNI moves:0/152
Guide Tree 8/16
#NNI moves:0/152
Guide Tree 9/16
#NNI moves:0/152
Guide Tree 10/16
#NNI moves:0/152
Guide Tree 11/16
#NNI moves:0/152
Guide Tree 12/16
#NNI moves:0/152
Guide Tree 13/16
#NNI moves:0/152
Guide Tree 14/16
#NNI moves:0/152
Guide Tree 15/16
#NNI moves:0/152
Remaining: 0
#NNI moves:0/152
#NNI moves:0/152
(((((((((((((((99,29),63),((16,27),30)),(3,23)),((((55,34),6),(83,(21,26))),95)),(69,79)),(40,59)),(((((80,(((74,73),84),(82,7))),((31,43),(76,36))),39),(((50,12),65),(53,(68,((52,28),96))))),1)),((((((13,91),(11,(38,22))),64),98),((5,((94,54),56)),41)),((46,100),81))),(((33,49),((((78,4),67),61),57)),((47,66),(((((35,19),18),(90,51)),(14,20)),42)))),((((85,71),72),87),(86,(32,2)))),((((58,8),((((92,15),24),(9,(75,44))),37)),((62,(97,70)),(60,(93,45)))),(89,77))),((48,25),88)),17),10);
Guide Tree 0/16
#NNI moves:0/152
Guide Tree 1/16
#NNI moves:0/152
Guide Tree 2/16
#NNI moves:0/152
Guide Tree 3/16
#NNI moves:0/152
Guide Tree 4/16
#NNI moves:0/152
Guide Tree 5/16
#NNI moves:0/152
Guide Tree 6/16
#NNI moves:0/152
Guide Tree 7/16
#NNI moves:0/152
Guide Tree 8/16
#NNI moves:0/152
Guide Tree 9/16
#NNI moves:0/152
Guide Tree 10/16
#NNI moves:0/152
Guide Tree 11/16
#NNI moves:0/152
Guide Tree 12/16
#NNI moves:0/152
Guide Tree 13/16
#NNI moves:0/152
Guide Tree 14/16
#NNI moves:0/152
Guide Tree 15/16
#NNI moves:0/152
Remaining: 0
#NNI moves:0/152
#NNI moves:0/152
((((((((((((65,(50,12)),((((52,28),96),68),53)),((((((73,74),84),(7,82)),80),((31,43),(76,36))),39)),1),(((((((29,99),63),((16,27),30)),(23,3)),(((6,(55,34)),(83,(26,21))),95)),(79,69)),(40,59))),((((((54,94),56),5),41),(((((22,38),11),(91,13)),64),98)),((46,100),81))),(((49,33),(((67,(78,4)),61),57)),(((((18,(35,19)),(90,51)),(14,20)),42),(66,47)))),(((72,(85,71)),87),(86,(32,2)))),(((((((15,92),24),((44,75),9)),37),(8,58)),(((93,45),60),((70,97),62))),(89,77))),((25,48),88)),17),10);
Initial score: 1.34428e+09
Initial tree: ((((((((((((65,(50,12)),((((52,28),96),68),53)),((((((73,74),84),(7,82)),80),((31,43),(76,36))),39)),1),(((((((29,99),63),((16,27),30)),(23,3)),(((6,(55,34)),(83,(26,21))),95)),(79,69)),(40,59))),((((((54,94),56),5),41),(((((22,38),11),(91,13)),64),98)),((46,100),81))),(((49,33),(((67,(78,4)),61),57)),(((((18,(35,19)),(90,51)),(14,20)),42),(66,47)))),(((72,(85,71)),87),(86,(32,2)))),(((((((15,92),24),((44,75),9)),37),(8,58)),(((93,45),60),((70,97),62))),(89,77))),((25,48),88)),17),10);
*** Subsample Process ***
Use two-step algorithm!
#NNI moves:0/152
Remaining: 2
#NNI moves:0/152
#NNI moves:0/152
(((((((((((5,((94,54),56)),41),((64,((91,13),((38,22),11))),98)),((46,100),81)),((((((((((92,15),24),((44,75),9)),37),(8,58)),(((93,45),60),((70,97),62))),(89,77)),((17,10),((48,25),88))),((((85,71),72),87),(86,(32,2)))),((((((4,78),67),61),57),(49,33)),((((((35,19),18),(51,90)),(20,14)),42),(47,66))))),(((((((29,99),63),(30,(16,27))),(23,3)),((((21,26),83),((34,55),6)),95)),(79,69)),(40,59))),1),((((((74,73),84),(82,7)),80),((31,43),(36,76))),39)),(53,(((52,28),96),68))),(50,12)),65);
#NNI moves:0/152
Remaining: 0
#NNI moves:0/152
#NNI moves:0/152
(((((((((((((((52,28),96),68),53),(65,(12,50))),((((31,43),(76,36)),(((84,(74,73)),(7,82)),80)),39)),1),(((((((99,29),63),((16,27),30)),(3,23)),((((34,55),6),((21,26),83)),95)),(79,69)),(59,40))),((((((11,(22,38)),(13,91)),64),98),((5,((94,54),56)),41)),(81,(100,46)))),(((((((35,19),18),(90,51)),(14,20)),42),(66,47)),((((67,(78,4)),61),57),(33,49)))),((((71,85),72),87),(86,(32,2)))),(((((((44,75),9),((15,92),24)),37),(58,8)),((60,(45,93)),(62,(97,70)))),(77,89))),(88,(48,25))),10),17);
#NNI moves:0/152
Remaining: 0
#NNI moves:0/152
#NNI moves:0/152
((((((((((((72,(71,85)),87),(86,(32,2))),(((((((24,(15,92)),(9,(75,44))),37),(58,8)),((60,(93,45)),((70,97),62))),(77,89)),(((48,25),88),(10,17)))),(((((((35,19),18),(90,51)),(20,14)),42),(66,47)),((49,33),(((67,(4,78)),61),57)))),(((46,100),81),((((((38,22),11),(13,91)),64),98),(((56,(94,54)),5),41)))),(((((((29,99),63),((27,16),30)),(3,23)),(95,(((34,55),6),((21,26),83)))),(79,69)),(59,40))),1),((((31,43),(76,36)),(((7,82),((74,73),84)),80)),39)),((68,((52,28),96)),53)),(12,50)),65);
#NNI moves:0/152
Remaining: 0
#NNI moves:0/152
#NNI moves:0/152
(((((((((((((((36,76),(43,31)),(((84,(73,74)),(7,82)),80)),39),(((50,12),65),((((28,52),96),68),53))),1),((((((30,(16,27)),(63,(29,99))),(23,3)),((((26,21),83),((34,55),6)),95)),(69,79)),(40,59))),(((((((22,38),11),(91,13)),64),98),((((94,54),56),5),41)),((46,100),81))),(((((14,20),((51,90),(18,(19,35)))),42),(66,47)),((49,33),(((67,(78,4)),61),57)))),((((85,71),72),87),(86,(2,32)))),((((60,(45,93)),(62,(97,70))),(((((92,15),24),(9,(44,75))),37),(58,8))),(89,77))),(17,10)),88),48),25);
Current score: 1.34428e+09
Current tree: ((17,((((((((((((36,76),(43,31)),(((84,(73,74)),(7,82)),80)),39),(((50,12),65),((((28,52),96),68),53))),1),((((((30,(16,27)),(63,(29,99))),(23,3)),((((26,21),83),((34,55),6)),95)),(69,79)),(40,59))),(((((((22,38),11),(91,13)),64),98),((((94,54),56),5),41)),((46,100),81))),(((((14,20),((51,90),(18,(19,35)))),42),(66,47)),((49,33),(((67,(78,4)),61),57)))),((((85,71),72),87),(86,(2,32)))),((((60,(45,93)),(62,(97,70))),(((((92,15),24),(9,(44,75))),37),(58,8))),(89,77))),(88,(48,25)))),10);
Final Tree: ((17,((((((((((((36,76),(43,31)),(((84,(73,74)),(7,82)),80)),39),(((50,12),65),((((28,52),96),68),53))),1),((((((30,(16,27)),(63,(29,99))),(23,3)),((((26,21),83),((34,55),6)),95)),(69,79)),(40,59))),(((((((22,38),11),(91,13)),64),98),((((94,54),56),5),41)),((46,100),81))),(((((14,20),((51,90),(18,(19,35)))),42),(66,47)),((49,33),(((67,(78,4)),61),57)))),((((85,71),72),87),(86,(2,32)))),((((60,(45,93)),(62,(97,70))),(((((92,15),24),(9,(44,75))),37),(58,8))),(89,77))),(88,(48,25)))),10);
#EqQuartets: 1439609495
Score: 1344275935
ASTRAL for PaRalogs and Orthologs III (ASTRAL-Pro3)
*** NOW with integrated CASTLES-Pro ***
Version: v1.22.3.6
Read 512 genetrees and found 100 species.
#Genetrees: 1000
#Duploss: 11965
#Species: 100
#Rounds: 4
#Samples: 4
#Threads: 1
Use two-step algorithm!
Guide Tree 0/16
#NNI moves:0/152
Guide Tree 1/16
#NNI moves:0/152
Guide Tree 2/16
#NNI moves:0/152
Guide Tree 3/16
#NNI moves:0/152
Guide Tree 4/16
#NNI moves:0/152
Guide Tree 5/16
#NNI moves:0/152
Guide Tree 6/16
#NNI moves:0/152
Guide Tree 7/16
#NNI moves:0/152
Guide Tree 8/16
#NNI moves:0/152
Guide Tree 9/16
#NNI moves:0/152
Guide Tree 10/16
#NNI moves:0/152
Guide Tree 11/16
#NNI moves:0/152
Guide Tree 12/16
#NNI moves:0/152
Guide Tree 13/16
#NNI moves:0/152
Guide Tree 14/16
#NNI moves:0/152
Guide Tree 15/16
#NNI moves:0/152
Remaining: 0
#NNI moves:0/152
#NNI moves:0/152
(((((((((((((((((16,((77,34),3)),(68,(56,28))),((35,44),33)),(((49,84),(20,88)),90)),((((((6,(72,47)),38),(7,80)),((9,11),53)),(((37,17),46),81)),((25,41),87))),((32,21),61)),((30,14),((26,70),(83,4)))),(((((((31,(78,66)),(57,29)),15),63),5),(39,2)),((58,74),8))),(((((54,1),(((13,24),(55,79)),(67,65))),((40,64),86)),((((52,50),((73,62),27)),((82,12),59)),((((((71,((18,89),85)),48),19),60),75),(23,(76,36))))),((51,45),10))),((22,(69,43)),42)),((98,(97,100)),93)),99),92),94),91),95),96);
Guide Tree 0/16
#NNI moves:0/152
Guide Tree 1/16
#NNI moves:0/152
Guide Tree 2/16
#NNI moves:0/152
Guide Tree 3/16
#NNI moves:0/152
Guide Tree 4/16
#NNI moves:0/152
Guide Tree 5/16
#NNI moves:0/152
Guide Tree 6/16
#NNI moves:0/152
Guide Tree 7/16
#NNI moves:0/152
Guide Tree 8/16
#NNI moves:0/152
Guide Tree 9/16
#NNI moves:0/152
Guide Tree 10/16
#NNI moves:0/152
Guide Tree 11/16
#NNI moves:0/152
Guide Tree 12/16
#NNI moves:0/152
Guide Tree 13/16
#NNI moves:0/152
Guide Tree 14/16
#NNI moves:0/152
Guide Tree 15/16
#NNI moves:0/152
Remaining: 0
#NNI moves:0/152
#NNI moves:0/152
(((((((((((((((((16,((34,77),3)),((28,56),68)),((35,44),33)),(((84,49),(20,88)),90)),(((((17,37),46),81),(((((47,72),6),38),(80,7)),((9,11),53))),((25,41),87))),((21,32),61)),(((4,83),(70,26)),(30,14))),(((74,58),8),((2,39),((63,(((29,57),(31,(78,66))),15)),5)))),((((((52,50),((62,73),27)),(59,(82,12))),((((((71,(85,(89,18))),48),19),60),75),((36,76),23))),((86,(64,40)),(((67,65),((55,79),(13,24))),(54,1)))),((45,51),10))),(((69,43),22),42)),(((100,97),98),93)),99),92),94),91),95),96);
Guide Tree 0/16
#NNI moves:0/152
Guide Tree 1/16
#NNI moves:0/152
Guide Tree 2/16
#NNI moves:0/152
Guide Tree 3/16
#NNI moves:0/152
Guide Tree 4/16
#NNI moves:0/152
Guide Tree 5/16
#NNI moves:0/152
Guide Tree 6/16
#NNI moves:0/152
Guide Tree 7/16
#NNI moves:0/152
Guide Tree 8/16
#NNI moves:0/152
Guide Tree 9/16
#NNI moves:0/152
Guide Tree 10/16
#NNI moves:0/152
Guide Tree 11/16
#NNI moves:0/152
Guide Tree 12/16
#NNI moves:0/152
Guide Tree 13/16
#NNI moves:0/152
Guide Tree 14/16
#NNI moves:0/152
Guide Tree 15/16
#NNI moves:0/152
Remaining: 0
#NNI moves:0/152
#NNI moves:0/152
(((((((((((((((((20,88),(49,84)),90),(((((77,34),3),16),((56,28),68)),((44,35),33))),(((((((72,47),6),38),(7,80)),((11,9),53)),(81,((17,37),46))),(87,(25,41)))),((21,32),61)),((14,30),((83,4),(26,70)))),(((58,74),8),((((((57,29),(31,(66,78))),15),63),5),(2,39)))),(((((((((71,((89,18),85)),48),19),60),75),((36,76),23)),(((27,(73,62)),(52,50)),(59,(82,12)))),((86,(40,64)),((54,1),((67,65),((24,13),(79,55)))))),((45,51),10))),((22,(43,69)),42)),(((100,97),98),93)),99),92),94),91),95),96);
Guide Tree 0/16
#NNI moves:0/152
Guide Tree 1/16
#NNI moves:0/152
Guide Tree 2/16
#NNI moves:0/152
Guide Tree 3/16
#NNI moves:0/152
Guide Tree 4/16
#NNI moves:0/152
Guide Tree 5/16
#NNI moves:0/152
Guide Tree 6/16
#NNI moves:0/152
Guide Tree 7/16
#NNI moves:0/152
Guide Tree 8/16
#NNI moves:0/152
Guide Tree 9/16
#NNI moves:0/152
Guide Tree 10/16
#NNI moves:0/152
Guide Tree 11/16
#NNI moves:0/152
Guide Tree 12/16
#NNI moves:0/152
Guide Tree 13/16
#NNI moves:0/152
Guide Tree 14/16
#NNI moves:0/152
Guide Tree 15/16
#NNI moves:0/152
Remaining: 0
#NNI moves:0/152
#NNI moves:0/152
((((((((((((((((79,55),(24,13)),(65,67)),(54,1)),((40,64),86)),(((((19,(48,(((18,89),85),71))),60),75),(23,(36,76))),((59,(12,82)),(((73,62),27),(52,50))))),((51,45),10)),((((((90,((20,88),(49,84))),((((28,56),68),((3,(34,77)),16)),((35,44),33))),((((46,(37,17)),81),(((9,11),53),((((47,72),6),38),(80,7)))),((41,25),87))),(61,(21,32))),(((83,4),(26,70)),(14,30))),(((((((29,57),((66,78),31)),15),63),5),(39,2)),(8,(58,74))))),(((43,69),22),42)),((98,(97,100)),93)),99),92),94),91),95),96);
Initial score: 1.51283e+09
Initial tree: ((((((((((((((((79,55),(24,13)),(65,67)),(54,1)),((40,64),86)),(((((19,(48,(((18,89),85),71))),60),75),(23,(36,76))),((59,(12,82)),(((73,62),27),(52,50))))),((51,45),10)),((((((90,((20,88),(49,84))),((((28,56),68),((3,(34,77)),16)),((35,44),33))),((((46,(37,17)),81),(((9,11),53),((((47,72),6),38),(80,7)))),((41,25),87))),(61,(21,32))),(((83,4),(26,70)),(14,30))),(((((((29,57),((66,78),31)),15),63),5),(39,2)),(8,(58,74))))),(((43,69),22),42)),((98,(97,100)),93)),99),92),94),91),95),96);
*** Subsample Process ***
Use two-step algorithm!
#NNI moves:0/152
Remaining: 0
#NNI moves:0/152
#NNI moves:0/152
(((((((((((((((((37,17),46),81),((53,(9,11)),((7,80),(((47,72),6),38)))),(87,(25,41))),((((16,((34,77),3)),((28,56),68)),((44,35),33)),(90,((88,20),(84,49))))),((21,32),61)),((14,30),((26,70),(4,83)))),(((((((57,29),((66,78),31)),15),63),5),(39,2)),((74,58),8))),(((((((95,96),91),94),92),99),((98,(97,100)),93)),((22,(69,43)),42))),((45,51),10)),(((((19,((((18,89),85),71),48)),60),75),((76,36),23)),(((82,12),59),(((62,73),27),(50,52))))),((40,64),86)),(54,1)),((24,13),(79,55))),65),67);
#NNI moves:0/152
Remaining: 0
#NNI moves:0/152
#NNI moves:0/152
((((((((((((((((((3,(34,77)),16),((56,28),68)),((44,35),33)),(((49,84),(88,20)),90)),(((((37,17),46),81),(((11,9),53),((((72,47),6),38),(7,80)))),((41,25),87))),((21,32),61)),((30,14),((26,70),(4,83)))),(((39,2),((((((78,66),31),(29,57)),15),63),5)),((74,58),8))),(((((((24,13),(55,79)),(65,67)),(1,54)),((64,40),86)),(((((((71,((18,89),85)),48),19),60),75),((76,36),23)),(((82,12),59),(((73,62),27),(52,50))))),(10,(45,51)))),(((43,69),22),42)),(((100,97),98),93)),99),92),94),91),96),95);
#NNI moves:0/152
Remaining: 0
#NNI moves:0/152
#NNI moves:0/152
((((((((((((((((((((85,(18,89)),71),48),19),60),75),(23,(76,36))),(((82,12),59),(((62,73),27),(52,50)))),(((64,40),86),((1,54),(((24,13),(55,79)),(65,67))))),((45,51),10)),((((92,((91,(96,95)),94)),99),(((97,100),98),93)),(((43,69),22),42))),(((((15,((29,57),((78,66),31))),63),5),(2,39)),((58,74),8))),(((26,70),(83,4)),(30,14))),((32,21),61)),(((((37,17),46),81),(((80,7),((6,(72,47)),38)),((11,9),53))),((41,25),87))),(((84,49),(20,88)),90)),((44,35),33)),(68,(56,28))),((34,77),3)),16);
#NNI moves:0/152
Remaining: 0
#NNI moves:0/152
#NNI moves:0/152
(((((((((((((((3,(77,34)),16),((56,28),68)),(33,(44,35))),(90,((49,84),(20,88)))),(((((((47,72),6),38),(7,80)),((9,11),53)),(81,((17,37),46))),((41,25),87))),((21,32),61)),((14,30),((26,70),(83,4)))),(((((((57,29),((66,78),31)),15),63),5),(39,2)),((58,74),8))),(((((((((((18,89),85),71),48),19),60),75),(23,(76,36))),(((27,(73,62)),(50,52)),((12,82),59))),(((54,1),(((79,55),(13,24)),(67,65))),(86,(40,64)))),(10,(51,45)))),(((69,43),22),42)),(93,((100,97),98))),99),((91,(95,96)),94)),92);
Current score: 1.51283e+09
Current tree: ((95,(91,(94,((((((((((((((3,(77,34)),16),((56,28),68)),(33,(44,35))),(90,((49,84),(20,88)))),(((((((47,72),6),38),(7,80)),((9,11),53)),(81,((17,37),46))),((41,25),87))),((21,32),61)),((14,30),((26,70),(83,4)))),(((((((57,29),((66,78),31)),15),63),5),(39,2)),((58,74),8))),(((((((((((18,89),85),71),48),19),60),75),(23,(76,36))),(((27,(73,62)),(50,52)),((12,82),59))),(((54,1),(((79,55),(13,24)),(67,65))),(86,(40,64)))),(10,(51,45)))),(((69,43),22),42)),(93,((100,97),98))),99),92)))),96);
Final Tree: ((95,(91,(94,((((((((((((((3,(77,34)),16),((56,28),68)),(33,(44,35))),(90,((49,84),(20,88)))),(((((((47,72),6),38),(7,80)),((9,11),53)),(81,((17,37),46))),((41,25),87))),((21,32),61)),((14,30),((26,70),(83,4)))),(((((((57,29),((66,78),31)),15),63),5),(39,2)),((58,74),8))),(((((((((((18,89),85),71),48),19),60),75),(23,(76,36))),(((27,(73,62)),(50,52)),((12,82),59))),(((54,1),(((79,55),(13,24)),(67,65))),(86,(40,64)))),(10,(51,45)))),(((69,43),22),42)),(93,((100,97),98))),99),92)))),96);
#EqQuartets: 1566603637
Score: 1512831611
ASTRAL for PaRalogs and Orthologs III (ASTRAL-Pro3)
*** NOW with integrated CASTLES-Pro ***
Version: v1.22.3.6
Read 512 genetrees and found 100 species.
#Genetrees: 1000
#Duploss: 12348
#Species: 100
#Rounds: 4
#Samples: 4
#Threads: 1
Use two-step algorithm!
Guide Tree 0/16
#NNI moves:0/152
Guide Tree 1/16
#NNI moves:0/152
Guide Tree 2/16
#NNI moves:0/152
Guide Tree 3/16
#NNI moves:0/152
Guide Tree 4/16
#NNI moves:0/152
Guide Tree 5/16
#NNI moves:0/152
Guide Tree 6/16
#NNI moves:0/152
Guide Tree 7/16
#NNI moves:0/152
Guide Tree 8/16
#NNI moves:0/152
Guide Tree 9/16
#NNI moves:0/152
Guide Tree 10/16
#NNI moves:0/152
Guide Tree 11/16
#NNI moves:0/152
Guide Tree 12/16
#NNI moves:0/152
Guide Tree 13/16
#NNI moves:0/152
Guide Tree 14/16
#NNI moves:0/152
Guide Tree 15/16
#NNI moves:0/152
Remaining: 0
#NNI moves:0/152
#NNI moves:0/152
(((((((((((28,((47,57),(88,43))),52),45),62),((((58,(48,91)),7),((9,((63,60),53)),(((81,11),(82,76)),(68,32)))),((((((((14,(74,31)),36),55),((8,56),75)),77),(49,54)),(21,12)),((((46,83),(50,25)),(15,(61,40))),(38,22))))),(((((78,3),(51,59)),(65,((10,89),27))),(((70,((30,66),39)),18),(84,17))),((24,20),86))),((((((4,5),80),(29,(1,72))),64),(34,44)),((69,(13,71)),87))),((((96,98),97),95),((94,100),(93,(99,92))))),(((((73,(((26,37),6),(19,79))),16),(41,23)),((90,42),85)),67)),(33,2)),35);
Guide Tree 0/16
#NNI moves:0/152
Guide Tree 1/16
#NNI moves:0/152
Guide Tree 2/16
#NNI moves:0/152
Guide Tree 3/16
#NNI moves:0/152
Guide Tree 4/16
#NNI moves:0/152
Guide Tree 5/16
#NNI moves:0/152
Guide Tree 6/16
#NNI moves:0/152
Guide Tree 7/16
#NNI moves:0/152
Guide Tree 8/16
#NNI moves:0/152
Guide Tree 9/16
#NNI moves:0/152
Guide Tree 10/16
#NNI moves:0/152
Guide Tree 11/16
#NNI moves:0/152
Guide Tree 12/16
#NNI moves:0/152
Guide Tree 13/16
#NNI moves:0/152
Guide Tree 14/16
#NNI moves:0/152
Guide Tree 15/16
#NNI moves:0/152
Remaining: 0
#NNI moves:0/152
#NNI moves:0/152
(((((((((((((((36,((74,31),14)),55),(75,(56,8))),77),(49,54)),(12,21)),((((46,83),(50,25)),((61,40),15)),(22,38))),(((58,(91,48)),7),(((53,(60,63)),9),((32,68),((76,82),(81,11)))))),((((((88,43),(57,47)),28),52),45),62)),(((20,24),86),(((((89,10),27),65),((78,3),(59,51))),((17,84),((((30,66),39),70),18))))),((((71,13),69),87),(((((1,72),29),(80,(4,5))),64),(44,34)))),((((99,92),93),(100,94)),((97,(96,98)),95))),(((((((6,(37,26)),(19,79)),73),16),(23,41)),(85,(90,42))),67)),(33,2)),35);
Guide Tree 0/16
#NNI moves:0/152
Guide Tree 1/16
#NNI moves:0/152
Guide Tree 2/16
#NNI moves:0/152
Guide Tree 3/16
#NNI moves:0/152
Guide Tree 4/16
#NNI moves:0/152
Guide Tree 5/16
#NNI moves:0/152
Guide Tree 6/16
#NNI moves:0/152
Guide Tree 7/16
#NNI moves:0/152
Guide Tree 8/16
#NNI moves:0/152
Guide Tree 9/16
#NNI moves:0/152
Guide Tree 10/16
#NNI moves:0/152
Guide Tree 11/16
#NNI moves:0/152
Guide Tree 12/16
#NNI moves:0/152
Guide Tree 13/16
#NNI moves:0/152
Guide Tree 14/16
#NNI moves:0/152
Guide Tree 15/16
#NNI moves:0/152
Remaining: 0
#NNI moves:0/152
#NNI moves:0/152
((((((((((((68,32),((11,81),(82,76))),(((60,63),53),9)),(((48,91),58),7)),(((((46,83),(25,50)),(15,(40,61))),(22,38)),(((((75,(56,8)),(((14,(74,31)),36),55)),77),(54,49)),(12,21)))),((((((47,57),(88,43)),28),52),45),62)),(((24,20),86),((((((30,66),39),70),18),(84,17)),(((3,78),(59,51)),(((89,10),27),65))))),((((((4,5),80),((72,1),29)),64),(34,44)),(((71,13),69),87))),(((94,100),(93,(92,99))),(((96,98),97),95))),(((((((6,(26,37)),(19,79)),73),16),(23,41)),(85,(42,90))),67)),(33,2)),35);
Guide Tree 0/16
#NNI moves:0/152
Guide Tree 1/16
#NNI moves:0/152
Guide Tree 2/16
#NNI moves:0/152
Guide Tree 3/16
#NNI moves:0/152
Guide Tree 4/16
#NNI moves:0/152
Guide Tree 5/16
#NNI moves:0/152
Guide Tree 6/16
#NNI moves:0/152
Guide Tree 7/16
#NNI moves:0/152
Guide Tree 8/16
#NNI moves:0/152
Guide Tree 9/16
#NNI moves:0/152
Guide Tree 10/16
#NNI moves:0/152
Guide Tree 11/16
#NNI moves:0/152
Guide Tree 12/16
#NNI moves:0/152
Guide Tree 13/16
#NNI moves:0/152
Guide Tree 14/16
#NNI moves:0/152
Guide Tree 15/16
#NNI moves:0/152
Remaining: 0
#NNI moves:0/152
#NNI moves:0/152
(((((((((((((83,46),(50,25)),((40,61),15)),(38,22)),((21,12),(((((36,(14,(31,74))),55),((8,56),75)),77),(54,49)))),((((53,(63,60)),9),(((81,11),(76,82)),(32,68))),(((91,48),58),7))),((((((43,88),(47,57)),28),52),45),62)),(((((3,78),(51,59)),((27,(10,89)),65)),(((((66,30),39),70),18),(84,17))),(86,(24,20)))),((((13,71),69),87),((64,(((4,5),80),(29,(1,72)))),(44,34)))),(((100,94),((92,99),93)),(((96,98),97),95))),(((((((19,79),((37,26),6)),73),16),(41,23)),(85,(42,90))),67)),(33,2)),35);
Initial score: 1.48319e+09
Initial tree: (((((((((((((83,46),(50,25)),((40,61),15)),(38,22)),((21,12),(((((36,(14,(31,74))),55),((8,56),75)),77),(54,49)))),((((53,(63,60)),9),(((81,11),(76,82)),(32,68))),(((91,48),58),7))),((((((43,88),(47,57)),28),52),45),62)),(((((3,78),(51,59)),((27,(10,89)),65)),(((((66,30),39),70),18),(84,17))),(86,(24,20)))),((((13,71),69),87),((64,(((4,5),80),(29,(1,72)))),(44,34)))),(((100,94),((92,99),93)),(((96,98),97),95))),(((((((19,79),((37,26),6)),73),16),(41,23)),(85,(42,90))),67)),(33,2)),35);
*** Subsample Process ***
Use two-step algorithm!
#NNI moves:0/152
Remaining: 0
#NNI moves:0/152
#NNI moves:0/152
(((((((((((((((96,98),97),95),((94,100),(93,(99,92)))),(((((41,23),((((19,79),((37,26),6)),73),16)),((42,90),85)),67),((33,2),35))),((((((4,5),80),(29,(72,1))),64),(34,44)),(((71,13),69),87))),((((18,(((66,30),39),70)),(17,84)),((((10,89),27),65),((78,3),(51,59)))),(86,(20,24)))),((((((88,43),(47,57)),28),52),45),62)),(((((60,63),53),9),(((82,76),(81,11)),(32,68))),((58,(48,91)),7))),((((((((74,31),14),36),55),((56,8),75)),77),(54,49)),(12,21))),(38,22)),(15,(40,61))),(50,25)),46),83);
#NNI moves:0/152
Remaining: 0
#NNI moves:0/152
#NNI moves:0/152
(((((((((((((54,49),((((56,8),75),((((74,31),14),36),55)),77)),(21,12)),((((50,25),(46,83)),(15,(40,61))),(38,22))),((((91,48),58),7),((((11,81),(82,76)),(68,32)),(((60,63),53),9)))),((((((47,57),(88,43)),28),52),45),62)),(((((78,3),(51,59)),((27,(89,10)),65)),((84,17),((70,(39,(30,66))),18))),(86,(20,24)))),(((((29,(1,72)),(80,(5,4))),64),(34,44)),(87,((71,13),69)))),(((94,100),((92,99),93)),((97,(98,96)),95))),((((90,42),85),(((73,((6,(26,37)),(79,19))),16),(41,23))),67)),35),2),33);
#NNI moves:0/152
Remaining: 0
#NNI moves:0/152
#NNI moves:0/152
((((((((((((((((94,100),((92,99),93)),(((98,96),97),95)),((((((73,(((37,26),6),(19,79))),16),(41,23)),(85,(90,42))),67),(35,(33,2)))),((((((5,4),80),((72,1),29)),64),(44,34)),(87,(69,(71,13))))),(((((3,78),(51,59)),((27,(89,10)),65)),((17,84),((((66,30),39),70),18))),((24,20),86))),((((((47,57),(88,43)),28),52),45),62)),(((58,(91,48)),7),((((76,82),(11,81)),(68,32)),(9,((60,63),53))))),((((25,50),(83,46)),((61,40),15)),(38,22))),(21,12)),(54,49)),77),((((74,31),14),36),55)),75),56),8);
#NNI moves:0/152
Remaining: 0
#NNI moves:0/152
#NNI moves:0/152
(((((((((((((((58,(91,48)),7),((((81,11),(82,76)),(32,68)),(9,((63,60),53)))),((((15,(61,40)),((50,25),(83,46))),(38,22)),(((77,(((((31,74),14),36),55),((8,56),75))),(49,54)),(12,21)))),(((52,(((43,88),(57,47)),28)),45),62)),((((84,17),((((66,30),39),70),18)),(((27,(10,89)),65),((51,59),(78,3)))),((24,20),86))),((((((4,5),80),((72,1),29)),64),(34,44)),(((13,71),69),87))),((((99,92),93),(100,94)),(((96,98),97),95))),((2,33),35)),67),(85,(42,90))),(41,23)),16),((79,19),(6,(26,37)))),73);
Current score: 1.48319e+09
Current tree: (((2,33),(((((((((58,(91,48)),7),((((81,11),(82,76)),(32,68)),(9,((63,60),53)))),((((15,(61,40)),((50,25),(83,46))),(38,22)),(((77,(((((31,74),14),36),55),((8,56),75))),(49,54)),(12,21)))),(((52,(((43,88),(57,47)),28)),45),62)),((((84,17),((((66,30),39),70),18)),(((27,(10,89)),65),((51,59),(78,3)))),((24,20),86))),((((((4,5),80),((72,1),29)),64),(34,44)),(((13,71),69),87))),((((99,92),93),(100,94)),(((96,98),97),95))),(67,((85,(42,90)),((41,23),(16,(((79,19),(6,(26,37))),73))))))),35);
Final Tree: (((2,33),(((((((((58,(91,48)),7),((((81,11),(82,76)),(32,68)),(9,((63,60),53)))),((((15,(61,40)),((50,25),(83,46))),(38,22)),(((77,(((((31,74),14),36),55),((8,56),75))),(49,54)),(12,21)))),(((52,(((43,88),(57,47)),28)),45),62)),((((84,17),((((66,30),39),70),18)),(((27,(10,89)),65),((51,59),(78,3)))),((24,20),86))),((((((4,5),80),((72,1),29)),64),(34,44)),(((13,71),69),87))),((((99,92),93),(100,94)),(((96,98),97),95))),(67,((85,(42,90)),((41,23),(16,(((79,19),(6,(26,37))),73))))))),35);
#EqQuartets: 1522580603
Score: 1483185227
Traceback (most recent call last):
  File "/mnt/disk1/wqfm-tree-stuff/experiments/./rfScoreCalculator/getFpFn.py", line 46, in <module>
    estimateTree = readNewickFile(options.estimate_tree)
                   ^^^^^^^^^^^^^^^^^^^^^^^^^^^^^^^^^^^^^
  File "/home/system3/anaconda3/lib/python3.11/site-packages/spruce-1.0-py3.11.egg/spruce/unrooted.py", line 28, in readNewickFile
    f = open(file)
        ^^^^^^^^^^
FileNotFoundError: [Errno 2] No such file or directory: '100taxa/DOI-10-13012-b2idb-5721322_v1/estimated/ntaxa-100.dlrate-0.0000000002.psize-50000000/01/g_trees-with-gt3species-wqfm-tree.tre'

During handling of the above exception, another exception occurred:

Traceback (most recent call last):
  File "/mnt/disk1/wqfm-tree-stuff/experiments/./rfScoreCalculator/getFpFn.py", line 48, in <module>
    estimateTree = parse_tree(readTreesFromRatchet(options.estimate_tree)[0])
                              ^^^^^^^^^^^^^^^^^^^^^^^^^^^^^^^^^^^^^^^^^^^
  File "/home/system3/anaconda3/lib/python3.11/site-packages/spruce-1.0-py3.11.egg/spruce/mrp.py", line 424, in readTreesFromRatchet
FileNotFoundError: [Errno 2] No such file or directory: '100taxa/DOI-10-13012-b2idb-5721322_v1/estimated/ntaxa-100.dlrate-0.0000000002.psize-50000000/01/g_trees-with-gt3species-wqfm-tree.tre'
Traceback (most recent call last):
  File "/mnt/disk1/wqfm-tree-stuff/experiments/./rfScoreCalculator/getFpFn.py", line 46, in <module>
    estimateTree = readNewickFile(options.estimate_tree)
                   ^^^^^^^^^^^^^^^^^^^^^^^^^^^^^^^^^^^^^
  File "/home/system3/anaconda3/lib/python3.11/site-packages/spruce-1.0-py3.11.egg/spruce/unrooted.py", line 28, in readNewickFile
    f = open(file)
        ^^^^^^^^^^
FileNotFoundError: [Errno 2] No such file or directory: '100taxa/DOI-10-13012-b2idb-5721322_v1/estimated/ntaxa-100.dlrate-0.0000000002.psize-50000000/02/g_trees-with-gt3species-wqfm-tree.tre'

During handling of the above exception, another exception occurred:

Traceback (most recent call last):
  File "/mnt/disk1/wqfm-tree-stuff/experiments/./rfScoreCalculator/getFpFn.py", line 48, in <module>
    estimateTree = parse_tree(readTreesFromRatchet(options.estimate_tree)[0])
                              ^^^^^^^^^^^^^^^^^^^^^^^^^^^^^^^^^^^^^^^^^^^
  File "/home/system3/anaconda3/lib/python3.11/site-packages/spruce-1.0-py3.11.egg/spruce/mrp.py", line 424, in readTreesFromRatchet
FileNotFoundError: [Errno 2] No such file or directory: '100taxa/DOI-10-13012-b2idb-5721322_v1/estimated/ntaxa-100.dlrate-0.0000000002.psize-50000000/02/g_trees-with-gt3species-wqfm-tree.tre'
Traceback (most recent call last):
  File "/mnt/disk1/wqfm-tree-stuff/experiments/./rfScoreCalculator/getFpFn.py", line 46, in <module>
    estimateTree = readNewickFile(options.estimate_tree)
                   ^^^^^^^^^^^^^^^^^^^^^^^^^^^^^^^^^^^^^
  File "/home/system3/anaconda3/lib/python3.11/site-packages/spruce-1.0-py3.11.egg/spruce/unrooted.py", line 28, in readNewickFile
    f = open(file)
        ^^^^^^^^^^
FileNotFoundError: [Errno 2] No such file or directory: '100taxa/DOI-10-13012-b2idb-5721322_v1/estimated/ntaxa-100.dlrate-0.0000000002.psize-50000000/03/g_trees-with-gt3species-wqfm-tree.tre'

During handling of the above exception, another exception occurred:

Traceback (most recent call last):
  File "/mnt/disk1/wqfm-tree-stuff/experiments/./rfScoreCalculator/getFpFn.py", line 48, in <module>
    estimateTree = parse_tree(readTreesFromRatchet(options.estimate_tree)[0])
                              ^^^^^^^^^^^^^^^^^^^^^^^^^^^^^^^^^^^^^^^^^^^
  File "/home/system3/anaconda3/lib/python3.11/site-packages/spruce-1.0-py3.11.egg/spruce/mrp.py", line 424, in readTreesFromRatchet
FileNotFoundError: [Errno 2] No such file or directory: '100taxa/DOI-10-13012-b2idb-5721322_v1/estimated/ntaxa-100.dlrate-0.0000000002.psize-50000000/03/g_trees-with-gt3species-wqfm-tree.tre'
Traceback (most recent call last):
  File "/mnt/disk1/wqfm-tree-stuff/experiments/./rfScoreCalculator/getFpFn.py", line 46, in <module>
    estimateTree = readNewickFile(options.estimate_tree)
                   ^^^^^^^^^^^^^^^^^^^^^^^^^^^^^^^^^^^^^
  File "/home/system3/anaconda3/lib/python3.11/site-packages/spruce-1.0-py3.11.egg/spruce/unrooted.py", line 28, in readNewickFile
    f = open(file)
        ^^^^^^^^^^
FileNotFoundError: [Errno 2] No such file or directory: '100taxa/DOI-10-13012-b2idb-5721322_v1/estimated/ntaxa-100.dlrate-0.0000000002.psize-50000000/04/g_trees-with-gt3species-wqfm-tree.tre'

During handling of the above exception, another exception occurred:

Traceback (most recent call last):
  File "/mnt/disk1/wqfm-tree-stuff/experiments/./rfScoreCalculator/getFpFn.py", line 48, in <module>
    estimateTree = parse_tree(readTreesFromRatchet(options.estimate_tree)[0])
                              ^^^^^^^^^^^^^^^^^^^^^^^^^^^^^^^^^^^^^^^^^^^
  File "/home/system3/anaconda3/lib/python3.11/site-packages/spruce-1.0-py3.11.egg/spruce/mrp.py", line 424, in readTreesFromRatchet
FileNotFoundError: [Errno 2] No such file or directory: '100taxa/DOI-10-13012-b2idb-5721322_v1/estimated/ntaxa-100.dlrate-0.0000000002.psize-50000000/04/g_trees-with-gt3species-wqfm-tree.tre'
Traceback (most recent call last):
  File "/mnt/disk1/wqfm-tree-stuff/experiments/./rfScoreCalculator/getFpFn.py", line 46, in <module>
    estimateTree = readNewickFile(options.estimate_tree)
                   ^^^^^^^^^^^^^^^^^^^^^^^^^^^^^^^^^^^^^
  File "/home/system3/anaconda3/lib/python3.11/site-packages/spruce-1.0-py3.11.egg/spruce/unrooted.py", line 28, in readNewickFile
    f = open(file)
        ^^^^^^^^^^
FileNotFoundError: [Errno 2] No such file or directory: '100taxa/DOI-10-13012-b2idb-5721322_v1/estimated/ntaxa-100.dlrate-0.0000000002.psize-50000000/05/g_trees-with-gt3species-wqfm-tree.tre'

During handling of the above exception, another exception occurred:

Traceback (most recent call last):
  File "/mnt/disk1/wqfm-tree-stuff/experiments/./rfScoreCalculator/getFpFn.py", line 48, in <module>
    estimateTree = parse_tree(readTreesFromRatchet(options.estimate_tree)[0])
                              ^^^^^^^^^^^^^^^^^^^^^^^^^^^^^^^^^^^^^^^^^^^
  File "/home/system3/anaconda3/lib/python3.11/site-packages/spruce-1.0-py3.11.egg/spruce/mrp.py", line 424, in readTreesFromRatchet
FileNotFoundError: [Errno 2] No such file or directory: '100taxa/DOI-10-13012-b2idb-5721322_v1/estimated/ntaxa-100.dlrate-0.0000000002.psize-50000000/05/g_trees-with-gt3species-wqfm-tree.tre'
Traceback (most recent call last):
  File "/mnt/disk1/wqfm-tree-stuff/experiments/./rfScoreCalculator/getFpFn.py", line 46, in <module>
    estimateTree = readNewickFile(options.estimate_tree)
                   ^^^^^^^^^^^^^^^^^^^^^^^^^^^^^^^^^^^^^
  File "/home/system3/anaconda3/lib/python3.11/site-packages/spruce-1.0-py3.11.egg/spruce/unrooted.py", line 28, in readNewickFile
    f = open(file)
        ^^^^^^^^^^
FileNotFoundError: [Errno 2] No such file or directory: '100taxa/DOI-10-13012-b2idb-5721322_v1/estimated/ntaxa-100.dlrate-0.0000000002.psize-50000000/06/g_trees-with-gt3species-wqfm-tree.tre'

During handling of the above exception, another exception occurred:

Traceback (most recent call last):
  File "/mnt/disk1/wqfm-tree-stuff/experiments/./rfScoreCalculator/getFpFn.py", line 48, in <module>
    estimateTree = parse_tree(readTreesFromRatchet(options.estimate_tree)[0])
                              ^^^^^^^^^^^^^^^^^^^^^^^^^^^^^^^^^^^^^^^^^^^
  File "/home/system3/anaconda3/lib/python3.11/site-packages/spruce-1.0-py3.11.egg/spruce/mrp.py", line 424, in readTreesFromRatchet
FileNotFoundError: [Errno 2] No such file or directory: '100taxa/DOI-10-13012-b2idb-5721322_v1/estimated/ntaxa-100.dlrate-0.0000000002.psize-50000000/06/g_trees-with-gt3species-wqfm-tree.tre'
Traceback (most recent call last):
  File "/mnt/disk1/wqfm-tree-stuff/experiments/./rfScoreCalculator/getFpFn.py", line 46, in <module>
    estimateTree = readNewickFile(options.estimate_tree)
                   ^^^^^^^^^^^^^^^^^^^^^^^^^^^^^^^^^^^^^
  File "/home/system3/anaconda3/lib/python3.11/site-packages/spruce-1.0-py3.11.egg/spruce/unrooted.py", line 28, in readNewickFile
    f = open(file)
        ^^^^^^^^^^
FileNotFoundError: [Errno 2] No such file or directory: '100taxa/DOI-10-13012-b2idb-5721322_v1/estimated/ntaxa-100.dlrate-0.0000000002.psize-50000000/07/g_trees-with-gt3species-wqfm-tree.tre'

During handling of the above exception, another exception occurred:

Traceback (most recent call last):
  File "/mnt/disk1/wqfm-tree-stuff/experiments/./rfScoreCalculator/getFpFn.py", line 48, in <module>
    estimateTree = parse_tree(readTreesFromRatchet(options.estimate_tree)[0])
                              ^^^^^^^^^^^^^^^^^^^^^^^^^^^^^^^^^^^^^^^^^^^
  File "/home/system3/anaconda3/lib/python3.11/site-packages/spruce-1.0-py3.11.egg/spruce/mrp.py", line 424, in readTreesFromRatchet
FileNotFoundError: [Errno 2] No such file or directory: '100taxa/DOI-10-13012-b2idb-5721322_v1/estimated/ntaxa-100.dlrate-0.0000000002.psize-50000000/07/g_trees-with-gt3species-wqfm-tree.tre'
Traceback (most recent call last):
  File "/mnt/disk1/wqfm-tree-stuff/experiments/./rfScoreCalculator/getFpFn.py", line 46, in <module>
    estimateTree = readNewickFile(options.estimate_tree)
                   ^^^^^^^^^^^^^^^^^^^^^^^^^^^^^^^^^^^^^
  File "/home/system3/anaconda3/lib/python3.11/site-packages/spruce-1.0-py3.11.egg/spruce/unrooted.py", line 28, in readNewickFile
    f = open(file)
        ^^^^^^^^^^
FileNotFoundError: [Errno 2] No such file or directory: '100taxa/DOI-10-13012-b2idb-5721322_v1/estimated/ntaxa-100.dlrate-0.0000000002.psize-50000000/08/g_trees-with-gt3species-wqfm-tree.tre'

During handling of the above exception, another exception occurred:

Traceback (most recent call last):
  File "/mnt/disk1/wqfm-tree-stuff/experiments/./rfScoreCalculator/getFpFn.py", line 48, in <module>
    estimateTree = parse_tree(readTreesFromRatchet(options.estimate_tree)[0])
                              ^^^^^^^^^^^^^^^^^^^^^^^^^^^^^^^^^^^^^^^^^^^
  File "/home/system3/anaconda3/lib/python3.11/site-packages/spruce-1.0-py3.11.egg/spruce/mrp.py", line 424, in readTreesFromRatchet
FileNotFoundError: [Errno 2] No such file or directory: '100taxa/DOI-10-13012-b2idb-5721322_v1/estimated/ntaxa-100.dlrate-0.0000000002.psize-50000000/08/g_trees-with-gt3species-wqfm-tree.tre'
Traceback (most recent call last):
  File "/mnt/disk1/wqfm-tree-stuff/experiments/./rfScoreCalculator/getFpFn.py", line 46, in <module>
    estimateTree = readNewickFile(options.estimate_tree)
                   ^^^^^^^^^^^^^^^^^^^^^^^^^^^^^^^^^^^^^
  File "/home/system3/anaconda3/lib/python3.11/site-packages/spruce-1.0-py3.11.egg/spruce/unrooted.py", line 28, in readNewickFile
    f = open(file)
        ^^^^^^^^^^
FileNotFoundError: [Errno 2] No such file or directory: '100taxa/DOI-10-13012-b2idb-5721322_v1/estimated/ntaxa-100.dlrate-0.0000000002.psize-50000000/09/g_trees-with-gt3species-wqfm-tree.tre'

During handling of the above exception, another exception occurred:

Traceback (most recent call last):
  File "/mnt/disk1/wqfm-tree-stuff/experiments/./rfScoreCalculator/getFpFn.py", line 48, in <module>
    estimateTree = parse_tree(readTreesFromRatchet(options.estimate_tree)[0])
                              ^^^^^^^^^^^^^^^^^^^^^^^^^^^^^^^^^^^^^^^^^^^
  File "/home/system3/anaconda3/lib/python3.11/site-packages/spruce-1.0-py3.11.egg/spruce/mrp.py", line 424, in readTreesFromRatchet
FileNotFoundError: [Errno 2] No such file or directory: '100taxa/DOI-10-13012-b2idb-5721322_v1/estimated/ntaxa-100.dlrate-0.0000000002.psize-50000000/09/g_trees-with-gt3species-wqfm-tree.tre'
Traceback (most recent call last):
  File "/mnt/disk1/wqfm-tree-stuff/experiments/./rfScoreCalculator/getFpFn.py", line 46, in <module>
    estimateTree = readNewickFile(options.estimate_tree)
                   ^^^^^^^^^^^^^^^^^^^^^^^^^^^^^^^^^^^^^
  File "/home/system3/anaconda3/lib/python3.11/site-packages/spruce-1.0-py3.11.egg/spruce/unrooted.py", line 28, in readNewickFile
    f = open(file)
        ^^^^^^^^^^
FileNotFoundError: [Errno 2] No such file or directory: '100taxa/DOI-10-13012-b2idb-5721322_v1/estimated/ntaxa-100.dlrate-0.0000000002.psize-50000000/10/g_trees-with-gt3species-wqfm-tree.tre'

During handling of the above exception, another exception occurred:

Traceback (most recent call last):
  File "/mnt/disk1/wqfm-tree-stuff/experiments/./rfScoreCalculator/getFpFn.py", line 48, in <module>
    estimateTree = parse_tree(readTreesFromRatchet(options.estimate_tree)[0])
                              ^^^^^^^^^^^^^^^^^^^^^^^^^^^^^^^^^^^^^^^^^^^
  File "/home/system3/anaconda3/lib/python3.11/site-packages/spruce-1.0-py3.11.egg/spruce/mrp.py", line 424, in readTreesFromRatchet
FileNotFoundError: [Errno 2] No such file or directory: '100taxa/DOI-10-13012-b2idb-5721322_v1/estimated/ntaxa-100.dlrate-0.0000000002.psize-50000000/10/g_trees-with-gt3species-wqfm-tree.tre'
Traceback (most recent call last):
  File "/mnt/disk1/wqfm-tree-stuff/experiments/./scripts/rfAverager.py", line 17, in <module>
    print('({})'.format(','.join(map(str, [sm[i] / count for i in range(len(sm))]))))
                                          ^^^^^^^^^^^^^^^^^^^^^^^^^^^^^^^^^^^^^^^
  File "/mnt/disk1/wqfm-tree-stuff/experiments/./scripts/rfAverager.py", line 17, in <listcomp>
    print('({})'.format(','.join(map(str, [sm[i] / count for i in range(len(sm))]))))
                                           ~~~~~~^~~~~~~
ZeroDivisionError: division by zero
